{"/home/alegzandr/dev/pitch-songs/src/App.tsx": {"path":"/home/alegzandr/dev/pitch-songs/src/App.tsx","all":false,"statementMap":{"0":{"start":{"line":1,"column":0},"end":{"line":1,"column":57}},"1":{"start":{"line":2,"column":0},"end":{"line":2,"column":47}},"2":{"start":{"line":3,"column":0},"end":{"line":3,"column":49}},"3":{"start":{"line":4,"column":0},"end":{"line":4,"column":57}},"4":{"start":{"line":5,"column":0},"end":{"line":5,"column":61}},"6":{"start":{"line":7,"column":0},"end":{"line":7,"column":65}},"7":{"start":{"line":8,"column":0},"end":{"line":8,"column":55}},"8":{"start":{"line":9,"column":0},"end":{"line":9,"column":65}},"9":{"start":{"line":10,"column":0},"end":{"line":10,"column":62}},"10":{"start":{"line":11,"column":0},"end":{"line":11,"column":51}},"12":{"start":{"line":13,"column":0},"end":{"line":13,"column":16}},"13":{"start":{"line":14,"column":0},"end":{"line":14,"column":39}},"14":{"start":{"line":15,"column":0},"end":{"line":15,"column":9}},"15":{"start":{"line":16,"column":0},"end":{"line":16,"column":10}},"16":{"start":{"line":17,"column":0},"end":{"line":17,"column":17}},"17":{"start":{"line":18,"column":0},"end":{"line":18,"column":20}},"18":{"start":{"line":19,"column":0},"end":{"line":19,"column":11}},"19":{"start":{"line":20,"column":0},"end":{"line":20,"column":18}},"20":{"start":{"line":21,"column":0},"end":{"line":21,"column":17}},"21":{"start":{"line":22,"column":0},"end":{"line":22,"column":14}},"22":{"start":{"line":23,"column":0},"end":{"line":23,"column":14}},"23":{"start":{"line":24,"column":0},"end":{"line":24,"column":16}},"24":{"start":{"line":25,"column":0},"end":{"line":25,"column":17}},"25":{"start":{"line":26,"column":0},"end":{"line":26,"column":10}},"26":{"start":{"line":27,"column":0},"end":{"line":27,"column":26}},"28":{"start":{"line":29,"column":0},"end":{"line":29,"column":44}},"30":{"start":{"line":31,"column":0},"end":{"line":31,"column":52}},"31":{"start":{"line":32,"column":0},"end":{"line":32,"column":19}},"32":{"start":{"line":33,"column":0},"end":{"line":33,"column":37}},"33":{"start":{"line":34,"column":0},"end":{"line":34,"column":50}},"35":{"start":{"line":36,"column":0},"end":{"line":36,"column":82}},"36":{"start":{"line":37,"column":0},"end":{"line":37,"column":57}},"37":{"start":{"line":38,"column":0},"end":{"line":38,"column":72}},"38":{"start":{"line":39,"column":0},"end":{"line":39,"column":18}},"39":{"start":{"line":40,"column":0},"end":{"line":40,"column":46}},"40":{"start":{"line":41,"column":0},"end":{"line":41,"column":43}},"41":{"start":{"line":42,"column":0},"end":{"line":42,"column":40}},"42":{"start":{"line":43,"column":0},"end":{"line":43,"column":7}},"43":{"start":{"line":44,"column":0},"end":{"line":44,"column":44}},"44":{"start":{"line":45,"column":0},"end":{"line":45,"column":6}},"46":{"start":{"line":47,"column":0},"end":{"line":47,"column":56}},"47":{"start":{"line":48,"column":0},"end":{"line":48,"column":50}},"48":{"start":{"line":49,"column":0},"end":{"line":49,"column":53}},"49":{"start":{"line":50,"column":0},"end":{"line":50,"column":65}},"50":{"start":{"line":51,"column":0},"end":{"line":51,"column":52}},"51":{"start":{"line":52,"column":0},"end":{"line":52,"column":64}},"52":{"start":{"line":53,"column":0},"end":{"line":53,"column":25}},"54":{"start":{"line":55,"column":0},"end":{"line":55,"column":72}},"55":{"start":{"line":56,"column":0},"end":{"line":56,"column":25}},"56":{"start":{"line":57,"column":0},"end":{"line":57,"column":20}},"57":{"start":{"line":58,"column":0},"end":{"line":58,"column":5}},"59":{"start":{"line":60,"column":0},"end":{"line":60,"column":39}},"60":{"start":{"line":61,"column":0},"end":{"line":61,"column":27}},"61":{"start":{"line":62,"column":0},"end":{"line":62,"column":32}},"62":{"start":{"line":63,"column":0},"end":{"line":63,"column":6}},"63":{"start":{"line":64,"column":0},"end":{"line":64,"column":19}},"66":{"start":{"line":67,"column":0},"end":{"line":67,"column":72}},"67":{"start":{"line":68,"column":0},"end":{"line":68,"column":32}},"68":{"start":{"line":69,"column":0},"end":{"line":69,"column":9}},"70":{"start":{"line":71,"column":0},"end":{"line":71,"column":49}},"71":{"start":{"line":72,"column":0},"end":{"line":72,"column":9}},"72":{"start":{"line":73,"column":0},"end":{"line":73,"column":26}},"73":{"start":{"line":74,"column":0},"end":{"line":74,"column":56}},"74":{"start":{"line":75,"column":0},"end":{"line":75,"column":50}},"75":{"start":{"line":76,"column":0},"end":{"line":76,"column":29}},"76":{"start":{"line":77,"column":0},"end":{"line":77,"column":42}},"77":{"start":{"line":78,"column":0},"end":{"line":78,"column":64}},"78":{"start":{"line":79,"column":0},"end":{"line":79,"column":9}},"79":{"start":{"line":80,"column":0},"end":{"line":80,"column":21}},"80":{"start":{"line":81,"column":0},"end":{"line":81,"column":48}},"81":{"start":{"line":82,"column":0},"end":{"line":82,"column":5}},"82":{"start":{"line":83,"column":0},"end":{"line":83,"column":37}},"84":{"start":{"line":85,"column":0},"end":{"line":85,"column":40}},"85":{"start":{"line":86,"column":0},"end":{"line":86,"column":26}},"86":{"start":{"line":87,"column":0},"end":{"line":87,"column":33}},"87":{"start":{"line":88,"column":0},"end":{"line":88,"column":5}},"88":{"start":{"line":89,"column":0},"end":{"line":89,"column":35}},"90":{"start":{"line":91,"column":0},"end":{"line":91,"column":48}},"91":{"start":{"line":92,"column":0},"end":{"line":92,"column":9}},"92":{"start":{"line":93,"column":0},"end":{"line":93,"column":26}},"93":{"start":{"line":94,"column":0},"end":{"line":94,"column":21}},"94":{"start":{"line":95,"column":0},"end":{"line":95,"column":44}},"95":{"start":{"line":96,"column":0},"end":{"line":96,"column":5}},"96":{"start":{"line":97,"column":0},"end":{"line":97,"column":20}},"98":{"start":{"line":99,"column":0},"end":{"line":99,"column":10}},"99":{"start":{"line":100,"column":0},"end":{"line":100,"column":65}},"101":{"start":{"line":102,"column":0},"end":{"line":102,"column":50}},"102":{"start":{"line":103,"column":0},"end":{"line":103,"column":87}},"103":{"start":{"line":104,"column":0},"end":{"line":104,"column":17}},"104":{"start":{"line":105,"column":0},"end":{"line":105,"column":27}},"105":{"start":{"line":106,"column":0},"end":{"line":106,"column":52}},"106":{"start":{"line":107,"column":0},"end":{"line":107,"column":109}},"108":{"start":{"line":109,"column":0},"end":{"line":109,"column":160}},"109":{"start":{"line":110,"column":0},"end":{"line":110,"column":55}},"111":{"start":{"line":112,"column":0},"end":{"line":112,"column":39}},"112":{"start":{"line":113,"column":0},"end":{"line":113,"column":82}},"113":{"start":{"line":114,"column":0},"end":{"line":114,"column":32}},"115":{"start":{"line":116,"column":0},"end":{"line":116,"column":77}},"116":{"start":{"line":117,"column":0},"end":{"line":117,"column":35}},"120":{"start":{"line":121,"column":0},"end":{"line":121,"column":51}},"121":{"start":{"line":122,"column":0},"end":{"line":122,"column":32}},"122":{"start":{"line":123,"column":0},"end":{"line":123,"column":19}},"123":{"start":{"line":124,"column":0},"end":{"line":124,"column":35}},"124":{"start":{"line":125,"column":0},"end":{"line":125,"column":57}},"125":{"start":{"line":126,"column":0},"end":{"line":126,"column":113}},"127":{"start":{"line":128,"column":0},"end":{"line":128,"column":36}},"128":{"start":{"line":129,"column":0},"end":{"line":129,"column":93}},"130":{"start":{"line":131,"column":0},"end":{"line":131,"column":92}},"138":{"start":{"line":139,"column":0},"end":{"line":139,"column":52}},"139":{"start":{"line":140,"column":0},"end":{"line":140,"column":35}},"141":{"start":{"line":142,"column":0},"end":{"line":142,"column":27}},"142":{"start":{"line":143,"column":0},"end":{"line":143,"column":90}},"143":{"start":{"line":144,"column":0},"end":{"line":144,"column":80}},"144":{"start":{"line":145,"column":0},"end":{"line":145,"column":29}},"150":{"start":{"line":151,"column":0},"end":{"line":151,"column":23}},"151":{"start":{"line":152,"column":0},"end":{"line":152,"column":43}},"152":{"start":{"line":153,"column":0},"end":{"line":153,"column":39}},"153":{"start":{"line":154,"column":0},"end":{"line":154,"column":36}},"157":{"start":{"line":158,"column":0},"end":{"line":158,"column":48}},"158":{"start":{"line":159,"column":0},"end":{"line":159,"column":51}},"159":{"start":{"line":160,"column":0},"end":{"line":160,"column":65}},"160":{"start":{"line":161,"column":0},"end":{"line":161,"column":48}},"161":{"start":{"line":162,"column":0},"end":{"line":162,"column":122}},"162":{"start":{"line":163,"column":0},"end":{"line":163,"column":38}},"164":{"start":{"line":165,"column":0},"end":{"line":165,"column":96}},"165":{"start":{"line":166,"column":0},"end":{"line":166,"column":39}},"168":{"start":{"line":169,"column":0},"end":{"line":169,"column":49}},"169":{"start":{"line":170,"column":0},"end":{"line":170,"column":122}},"170":{"start":{"line":171,"column":0},"end":{"line":171,"column":37}},"172":{"start":{"line":173,"column":0},"end":{"line":173,"column":89}},"173":{"start":{"line":174,"column":0},"end":{"line":174,"column":69}},"181":{"start":{"line":182,"column":0},"end":{"line":182,"column":48}},"182":{"start":{"line":183,"column":0},"end":{"line":183,"column":14}},"183":{"start":{"line":184,"column":0},"end":{"line":184,"column":29}},"184":{"start":{"line":185,"column":0},"end":{"line":185,"column":45}},"185":{"start":{"line":186,"column":0},"end":{"line":186,"column":64}},"189":{"start":{"line":190,"column":0},"end":{"line":190,"column":21}},"190":{"start":{"line":191,"column":0},"end":{"line":191,"column":39}},"191":{"start":{"line":192,"column":0},"end":{"line":192,"column":64}},"192":{"start":{"line":193,"column":0},"end":{"line":193,"column":94}},"193":{"start":{"line":194,"column":0},"end":{"line":194,"column":28}},"196":{"start":{"line":197,"column":0},"end":{"line":197,"column":20}},"197":{"start":{"line":198,"column":0},"end":{"line":198,"column":59}},"198":{"start":{"line":199,"column":0},"end":{"line":199,"column":133}},"199":{"start":{"line":200,"column":0},"end":{"line":200,"column":106}},"200":{"start":{"line":201,"column":0},"end":{"line":201,"column":19}},"201":{"start":{"line":202,"column":0},"end":{"line":202,"column":18}},"203":{"start":{"line":204,"column":0},"end":{"line":204,"column":83}},"209":{"start":{"line":210,"column":0},"end":{"line":210,"column":55}},"210":{"start":{"line":211,"column":0},"end":{"line":211,"column":24}},"211":{"start":{"line":212,"column":0},"end":{"line":212,"column":39}},"212":{"start":{"line":213,"column":0},"end":{"line":213,"column":66}},"213":{"start":{"line":214,"column":0},"end":{"line":214,"column":87}},"218":{"start":{"line":219,"column":0},"end":{"line":219,"column":49}},"219":{"start":{"line":220,"column":0},"end":{"line":220,"column":29}},"220":{"start":{"line":221,"column":0},"end":{"line":221,"column":41}},"221":{"start":{"line":222,"column":0},"end":{"line":222,"column":33}},"222":{"start":{"line":223,"column":0},"end":{"line":223,"column":32}},"223":{"start":{"line":224,"column":0},"end":{"line":224,"column":29}},"224":{"start":{"line":225,"column":0},"end":{"line":225,"column":37}},"225":{"start":{"line":226,"column":0},"end":{"line":226,"column":29}},"226":{"start":{"line":227,"column":0},"end":{"line":227,"column":43}},"227":{"start":{"line":228,"column":0},"end":{"line":228,"column":46}},"228":{"start":{"line":229,"column":0},"end":{"line":229,"column":47}},"229":{"start":{"line":230,"column":0},"end":{"line":230,"column":43}},"235":{"start":{"line":236,"column":0},"end":{"line":236,"column":69}},"236":{"start":{"line":237,"column":0},"end":{"line":237,"column":61}},"237":{"start":{"line":238,"column":0},"end":{"line":238,"column":84}},"238":{"start":{"line":239,"column":0},"end":{"line":239,"column":44}},"240":{"start":{"line":241,"column":0},"end":{"line":241,"column":75}},"241":{"start":{"line":242,"column":0},"end":{"line":242,"column":43}},"244":{"start":{"line":245,"column":0},"end":{"line":245,"column":61}},"245":{"start":{"line":246,"column":0},"end":{"line":246,"column":84}},"246":{"start":{"line":247,"column":0},"end":{"line":247,"column":43}},"248":{"start":{"line":249,"column":0},"end":{"line":249,"column":75}},"249":{"start":{"line":250,"column":0},"end":{"line":250,"column":42}},"252":{"start":{"line":253,"column":0},"end":{"line":253,"column":61}},"253":{"start":{"line":254,"column":0},"end":{"line":254,"column":84}},"254":{"start":{"line":255,"column":0},"end":{"line":255,"column":42}},"256":{"start":{"line":257,"column":0},"end":{"line":257,"column":75}},"257":{"start":{"line":258,"column":0},"end":{"line":258,"column":41}},"264":{"start":{"line":265,"column":0},"end":{"line":265,"column":49}},"265":{"start":{"line":266,"column":0},"end":{"line":266,"column":71}},"266":{"start":{"line":267,"column":0},"end":{"line":267,"column":29}},"271":{"start":{"line":272,"column":0},"end":{"line":272,"column":1}},"273":{"start":{"line":274,"column":0},"end":{"line":274,"column":19}}},"s":{"0":1,"1":1,"2":1,"3":1,"4":1,"6":1,"7":1,"8":1,"9":1,"10":1,"12":13,"13":13,"14":13,"15":13,"16":13,"17":13,"18":13,"19":13,"20":13,"21":13,"22":13,"23":13,"24":13,"25":13,"26":13,"28":13,"30":13,"31":13,"32":13,"33":13,"35":13,"36":78,"37":78,"38":78,"39":54,"40":54,"41":54,"42":54,"43":78,"44":78,"46":13,"47":13,"48":13,"49":13,"50":13,"51":13,"52":13,"54":13,"55":13,"56":13,"57":13,"59":13,"60":13,"61":1,"62":1,"63":13,"66":13,"67":4,"68":13,"70":13,"71":2,"72":2,"73":2,"74":2,"75":2,"76":2,"77":2,"78":2,"79":1,"80":1,"81":1,"82":13,"84":13,"85":1,"86":1,"87":1,"88":13,"90":13,"91":2,"92":2,"93":1,"94":1,"95":1,"96":13,"98":13,"99":13,"101":13,"102":13,"103":13,"104":13,"105":13,"106":13,"108":13,"109":13,"111":13,"112":13,"113":13,"115":13,"116":13,"120":13,"121":13,"122":13,"123":13,"124":13,"125":13,"127":13,"128":13,"130":13,"138":13,"139":13,"141":13,"142":13,"143":13,"144":13,"150":13,"151":13,"152":13,"153":13,"157":13,"158":13,"159":13,"160":13,"161":13,"162":13,"164":13,"165":13,"168":13,"169":13,"170":13,"172":13,"173":13,"181":13,"182":13,"183":13,"184":13,"185":13,"189":13,"190":13,"191":13,"192":13,"193":13,"196":13,"197":13,"198":5,"199":2,"200":13,"201":13,"203":13,"209":13,"210":13,"211":13,"212":13,"213":13,"218":13,"219":13,"220":13,"221":13,"222":13,"223":13,"224":13,"225":13,"226":13,"227":13,"228":13,"229":13,"235":13,"236":13,"237":13,"238":13,"240":13,"241":13,"244":13,"245":13,"246":13,"248":13,"249":13,"252":13,"253":13,"254":13,"256":13,"257":13,"264":13,"265":13,"266":13,"271":13,"273":1},"branchMap":{"0":{"type":"branch","line":13,"loc":{"start":{"line":13,"column":0},"end":{"line":272,"column":1}},"locations":[{"start":{"line":13,"column":0},"end":{"line":272,"column":1}}]},"1":{"type":"branch","line":158,"loc":{"start":{"line":158,"column":11},"end":{"line":158,"column":43}},"locations":[{"start":{"line":158,"column":11},"end":{"line":158,"column":43}}]},"2":{"type":"branch","line":182,"loc":{"start":{"line":182,"column":11},"end":{"line":182,"column":43}},"locations":[{"start":{"line":182,"column":11},"end":{"line":182,"column":43}}]},"3":{"type":"branch","line":186,"loc":{"start":{"line":186,"column":44},"end":{"line":186,"column":63}},"locations":[{"start":{"line":186,"column":44},"end":{"line":186,"column":63}}]},"4":{"type":"branch","line":192,"loc":{"start":{"line":192,"column":44},"end":{"line":192,"column":63}},"locations":[{"start":{"line":192,"column":44},"end":{"line":192,"column":63}}]},"5":{"type":"branch","line":193,"loc":{"start":{"line":193,"column":46},"end":{"line":193,"column":75}},"locations":[{"start":{"line":193,"column":46},"end":{"line":193,"column":75}}]},"6":{"type":"branch","line":193,"loc":{"start":{"line":193,"column":51},"end":{"line":193,"column":94}},"locations":[{"start":{"line":193,"column":51},"end":{"line":193,"column":94}}]},"7":{"type":"branch","line":198,"loc":{"start":{"line":198,"column":39},"end":{"line":198,"column":59}},"locations":[{"start":{"line":198,"column":39},"end":{"line":198,"column":59}}]},"8":{"type":"branch","line":199,"loc":{"start":{"line":199,"column":-1},"end":{"line":199,"column":133}},"locations":[{"start":{"line":199,"column":-1},"end":{"line":199,"column":133}}]},"9":{"type":"branch","line":199,"loc":{"start":{"line":199,"column":24},"end":{"line":200,"column":106}},"locations":[{"start":{"line":199,"column":24},"end":{"line":200,"column":106}}]},"10":{"type":"branch","line":204,"loc":{"start":{"line":204,"column":35},"end":{"line":204,"column":64}},"locations":[{"start":{"line":204,"column":35},"end":{"line":204,"column":64}}]},"11":{"type":"branch","line":204,"loc":{"start":{"line":204,"column":40},"end":{"line":204,"column":83}},"locations":[{"start":{"line":204,"column":40},"end":{"line":204,"column":83}}]},"12":{"type":"branch","line":210,"loc":{"start":{"line":210,"column":30},"end":{"line":210,"column":48}},"locations":[{"start":{"line":210,"column":30},"end":{"line":210,"column":48}}]},"13":{"type":"branch","line":213,"loc":{"start":{"line":213,"column":46},"end":{"line":213,"column":65}},"locations":[{"start":{"line":213,"column":46},"end":{"line":213,"column":65}}]},"14":{"type":"branch","line":214,"loc":{"start":{"line":214,"column":38},"end":{"line":214,"column":63}},"locations":[{"start":{"line":214,"column":38},"end":{"line":214,"column":63}}]},"15":{"type":"branch","line":214,"loc":{"start":{"line":214,"column":43},"end":{"line":214,"column":87}},"locations":[{"start":{"line":214,"column":43},"end":{"line":214,"column":87}}]},"16":{"type":"branch","line":219,"loc":{"start":{"line":219,"column":12},"end":{"line":219,"column":42}},"locations":[{"start":{"line":219,"column":12},"end":{"line":219,"column":42}}]},"17":{"type":"branch","line":32,"loc":{"start":{"line":32,"column":12},"end":{"line":53,"column":5}},"locations":[{"start":{"line":32,"column":12},"end":{"line":53,"column":5}}]},"18":{"type":"branch","line":36,"loc":{"start":{"line":36,"column":26},"end":{"line":45,"column":6}},"locations":[{"start":{"line":36,"column":26},"end":{"line":45,"column":6}}]},"19":{"type":"branch","line":37,"loc":{"start":{"line":37,"column":24},"end":{"line":37,"column":50}},"locations":[{"start":{"line":37,"column":24},"end":{"line":37,"column":50}}]},"20":{"type":"branch","line":37,"loc":{"start":{"line":37,"column":37},"end":{"line":37,"column":57}},"locations":[{"start":{"line":37,"column":37},"end":{"line":37,"column":57}}]},"21":{"type":"branch","line":39,"loc":{"start":{"line":39,"column":17},"end":{"line":43,"column":7}},"locations":[{"start":{"line":39,"column":17},"end":{"line":43,"column":7}}]},"22":{"type":"branch","line":61,"loc":{"start":{"line":61,"column":4},"end":{"line":63,"column":6}},"locations":[{"start":{"line":61,"column":4},"end":{"line":63,"column":6}}]},"23":{"type":"branch","line":67,"loc":{"start":{"line":67,"column":41},"end":{"line":69,"column":5}},"locations":[{"start":{"line":67,"column":41},"end":{"line":69,"column":5}}]},"24":{"type":"branch","line":71,"loc":{"start":{"line":71,"column":36},"end":{"line":83,"column":5}},"locations":[{"start":{"line":71,"column":36},"end":{"line":83,"column":5}}]},"25":{"type":"branch","line":79,"loc":{"start":{"line":79,"column":6},"end":{"line":82,"column":5}},"locations":[{"start":{"line":79,"column":6},"end":{"line":82,"column":5}}]},"26":{"type":"branch","line":85,"loc":{"start":{"line":85,"column":33},"end":{"line":89,"column":5}},"locations":[{"start":{"line":85,"column":33},"end":{"line":89,"column":5}}]},"27":{"type":"branch","line":91,"loc":{"start":{"line":91,"column":35},"end":{"line":97,"column":5}},"locations":[{"start":{"line":91,"column":35},"end":{"line":97,"column":5}}]},"28":{"type":"branch","line":93,"loc":{"start":{"line":93,"column":12},"end":{"line":96,"column":5}},"locations":[{"start":{"line":93,"column":12},"end":{"line":96,"column":5}}]}},"b":{"0":[13],"1":[7],"2":[7],"3":[5],"4":[5],"5":[2],"6":[5],"7":[5],"8":[5],"9":[2],"10":[2],"11":[5],"12":[11],"13":[1],"14":[1],"15":[2],"16":[8],"17":[13],"18":[78],"19":[26],"20":[52],"21":[54],"22":[1],"23":[4],"24":[2],"25":[1],"26":[1],"27":[2],"28":[1]},"fnMap":{"0":{"name":"App","decl":{"start":{"line":13,"column":0},"end":{"line":272,"column":1}},"loc":{"start":{"line":13,"column":0},"end":{"line":272,"column":1}},"line":13},"1":{"name":"updateMetaTag","decl":{"start":{"line":36,"column":26},"end":{"line":45,"column":6}},"loc":{"start":{"line":36,"column":26},"end":{"line":45,"column":6}},"line":36}},"f":{"0":13,"1":78}}
,"/home/alegzandr/dev/pitch-songs/src/main.tsx": {"path":"/home/alegzandr/dev/pitch-songs/src/main.tsx","all":false,"statementMap":{"0":{"start":{"line":1,"column":0},"end":{"line":1,"column":34}},"1":{"start":{"line":2,"column":0},"end":{"line":2,"column":45}},"2":{"start":{"line":3,"column":0},"end":{"line":3,"column":20}},"3":{"start":{"line":4,"column":0},"end":{"line":4,"column":22}},"4":{"start":{"line":5,"column":0},"end":{"line":5,"column":27}},"5":{"start":{"line":6,"column":0},"end":{"line":6,"column":55}},"7":{"start":{"line":8,"column":0},"end":{"line":8,"column":52}},"8":{"start":{"line":9,"column":0},"end":{"line":9,"column":14}},"9":{"start":{"line":10,"column":0},"end":{"line":10,"column":19}},"10":{"start":{"line":11,"column":0},"end":{"line":11,"column":13}}},"s":{"0":1,"1":1,"2":1,"3":1,"4":1,"5":1,"7":1,"8":1,"9":1,"10":1},"branchMap":{},"b":{},"fnMap":{},"f":{}}
,"/home/alegzandr/dev/pitch-songs/src/components/EffectControls.tsx": {"path":"/home/alegzandr/dev/pitch-songs/src/components/EffectControls.tsx","all":false,"statementMap":{"0":{"start":{"line":1,"column":0},"end":{"line":1,"column":44}},"16":{"start":{"line":17,"column":0},"end":{"line":17,"column":77}},"17":{"start":{"line":18,"column":0},"end":{"line":18,"column":33}},"18":{"start":{"line":19,"column":0},"end":{"line":19,"column":85}},"19":{"start":{"line":20,"column":0},"end":{"line":20,"column":62}},"20":{"start":{"line":21,"column":0},"end":{"line":21,"column":56}},"21":{"start":{"line":22,"column":0},"end":{"line":22,"column":46}},"22":{"start":{"line":23,"column":0},"end":{"line":23,"column":68}},"24":{"start":{"line":25,"column":0},"end":{"line":25,"column":19}},"25":{"start":{"line":26,"column":0},"end":{"line":26,"column":30}},"26":{"start":{"line":27,"column":0},"end":{"line":27,"column":53}},"27":{"start":{"line":28,"column":0},"end":{"line":28,"column":40}},"28":{"start":{"line":29,"column":0},"end":{"line":29,"column":55}},"29":{"start":{"line":30,"column":0},"end":{"line":30,"column":12}},"30":{"start":{"line":31,"column":0},"end":{"line":31,"column":87}},"31":{"start":{"line":32,"column":0},"end":{"line":32,"column":5}},"32":{"start":{"line":33,"column":0},"end":{"line":33,"column":85}},"34":{"start":{"line":35,"column":0},"end":{"line":35,"column":10}},"35":{"start":{"line":36,"column":0},"end":{"line":36,"column":31}},"37":{"start":{"line":38,"column":0},"end":{"line":38,"column":46}},"38":{"start":{"line":39,"column":0},"end":{"line":39,"column":15}},"39":{"start":{"line":40,"column":0},"end":{"line":40,"column":45}},"40":{"start":{"line":41,"column":0},"end":{"line":41,"column":29}},"41":{"start":{"line":42,"column":0},"end":{"line":42,"column":44}},"42":{"start":{"line":43,"column":0},"end":{"line":43,"column":43}},"43":{"start":{"line":44,"column":0},"end":{"line":44,"column":22}},"47":{"start":{"line":48,"column":0},"end":{"line":48,"column":14}},"48":{"start":{"line":49,"column":0},"end":{"line":49,"column":33}},"49":{"start":{"line":50,"column":0},"end":{"line":50,"column":98}},"50":{"start":{"line":51,"column":0},"end":{"line":51,"column":47}},"52":{"start":{"line":53,"column":0},"end":{"line":53,"column":76}},"53":{"start":{"line":54,"column":0},"end":{"line":54,"column":12}},"55":{"start":{"line":56,"column":0},"end":{"line":56,"column":75}},"56":{"start":{"line":57,"column":0},"end":{"line":57,"column":163}},"57":{"start":{"line":58,"column":0},"end":{"line":58,"column":120}},"58":{"start":{"line":59,"column":0},"end":{"line":59,"column":36}},"62":{"start":{"line":63,"column":0},"end":{"line":63,"column":15}},"63":{"start":{"line":64,"column":0},"end":{"line":64,"column":48}},"64":{"start":{"line":65,"column":0},"end":{"line":65,"column":29}},"65":{"start":{"line":66,"column":0},"end":{"line":66,"column":47}},"66":{"start":{"line":67,"column":0},"end":{"line":67,"column":46}},"67":{"start":{"line":68,"column":0},"end":{"line":68,"column":22}},"71":{"start":{"line":72,"column":0},"end":{"line":72,"column":14}},"72":{"start":{"line":73,"column":0},"end":{"line":73,"column":36}},"73":{"start":{"line":74,"column":0},"end":{"line":74,"column":98}},"74":{"start":{"line":75,"column":0},"end":{"line":75,"column":47}},"76":{"start":{"line":77,"column":0},"end":{"line":77,"column":76}},"77":{"start":{"line":78,"column":0},"end":{"line":78,"column":12}},"79":{"start":{"line":80,"column":0},"end":{"line":80,"column":75}},"80":{"start":{"line":81,"column":0},"end":{"line":81,"column":168}},"81":{"start":{"line":82,"column":0},"end":{"line":82,"column":123}},"82":{"start":{"line":83,"column":0},"end":{"line":83,"column":39}},"86":{"start":{"line":87,"column":0},"end":{"line":87,"column":15}},"87":{"start":{"line":88,"column":0},"end":{"line":88,"column":42}},"88":{"start":{"line":89,"column":0},"end":{"line":89,"column":29}},"89":{"start":{"line":90,"column":0},"end":{"line":90,"column":41}},"90":{"start":{"line":91,"column":0},"end":{"line":91,"column":40}},"91":{"start":{"line":92,"column":0},"end":{"line":92,"column":22}},"95":{"start":{"line":96,"column":0},"end":{"line":96,"column":14}},"96":{"start":{"line":97,"column":0},"end":{"line":97,"column":30}},"97":{"start":{"line":98,"column":0},"end":{"line":98,"column":98}},"98":{"start":{"line":99,"column":0},"end":{"line":99,"column":47}},"100":{"start":{"line":101,"column":0},"end":{"line":101,"column":76}},"101":{"start":{"line":102,"column":0},"end":{"line":102,"column":12}},"103":{"start":{"line":104,"column":0},"end":{"line":104,"column":75}},"104":{"start":{"line":105,"column":0},"end":{"line":105,"column":160}},"105":{"start":{"line":106,"column":0},"end":{"line":106,"column":117}},"106":{"start":{"line":107,"column":0},"end":{"line":107,"column":33}},"113":{"start":{"line":114,"column":0},"end":{"line":114,"column":45}},"114":{"start":{"line":115,"column":0},"end":{"line":115,"column":32}},"115":{"start":{"line":116,"column":0},"end":{"line":116,"column":37}},"116":{"start":{"line":117,"column":0},"end":{"line":117,"column":68}},"117":{"start":{"line":118,"column":0},"end":{"line":118,"column":106}},"118":{"start":{"line":119,"column":0},"end":{"line":119,"column":36}},"120":{"start":{"line":121,"column":0},"end":{"line":121,"column":106}},"121":{"start":{"line":122,"column":0},"end":{"line":122,"column":45}},"124":{"start":{"line":125,"column":0},"end":{"line":125,"column":18}},"125":{"start":{"line":126,"column":0},"end":{"line":126,"column":31}},"126":{"start":{"line":127,"column":0},"end":{"line":127,"column":26}},"127":{"start":{"line":128,"column":0},"end":{"line":128,"column":23}},"128":{"start":{"line":129,"column":0},"end":{"line":129,"column":23}},"129":{"start":{"line":130,"column":0},"end":{"line":130,"column":24}},"130":{"start":{"line":131,"column":0},"end":{"line":131,"column":37}},"131":{"start":{"line":132,"column":0},"end":{"line":132,"column":78}},"132":{"start":{"line":133,"column":0},"end":{"line":133,"column":33}},"133":{"start":{"line":134,"column":0},"end":{"line":134,"column":82}},"134":{"start":{"line":135,"column":0},"end":{"line":135,"column":143}},"136":{"start":{"line":137,"column":0},"end":{"line":137,"column":98}},"137":{"start":{"line":138,"column":0},"end":{"line":138,"column":31}},"138":{"start":{"line":139,"column":0},"end":{"line":139,"column":31}},"141":{"start":{"line":142,"column":0},"end":{"line":142,"column":38}},"142":{"start":{"line":143,"column":0},"end":{"line":143,"column":37}},"143":{"start":{"line":144,"column":0},"end":{"line":144,"column":68}},"144":{"start":{"line":145,"column":0},"end":{"line":145,"column":107}},"145":{"start":{"line":146,"column":0},"end":{"line":146,"column":37}},"147":{"start":{"line":148,"column":0},"end":{"line":148,"column":106}},"148":{"start":{"line":149,"column":0},"end":{"line":149,"column":49}},"151":{"start":{"line":152,"column":0},"end":{"line":152,"column":18}},"152":{"start":{"line":153,"column":0},"end":{"line":153,"column":32}},"153":{"start":{"line":154,"column":0},"end":{"line":154,"column":26}},"154":{"start":{"line":155,"column":0},"end":{"line":155,"column":23}},"155":{"start":{"line":156,"column":0},"end":{"line":156,"column":23}},"156":{"start":{"line":157,"column":0},"end":{"line":157,"column":24}},"157":{"start":{"line":158,"column":0},"end":{"line":158,"column":34}},"158":{"start":{"line":159,"column":0},"end":{"line":159,"column":75}},"159":{"start":{"line":160,"column":0},"end":{"line":160,"column":33}},"160":{"start":{"line":161,"column":0},"end":{"line":161,"column":87}},"161":{"start":{"line":162,"column":0},"end":{"line":162,"column":143}},"163":{"start":{"line":164,"column":0},"end":{"line":164,"column":98}},"164":{"start":{"line":165,"column":0},"end":{"line":165,"column":30}},"165":{"start":{"line":166,"column":0},"end":{"line":166,"column":31}},"169":{"start":{"line":170,"column":0},"end":{"line":170,"column":37}},"171":{"start":{"line":172,"column":0},"end":{"line":172,"column":39}},"172":{"start":{"line":173,"column":0},"end":{"line":173,"column":70}},"173":{"start":{"line":174,"column":0},"end":{"line":174,"column":111}},"174":{"start":{"line":175,"column":0},"end":{"line":175,"column":41}},"176":{"start":{"line":177,"column":0},"end":{"line":177,"column":108}},"177":{"start":{"line":178,"column":0},"end":{"line":178,"column":32}},"180":{"start":{"line":181,"column":0},"end":{"line":181,"column":20}},"181":{"start":{"line":182,"column":0},"end":{"line":182,"column":36}},"182":{"start":{"line":183,"column":0},"end":{"line":183,"column":28}},"183":{"start":{"line":184,"column":0},"end":{"line":184,"column":23}},"184":{"start":{"line":185,"column":0},"end":{"line":185,"column":24}},"185":{"start":{"line":186,"column":0},"end":{"line":186,"column":24}},"186":{"start":{"line":187,"column":0},"end":{"line":187,"column":32}},"187":{"start":{"line":188,"column":0},"end":{"line":188,"column":73}},"188":{"start":{"line":189,"column":0},"end":{"line":189,"column":35}},"189":{"start":{"line":190,"column":0},"end":{"line":190,"column":72}},"190":{"start":{"line":191,"column":0},"end":{"line":191,"column":145}},"192":{"start":{"line":193,"column":0},"end":{"line":193,"column":100}},"193":{"start":{"line":194,"column":0},"end":{"line":194,"column":34}},"194":{"start":{"line":195,"column":0},"end":{"line":195,"column":35}},"199":{"start":{"line":200,"column":0},"end":{"line":200,"column":39}},"200":{"start":{"line":201,"column":0},"end":{"line":201,"column":70}},"201":{"start":{"line":202,"column":0},"end":{"line":202,"column":113}},"202":{"start":{"line":203,"column":0},"end":{"line":203,"column":43}},"204":{"start":{"line":205,"column":0},"end":{"line":205,"column":108}},"205":{"start":{"line":206,"column":0},"end":{"line":206,"column":40}},"208":{"start":{"line":209,"column":0},"end":{"line":209,"column":20}},"209":{"start":{"line":210,"column":0},"end":{"line":210,"column":38}},"210":{"start":{"line":211,"column":0},"end":{"line":211,"column":28}},"211":{"start":{"line":212,"column":0},"end":{"line":212,"column":23}},"212":{"start":{"line":213,"column":0},"end":{"line":213,"column":23}},"213":{"start":{"line":214,"column":0},"end":{"line":214,"column":24}},"214":{"start":{"line":215,"column":0},"end":{"line":215,"column":43}},"215":{"start":{"line":216,"column":0},"end":{"line":216,"column":84}},"216":{"start":{"line":217,"column":0},"end":{"line":217,"column":35}},"217":{"start":{"line":218,"column":0},"end":{"line":218,"column":82}},"218":{"start":{"line":219,"column":0},"end":{"line":219,"column":145}},"220":{"start":{"line":221,"column":0},"end":{"line":221,"column":100}},"221":{"start":{"line":222,"column":0},"end":{"line":222,"column":33}},"222":{"start":{"line":223,"column":0},"end":{"line":223,"column":34}},"230":{"start":{"line":231,"column":0},"end":{"line":231,"column":1}}},"s":{"0":1,"16":1,"17":15,"18":15,"19":15,"20":15,"21":15,"22":15,"24":15,"25":11,"26":5,"27":11,"28":2,"29":6,"30":4,"31":4,"32":15,"34":15,"35":15,"37":15,"38":15,"39":15,"40":15,"41":15,"42":15,"43":15,"47":15,"48":15,"49":8,"50":7,"52":15,"53":15,"55":15,"56":15,"57":15,"58":15,"62":15,"63":15,"64":15,"65":15,"66":15,"67":15,"71":15,"72":15,"73":2,"74":13,"76":15,"77":15,"79":15,"80":15,"81":15,"82":15,"86":15,"87":15,"88":15,"89":15,"90":15,"91":15,"95":15,"96":15,"97":5,"98":10,"100":15,"101":15,"103":15,"104":15,"105":15,"106":15,"113":15,"114":15,"115":8,"116":8,"117":8,"118":8,"120":8,"121":8,"124":8,"125":8,"126":8,"127":8,"128":8,"129":8,"130":8,"131":8,"132":8,"133":8,"134":8,"136":8,"137":8,"138":8,"141":15,"142":2,"143":2,"144":2,"145":2,"147":2,"148":2,"151":2,"152":2,"153":2,"154":2,"155":2,"156":2,"157":2,"158":2,"159":2,"160":2,"161":2,"163":2,"164":2,"165":2,"169":15,"171":15,"172":15,"173":15,"174":15,"176":15,"177":15,"180":15,"181":15,"182":15,"183":15,"184":15,"185":15,"186":15,"187":15,"188":15,"189":15,"190":15,"192":15,"193":15,"194":15,"199":15,"200":15,"201":15,"202":15,"204":15,"205":15,"208":15,"209":15,"210":15,"211":15,"212":15,"213":15,"214":15,"215":15,"216":15,"217":15,"218":15,"220":15,"221":15,"222":15,"230":15},"branchMap":{"0":{"type":"branch","line":17,"loc":{"start":{"line":17,"column":7},"end":{"line":231,"column":1}},"locations":[{"start":{"line":17,"column":7},"end":{"line":231,"column":1}}]},"1":{"type":"branch","line":49,"loc":{"start":{"line":49,"column":23},"end":{"line":50,"column":98}},"locations":[{"start":{"line":49,"column":23},"end":{"line":50,"column":98}}]},"2":{"type":"branch","line":50,"loc":{"start":{"line":50,"column":18},"end":{"line":51,"column":47}},"locations":[{"start":{"line":50,"column":18},"end":{"line":51,"column":47}}]},"3":{"type":"branch","line":53,"loc":{"start":{"line":53,"column":14},"end":{"line":53,"column":59}},"locations":[{"start":{"line":53,"column":14},"end":{"line":53,"column":59}}]},"4":{"type":"branch","line":53,"loc":{"start":{"line":53,"column":25},"end":{"line":53,"column":76}},"locations":[{"start":{"line":53,"column":25},"end":{"line":53,"column":76}}]},"5":{"type":"branch","line":57,"loc":{"start":{"line":57,"column":48},"end":{"line":57,"column":97}},"locations":[{"start":{"line":57,"column":48},"end":{"line":57,"column":97}}]},"6":{"type":"branch","line":57,"loc":{"start":{"line":57,"column":61},"end":{"line":57,"column":140}},"locations":[{"start":{"line":57,"column":61},"end":{"line":57,"column":140}}]},"7":{"type":"branch","line":58,"loc":{"start":{"line":58,"column":38},"end":{"line":58,"column":87}},"locations":[{"start":{"line":58,"column":38},"end":{"line":58,"column":87}}]},"8":{"type":"branch","line":58,"loc":{"start":{"line":58,"column":51},"end":{"line":58,"column":120}},"locations":[{"start":{"line":58,"column":51},"end":{"line":58,"column":120}}]},"9":{"type":"branch","line":73,"loc":{"start":{"line":73,"column":23},"end":{"line":74,"column":98}},"locations":[{"start":{"line":73,"column":23},"end":{"line":74,"column":98}}]},"10":{"type":"branch","line":74,"loc":{"start":{"line":74,"column":18},"end":{"line":75,"column":47}},"locations":[{"start":{"line":74,"column":18},"end":{"line":75,"column":47}}]},"11":{"type":"branch","line":77,"loc":{"start":{"line":77,"column":14},"end":{"line":77,"column":59}},"locations":[{"start":{"line":77,"column":14},"end":{"line":77,"column":59}}]},"12":{"type":"branch","line":77,"loc":{"start":{"line":77,"column":25},"end":{"line":77,"column":76}},"locations":[{"start":{"line":77,"column":25},"end":{"line":77,"column":76}}]},"13":{"type":"branch","line":81,"loc":{"start":{"line":81,"column":50},"end":{"line":81,"column":102}},"locations":[{"start":{"line":81,"column":50},"end":{"line":81,"column":102}}]},"14":{"type":"branch","line":81,"loc":{"start":{"line":81,"column":66},"end":{"line":81,"column":145}},"locations":[{"start":{"line":81,"column":66},"end":{"line":81,"column":145}}]},"15":{"type":"branch","line":82,"loc":{"start":{"line":82,"column":38},"end":{"line":82,"column":90}},"locations":[{"start":{"line":82,"column":38},"end":{"line":82,"column":90}}]},"16":{"type":"branch","line":82,"loc":{"start":{"line":82,"column":54},"end":{"line":82,"column":123}},"locations":[{"start":{"line":82,"column":54},"end":{"line":82,"column":123}}]},"17":{"type":"branch","line":97,"loc":{"start":{"line":97,"column":23},"end":{"line":98,"column":98}},"locations":[{"start":{"line":97,"column":23},"end":{"line":98,"column":98}}]},"18":{"type":"branch","line":98,"loc":{"start":{"line":98,"column":18},"end":{"line":99,"column":47}},"locations":[{"start":{"line":98,"column":18},"end":{"line":99,"column":47}}]},"19":{"type":"branch","line":101,"loc":{"start":{"line":101,"column":14},"end":{"line":101,"column":59}},"locations":[{"start":{"line":101,"column":14},"end":{"line":101,"column":59}}]},"20":{"type":"branch","line":101,"loc":{"start":{"line":101,"column":25},"end":{"line":101,"column":76}},"locations":[{"start":{"line":101,"column":25},"end":{"line":101,"column":76}}]},"21":{"type":"branch","line":105,"loc":{"start":{"line":105,"column":48},"end":{"line":105,"column":94}},"locations":[{"start":{"line":105,"column":48},"end":{"line":105,"column":94}}]},"22":{"type":"branch","line":105,"loc":{"start":{"line":105,"column":58},"end":{"line":105,"column":137}},"locations":[{"start":{"line":105,"column":58},"end":{"line":105,"column":137}}]},"23":{"type":"branch","line":106,"loc":{"start":{"line":106,"column":38},"end":{"line":106,"column":84}},"locations":[{"start":{"line":106,"column":38},"end":{"line":106,"column":84}}]},"24":{"type":"branch","line":106,"loc":{"start":{"line":106,"column":48},"end":{"line":106,"column":117}},"locations":[{"start":{"line":106,"column":48},"end":{"line":106,"column":117}}]},"25":{"type":"branch","line":115,"loc":{"start":{"line":115,"column":18},"end":{"line":142,"column":21}},"locations":[{"start":{"line":115,"column":18},"end":{"line":142,"column":21}}]},"26":{"type":"branch","line":142,"loc":{"start":{"line":142,"column":21},"end":{"line":170,"column":11}},"locations":[{"start":{"line":142,"column":21},"end":{"line":170,"column":11}}]},"27":{"type":"branch","line":25,"loc":{"start":{"line":25,"column":12},"end":{"line":33,"column":5}},"locations":[{"start":{"line":25,"column":12},"end":{"line":33,"column":5}}]},"28":{"type":"branch","line":26,"loc":{"start":{"line":26,"column":29},"end":{"line":28,"column":11}},"locations":[{"start":{"line":26,"column":29},"end":{"line":28,"column":11}}]},"29":{"type":"branch","line":28,"loc":{"start":{"line":28,"column":4},"end":{"line":32,"column":5}},"locations":[{"start":{"line":28,"column":4},"end":{"line":32,"column":5}}]},"30":{"type":"branch","line":28,"loc":{"start":{"line":28,"column":39},"end":{"line":30,"column":11}},"locations":[{"start":{"line":28,"column":39},"end":{"line":30,"column":11}}]},"31":{"type":"branch","line":30,"loc":{"start":{"line":30,"column":4},"end":{"line":32,"column":5}},"locations":[{"start":{"line":30,"column":4},"end":{"line":32,"column":5}}]},"32":{"type":"branch","line":64,"loc":{"start":{"line":64,"column":19},"end":{"line":64,"column":48}},"locations":[{"start":{"line":64,"column":19},"end":{"line":64,"column":48}}]},"33":{"type":"branch","line":88,"loc":{"start":{"line":88,"column":19},"end":{"line":88,"column":42}},"locations":[{"start":{"line":88,"column":19},"end":{"line":88,"column":42}}]},"34":{"type":"branch","line":159,"loc":{"start":{"line":159,"column":24},"end":{"line":159,"column":75}},"locations":[{"start":{"line":159,"column":24},"end":{"line":159,"column":75}}]},"35":{"type":"branch","line":188,"loc":{"start":{"line":188,"column":26},"end":{"line":188,"column":73}},"locations":[{"start":{"line":188,"column":26},"end":{"line":188,"column":73}}]},"36":{"type":"branch","line":216,"loc":{"start":{"line":216,"column":26},"end":{"line":216,"column":84}},"locations":[{"start":{"line":216,"column":26},"end":{"line":216,"column":84}}]}},"b":{"0":[15],"1":[8],"2":[7],"3":[3],"4":[12],"5":[8],"6":[7],"7":[8],"8":[7],"9":[2],"10":[13],"11":[3],"12":[12],"13":[2],"14":[13],"15":[2],"16":[13],"17":[5],"18":[10],"19":[3],"20":[12],"21":[5],"22":[10],"23":[5],"24":[10],"25":[8],"26":[2],"27":[11],"28":[5],"29":[6],"30":[2],"31":[4],"32":[1],"33":[2],"34":[1],"35":[1],"36":[1]},"fnMap":{"0":{"name":"EffectControls","decl":{"start":{"line":17,"column":7},"end":{"line":231,"column":1}},"loc":{"start":{"line":17,"column":7},"end":{"line":231,"column":1}},"line":17},"1":{"name":"onClick","decl":{"start":{"line":40,"column":19},"end":{"line":40,"column":45}},"loc":{"start":{"line":40,"column":19},"end":{"line":40,"column":45}},"line":40},"2":{"name":"onClick","decl":{"start":{"line":64,"column":19},"end":{"line":64,"column":48}},"loc":{"start":{"line":64,"column":19},"end":{"line":64,"column":48}},"line":64},"3":{"name":"onClick","decl":{"start":{"line":88,"column":19},"end":{"line":88,"column":42}},"loc":{"start":{"line":88,"column":19},"end":{"line":88,"column":42}},"line":88},"4":{"name":"onChange","decl":{"start":{"line":132,"column":24},"end":{"line":132,"column":78}},"loc":{"start":{"line":132,"column":24},"end":{"line":132,"column":78}},"line":132},"5":{"name":"onChange","decl":{"start":{"line":159,"column":24},"end":{"line":159,"column":75}},"loc":{"start":{"line":159,"column":24},"end":{"line":159,"column":75}},"line":159},"6":{"name":"onChange","decl":{"start":{"line":188,"column":26},"end":{"line":188,"column":73}},"loc":{"start":{"line":188,"column":26},"end":{"line":188,"column":73}},"line":188},"7":{"name":"onChange","decl":{"start":{"line":216,"column":26},"end":{"line":216,"column":84}},"loc":{"start":{"line":216,"column":26},"end":{"line":216,"column":84}},"line":216}},"f":{"0":15,"1":0,"2":1,"3":2,"4":0,"5":1,"6":1,"7":1}}
,"/home/alegzandr/dev/pitch-songs/src/components/FileUploader.tsx": {"path":"/home/alegzandr/dev/pitch-songs/src/components/FileUploader.tsx","all":false,"statementMap":{"0":{"start":{"line":1,"column":0},"end":{"line":1,"column":36}},"10":{"start":{"line":11,"column":0},"end":{"line":11,"column":30}},"11":{"start":{"line":12,"column":0},"end":{"line":12,"column":15}},"12":{"start":{"line":13,"column":0},"end":{"line":13,"column":14}},"13":{"start":{"line":14,"column":0},"end":{"line":14,"column":14}},"14":{"start":{"line":15,"column":0},"end":{"line":15,"column":14}},"15":{"start":{"line":16,"column":0},"end":{"line":16,"column":14}},"16":{"start":{"line":17,"column":0},"end":{"line":17,"column":14}},"17":{"start":{"line":18,"column":0},"end":{"line":18,"column":2}},"19":{"start":{"line":20,"column":0},"end":{"line":20,"column":87}},"20":{"start":{"line":21,"column":0},"end":{"line":21,"column":33}},"22":{"start":{"line":23,"column":0},"end":{"line":23,"column":33}},"23":{"start":{"line":24,"column":0},"end":{"line":24,"column":45}},"24":{"start":{"line":25,"column":0},"end":{"line":25,"column":25}},"25":{"start":{"line":26,"column":0},"end":{"line":26,"column":43}},"26":{"start":{"line":27,"column":0},"end":{"line":27,"column":61}},"27":{"start":{"line":28,"column":0},"end":{"line":28,"column":27}},"28":{"start":{"line":29,"column":0},"end":{"line":29,"column":7}},"29":{"start":{"line":30,"column":0},"end":{"line":30,"column":6}},"30":{"start":{"line":31,"column":0},"end":{"line":31,"column":18}},"33":{"start":{"line":34,"column":0},"end":{"line":34,"column":38}},"34":{"start":{"line":35,"column":0},"end":{"line":35,"column":49}},"35":{"start":{"line":36,"column":0},"end":{"line":36,"column":39}},"36":{"start":{"line":37,"column":0},"end":{"line":37,"column":17}},"37":{"start":{"line":38,"column":0},"end":{"line":38,"column":27}},"38":{"start":{"line":39,"column":0},"end":{"line":39,"column":7}},"39":{"start":{"line":40,"column":0},"end":{"line":40,"column":6}},"40":{"start":{"line":41,"column":0},"end":{"line":41,"column":18}},"43":{"start":{"line":44,"column":0},"end":{"line":44,"column":78}},"44":{"start":{"line":45,"column":0},"end":{"line":45,"column":23}},"45":{"start":{"line":46,"column":0},"end":{"line":46,"column":9}},"47":{"start":{"line":48,"column":0},"end":{"line":48,"column":10}},"48":{"start":{"line":49,"column":0},"end":{"line":49,"column":8}},"49":{"start":{"line":50,"column":0},"end":{"line":50,"column":25}},"50":{"start":{"line":51,"column":0},"end":{"line":51,"column":33}},"51":{"start":{"line":52,"column":0},"end":{"line":52,"column":26}},"52":{"start":{"line":53,"column":0},"end":{"line":53,"column":19}},"53":{"start":{"line":54,"column":0},"end":{"line":54,"column":36}},"55":{"start":{"line":56,"column":0},"end":{"line":56,"column":12}},"56":{"start":{"line":57,"column":0},"end":{"line":57,"column":19}},"57":{"start":{"line":58,"column":0},"end":{"line":58,"column":77}},"58":{"start":{"line":59,"column":0},"end":{"line":59,"column":34}},"59":{"start":{"line":60,"column":0},"end":{"line":60,"column":26}},"60":{"start":{"line":61,"column":0},"end":{"line":61,"column":23}},"61":{"start":{"line":62,"column":0},"end":{"line":62,"column":28}},"62":{"start":{"line":63,"column":0},"end":{"line":63,"column":39}},"64":{"start":{"line":65,"column":0},"end":{"line":65,"column":12}},"65":{"start":{"line":66,"column":0},"end":{"line":66,"column":28}},"66":{"start":{"line":67,"column":0},"end":{"line":67,"column":20}},"70":{"start":{"line":71,"column":0},"end":{"line":71,"column":142}},"71":{"start":{"line":72,"column":0},"end":{"line":72,"column":71}},"72":{"start":{"line":73,"column":0},"end":{"line":73,"column":10}},"74":{"start":{"line":75,"column":0},"end":{"line":75,"column":58}},"75":{"start":{"line":76,"column":0},"end":{"line":76,"column":27}},"77":{"start":{"line":78,"column":0},"end":{"line":78,"column":89}},"79":{"start":{"line":80,"column":0},"end":{"line":80,"column":32}},"80":{"start":{"line":81,"column":0},"end":{"line":81,"column":24}},"81":{"start":{"line":82,"column":0},"end":{"line":82,"column":56}},"83":{"start":{"line":84,"column":0},"end":{"line":84,"column":79}},"86":{"start":{"line":87,"column":0},"end":{"line":87,"column":39}},"87":{"start":{"line":88,"column":0},"end":{"line":88,"column":88}},"88":{"start":{"line":89,"column":0},"end":{"line":89,"column":36}},"90":{"start":{"line":91,"column":0},"end":{"line":91,"column":84}},"91":{"start":{"line":92,"column":0},"end":{"line":92,"column":30}},"93":{"start":{"line":94,"column":0},"end":{"line":94,"column":83}},"94":{"start":{"line":95,"column":0},"end":{"line":95,"column":34}},"96":{"start":{"line":97,"column":0},"end":{"line":97,"column":84}},"97":{"start":{"line":98,"column":0},"end":{"line":98,"column":35}},"104":{"start":{"line":105,"column":0},"end":{"line":105,"column":1}}},"s":{"0":1,"10":1,"11":1,"12":1,"13":1,"14":1,"15":1,"16":1,"17":1,"19":1,"20":17,"22":17,"23":17,"24":2,"25":2,"26":2,"27":1,"28":1,"29":2,"30":17,"33":17,"34":17,"35":2,"36":2,"37":2,"38":2,"39":2,"40":17,"43":17,"44":1,"45":17,"47":17,"48":17,"49":17,"50":17,"51":17,"52":17,"53":17,"55":17,"56":17,"57":17,"58":17,"59":17,"60":17,"61":17,"62":17,"64":17,"65":17,"66":17,"70":17,"71":17,"72":17,"74":17,"75":17,"77":17,"79":17,"80":17,"81":9,"83":17,"86":17,"87":17,"88":17,"90":17,"91":17,"93":17,"94":17,"96":17,"97":17,"104":17},"branchMap":{"0":{"type":"branch","line":20,"loc":{"start":{"line":20,"column":7},"end":{"line":105,"column":1}},"locations":[{"start":{"line":20,"column":7},"end":{"line":105,"column":1}}]},"1":{"type":"branch","line":71,"loc":{"start":{"line":71,"column":12},"end":{"line":71,"column":72}},"locations":[{"start":{"line":71,"column":12},"end":{"line":71,"column":72}}]},"2":{"type":"branch","line":71,"loc":{"start":{"line":71,"column":22},"end":{"line":71,"column":142}},"locations":[{"start":{"line":71,"column":22},"end":{"line":71,"column":142}}]},"3":{"type":"branch","line":72,"loc":{"start":{"line":72,"column":12},"end":{"line":72,"column":58}},"locations":[{"start":{"line":72,"column":12},"end":{"line":72,"column":58}}]},"4":{"type":"branch","line":72,"loc":{"start":{"line":72,"column":24},"end":{"line":72,"column":71}},"locations":[{"start":{"line":72,"column":24},"end":{"line":72,"column":71}}]},"5":{"type":"branch","line":78,"loc":{"start":{"line":78,"column":14},"end":{"line":78,"column":58}},"locations":[{"start":{"line":78,"column":14},"end":{"line":78,"column":58}}]},"6":{"type":"branch","line":78,"loc":{"start":{"line":78,"column":24},"end":{"line":78,"column":89}},"locations":[{"start":{"line":78,"column":24},"end":{"line":78,"column":89}}]},"7":{"type":"branch","line":81,"loc":{"start":{"line":81,"column":13},"end":{"line":84,"column":15}},"locations":[{"start":{"line":81,"column":13},"end":{"line":84,"column":15}}]},"8":{"type":"branch","line":24,"loc":{"start":{"line":24,"column":4},"end":{"line":30,"column":6}},"locations":[{"start":{"line":24,"column":4},"end":{"line":30,"column":6}}]},"9":{"type":"branch","line":27,"loc":{"start":{"line":27,"column":60},"end":{"line":29,"column":7}},"locations":[{"start":{"line":27,"column":60},"end":{"line":29,"column":7}}]},"10":{"type":"branch","line":35,"loc":{"start":{"line":35,"column":4},"end":{"line":40,"column":6}},"locations":[{"start":{"line":35,"column":4},"end":{"line":40,"column":6}}]},"11":{"type":"branch","line":44,"loc":{"start":{"line":44,"column":37},"end":{"line":46,"column":5}},"locations":[{"start":{"line":44,"column":37},"end":{"line":46,"column":5}}]}},"b":{"0":[17],"1":[9],"2":[8],"3":[2],"4":[15],"5":[9],"6":[8],"7":[9],"8":[2],"9":[1],"10":[2],"11":[1]},"fnMap":{"0":{"name":"FileUploader","decl":{"start":{"line":20,"column":7},"end":{"line":105,"column":1}},"loc":{"start":{"line":20,"column":7},"end":{"line":105,"column":1}},"line":20}},"f":{"0":17}}
,"/home/alegzandr/dev/pitch-songs/src/components/LanguageSelector.tsx": {"path":"/home/alegzandr/dev/pitch-songs/src/components/LanguageSelector.tsx","all":false,"statementMap":{"0":{"start":{"line":1,"column":0},"end":{"line":1,"column":47}},"3":{"start":{"line":4,"column":0},"end":{"line":4,"column":19}},"4":{"start":{"line":5,"column":0},"end":{"line":5,"column":48}},"5":{"start":{"line":6,"column":0},"end":{"line":6,"column":49}},"6":{"start":{"line":7,"column":0},"end":{"line":7,"column":48}},"7":{"start":{"line":8,"column":0},"end":{"line":8,"column":48}},"8":{"start":{"line":9,"column":0},"end":{"line":9,"column":50}},"9":{"start":{"line":10,"column":0},"end":{"line":10,"column":2}},"11":{"start":{"line":12,"column":0},"end":{"line":12,"column":36}},"12":{"start":{"line":13,"column":0},"end":{"line":13,"column":36}},"14":{"start":{"line":15,"column":0},"end":{"line":15,"column":54}},"15":{"start":{"line":16,"column":0},"end":{"line":16,"column":34}},"16":{"start":{"line":17,"column":0},"end":{"line":17,"column":45}},"17":{"start":{"line":18,"column":0},"end":{"line":18,"column":4}},"19":{"start":{"line":20,"column":0},"end":{"line":20,"column":10}},"20":{"start":{"line":21,"column":0},"end":{"line":21,"column":36}},"21":{"start":{"line":22,"column":0},"end":{"line":22,"column":13}},"22":{"start":{"line":23,"column":0},"end":{"line":23,"column":36}},"23":{"start":{"line":24,"column":0},"end":{"line":24,"column":107}},"25":{"start":{"line":26,"column":0},"end":{"line":26,"column":67}},"29":{"start":{"line":30,"column":0},"end":{"line":30,"column":209}},"30":{"start":{"line":31,"column":0},"end":{"line":31,"column":34}},"31":{"start":{"line":32,"column":0},"end":{"line":32,"column":17}},"32":{"start":{"line":33,"column":0},"end":{"line":33,"column":27}},"33":{"start":{"line":34,"column":0},"end":{"line":34,"column":59}},"34":{"start":{"line":35,"column":0},"end":{"line":35,"column":24}},"37":{"start":{"line":38,"column":0},"end":{"line":38,"column":16}},"38":{"start":{"line":39,"column":0},"end":{"line":39,"column":43}},"39":{"start":{"line":40,"column":0},"end":{"line":40,"column":86}},"40":{"start":{"line":41,"column":0},"end":{"line":41,"column":92}},"42":{"start":{"line":43,"column":0},"end":{"line":43,"column":14}},"44":{"start":{"line":45,"column":0},"end":{"line":45,"column":56}},"45":{"start":{"line":46,"column":0},"end":{"line":46,"column":36}},"51":{"start":{"line":52,"column":0},"end":{"line":52,"column":1}}},"s":{"0":1,"3":1,"4":1,"5":1,"6":1,"7":1,"8":1,"9":1,"11":1,"12":14,"14":14,"15":1,"16":1,"17":1,"19":14,"20":14,"21":14,"22":14,"23":14,"25":14,"29":14,"30":14,"31":14,"32":14,"33":14,"34":14,"37":14,"38":14,"39":14,"40":56,"42":14,"44":14,"45":14,"51":14},"branchMap":{"0":{"type":"branch","line":12,"loc":{"start":{"line":12,"column":7},"end":{"line":52,"column":1}},"locations":[{"start":{"line":12,"column":7},"end":{"line":52,"column":1}}]},"1":{"type":"branch","line":15,"loc":{"start":{"line":15,"column":31},"end":{"line":18,"column":4}},"locations":[{"start":{"line":15,"column":31},"end":{"line":18,"column":4}}]},"2":{"type":"branch","line":40,"loc":{"start":{"line":40,"column":-1},"end":{"line":40,"column":86}},"locations":[{"start":{"line":40,"column":-1},"end":{"line":40,"column":86}}]},"3":{"type":"branch","line":40,"loc":{"start":{"line":40,"column":20},"end":{"line":41,"column":92}},"locations":[{"start":{"line":40,"column":20},"end":{"line":41,"column":92}}]},"4":{"type":"branch","line":34,"loc":{"start":{"line":34,"column":21},"end":{"line":34,"column":59}},"locations":[{"start":{"line":34,"column":21},"end":{"line":34,"column":59}}]}},"b":{"0":[14],"1":[1],"2":[14],"3":[56],"4":[1]},"fnMap":{"0":{"name":"LanguageSelector","decl":{"start":{"line":12,"column":7},"end":{"line":52,"column":1}},"loc":{"start":{"line":12,"column":7},"end":{"line":52,"column":1}},"line":12},"1":{"name":"handleLanguageChange","decl":{"start":{"line":15,"column":31},"end":{"line":18,"column":4}},"loc":{"start":{"line":15,"column":31},"end":{"line":18,"column":4}},"line":15},"2":{"name":"onClick","decl":{"start":{"line":34,"column":21},"end":{"line":34,"column":59}},"loc":{"start":{"line":34,"column":21},"end":{"line":34,"column":59}},"line":34}},"f":{"0":14,"1":1,"2":1}}
,"/home/alegzandr/dev/pitch-songs/src/components/PlaybackControls.tsx": {"path":"/home/alegzandr/dev/pitch-songs/src/components/PlaybackControls.tsx","all":false,"statementMap":{"0":{"start":{"line":1,"column":0},"end":{"line":1,"column":47}},"16":{"start":{"line":17,"column":0},"end":{"line":17,"column":34}},"17":{"start":{"line":18,"column":0},"end":{"line":18,"column":12}},"18":{"start":{"line":19,"column":0},"end":{"line":19,"column":9}},"19":{"start":{"line":20,"column":0},"end":{"line":20,"column":9}},"20":{"start":{"line":21,"column":0},"end":{"line":21,"column":10}},"21":{"start":{"line":22,"column":0},"end":{"line":22,"column":11}},"22":{"start":{"line":23,"column":0},"end":{"line":23,"column":9}},"23":{"start":{"line":24,"column":0},"end":{"line":24,"column":17}},"24":{"start":{"line":25,"column":0},"end":{"line":25,"column":15}},"25":{"start":{"line":26,"column":0},"end":{"line":26,"column":15}},"26":{"start":{"line":27,"column":0},"end":{"line":27,"column":11}},"27":{"start":{"line":28,"column":0},"end":{"line":28,"column":27}},"28":{"start":{"line":29,"column":0},"end":{"line":29,"column":33}},"30":{"start":{"line":31,"column":0},"end":{"line":31,"column":10}},"31":{"start":{"line":32,"column":0},"end":{"line":32,"column":31}},"32":{"start":{"line":33,"column":0},"end":{"line":33,"column":45}},"33":{"start":{"line":34,"column":0},"end":{"line":34,"column":74}},"35":{"start":{"line":36,"column":0},"end":{"line":36,"column":17}},"36":{"start":{"line":37,"column":0},"end":{"line":37,"column":49}},"37":{"start":{"line":38,"column":0},"end":{"line":38,"column":48}},"38":{"start":{"line":39,"column":0},"end":{"line":39,"column":77}},"39":{"start":{"line":40,"column":0},"end":{"line":40,"column":24}},"42":{"start":{"line":43,"column":0},"end":{"line":43,"column":16}},"43":{"start":{"line":44,"column":0},"end":{"line":44,"column":41}},"44":{"start":{"line":45,"column":0},"end":{"line":45,"column":119}},"45":{"start":{"line":46,"column":0},"end":{"line":46,"column":102}},"47":{"start":{"line":48,"column":0},"end":{"line":48,"column":14}},"49":{"start":{"line":50,"column":0},"end":{"line":50,"column":26}},"50":{"start":{"line":51,"column":0},"end":{"line":51,"column":16}},"51":{"start":{"line":52,"column":0},"end":{"line":52,"column":64}},"52":{"start":{"line":53,"column":0},"end":{"line":53,"column":37}},"55":{"start":{"line":56,"column":0},"end":{"line":56,"column":16}},"56":{"start":{"line":57,"column":0},"end":{"line":57,"column":63}},"57":{"start":{"line":58,"column":0},"end":{"line":58,"column":36}},"63":{"start":{"line":64,"column":0},"end":{"line":64,"column":17}},"64":{"start":{"line":65,"column":0},"end":{"line":65,"column":30}},"65":{"start":{"line":66,"column":0},"end":{"line":66,"column":64}},"66":{"start":{"line":67,"column":0},"end":{"line":67,"column":86}},"67":{"start":{"line":68,"column":0},"end":{"line":68,"column":24}},"70":{"start":{"line":71,"column":0},"end":{"line":71,"column":16}},"71":{"start":{"line":72,"column":0},"end":{"line":72,"column":58}},"72":{"start":{"line":73,"column":0},"end":{"line":73,"column":79}},"73":{"start":{"line":74,"column":0},"end":{"line":74,"column":102}},"75":{"start":{"line":76,"column":0},"end":{"line":76,"column":14}},"77":{"start":{"line":78,"column":0},"end":{"line":78,"column":63}},"78":{"start":{"line":79,"column":0},"end":{"line":79,"column":75}},"82":{"start":{"line":83,"column":0},"end":{"line":83,"column":17}},"83":{"start":{"line":84,"column":0},"end":{"line":84,"column":29}},"84":{"start":{"line":85,"column":0},"end":{"line":85,"column":31}},"85":{"start":{"line":86,"column":0},"end":{"line":86,"column":52}},"86":{"start":{"line":87,"column":0},"end":{"line":87,"column":24}},"89":{"start":{"line":90,"column":0},"end":{"line":90,"column":16}},"90":{"start":{"line":91,"column":0},"end":{"line":91,"column":25}},"91":{"start":{"line":92,"column":0},"end":{"line":92,"column":136}},"92":{"start":{"line":93,"column":0},"end":{"line":93,"column":83}},"94":{"start":{"line":95,"column":0},"end":{"line":95,"column":14}},"96":{"start":{"line":97,"column":0},"end":{"line":97,"column":64}},"101":{"start":{"line":102,"column":0},"end":{"line":102,"column":26}},"102":{"start":{"line":103,"column":0},"end":{"line":103,"column":80}},"103":{"start":{"line":104,"column":0},"end":{"line":104,"column":53}},"104":{"start":{"line":105,"column":0},"end":{"line":105,"column":118}},"105":{"start":{"line":106,"column":0},"end":{"line":106,"column":95}},"106":{"start":{"line":107,"column":0},"end":{"line":107,"column":20}},"107":{"start":{"line":108,"column":0},"end":{"line":108,"column":34}},"108":{"start":{"line":109,"column":0},"end":{"line":109,"column":28}},"109":{"start":{"line":110,"column":0},"end":{"line":110,"column":23}},"110":{"start":{"line":111,"column":0},"end":{"line":111,"column":23}},"111":{"start":{"line":112,"column":0},"end":{"line":112,"column":27}},"112":{"start":{"line":113,"column":0},"end":{"line":113,"column":30}},"113":{"start":{"line":114,"column":0},"end":{"line":114,"column":76}},"114":{"start":{"line":115,"column":0},"end":{"line":115,"column":84}},"115":{"start":{"line":116,"column":0},"end":{"line":116,"column":145}},"117":{"start":{"line":118,"column":0},"end":{"line":118,"column":117}},"118":{"start":{"line":119,"column":0},"end":{"line":119,"column":43}},"126":{"start":{"line":127,"column":0},"end":{"line":127,"column":1}}},"s":{"0":1,"16":1,"17":14,"18":14,"19":14,"20":14,"21":14,"22":14,"23":14,"24":14,"25":14,"26":14,"27":14,"28":14,"30":14,"31":14,"32":14,"33":14,"35":14,"36":14,"37":14,"38":14,"39":14,"42":14,"43":14,"44":8,"45":6,"47":14,"49":14,"50":1,"51":1,"52":1,"55":1,"56":14,"57":14,"63":14,"64":14,"65":14,"66":14,"67":14,"70":14,"71":14,"72":8,"73":6,"75":14,"77":14,"78":14,"82":14,"83":14,"84":14,"85":14,"86":14,"89":14,"90":14,"91":11,"92":3,"94":14,"96":14,"101":14,"102":14,"103":14,"104":14,"105":14,"106":14,"107":14,"108":14,"109":14,"110":14,"111":14,"112":14,"113":14,"114":14,"115":14,"117":14,"118":14,"126":14},"branchMap":{"0":{"type":"branch","line":17,"loc":{"start":{"line":17,"column":7},"end":{"line":127,"column":1}},"locations":[{"start":{"line":17,"column":7},"end":{"line":127,"column":1}}]},"1":{"type":"branch","line":37,"loc":{"start":{"line":37,"column":21},"end":{"line":37,"column":42}},"locations":[{"start":{"line":37,"column":21},"end":{"line":37,"column":42}}]},"2":{"type":"branch","line":37,"loc":{"start":{"line":37,"column":33},"end":{"line":37,"column":49}},"locations":[{"start":{"line":37,"column":33},"end":{"line":37,"column":49}}]},"3":{"type":"branch","line":38,"loc":{"start":{"line":38,"column":22},"end":{"line":38,"column":48}},"locations":[{"start":{"line":38,"column":22},"end":{"line":38,"column":48}}]},"4":{"type":"branch","line":39,"loc":{"start":{"line":39,"column":24},"end":{"line":39,"column":58}},"locations":[{"start":{"line":39,"column":24},"end":{"line":39,"column":58}}]},"5":{"type":"branch","line":39,"loc":{"start":{"line":39,"column":38},"end":{"line":39,"column":77}},"locations":[{"start":{"line":39,"column":38},"end":{"line":39,"column":77}}]},"6":{"type":"branch","line":44,"loc":{"start":{"line":44,"column":16},"end":{"line":44,"column":41}},"locations":[{"start":{"line":44,"column":16},"end":{"line":44,"column":41}}]},"7":{"type":"branch","line":44,"loc":{"start":{"line":44,"column":33},"end":{"line":45,"column":119}},"locations":[{"start":{"line":44,"column":33},"end":{"line":45,"column":119}}]},"8":{"type":"branch","line":45,"loc":{"start":{"line":45,"column":20},"end":{"line":46,"column":102}},"locations":[{"start":{"line":45,"column":20},"end":{"line":46,"column":102}}]},"9":{"type":"branch","line":50,"loc":{"start":{"line":50,"column":13},"end":{"line":56,"column":16}},"locations":[{"start":{"line":50,"column":13},"end":{"line":56,"column":16}}]},"10":{"type":"branch","line":66,"loc":{"start":{"line":66,"column":22},"end":{"line":66,"column":51}},"locations":[{"start":{"line":66,"column":22},"end":{"line":66,"column":51}}]},"11":{"type":"branch","line":66,"loc":{"start":{"line":66,"column":35},"end":{"line":66,"column":64}},"locations":[{"start":{"line":66,"column":35},"end":{"line":66,"column":64}}]},"12":{"type":"branch","line":67,"loc":{"start":{"line":67,"column":24},"end":{"line":67,"column":65}},"locations":[{"start":{"line":67,"column":24},"end":{"line":67,"column":65}}]},"13":{"type":"branch","line":67,"loc":{"start":{"line":67,"column":41},"end":{"line":67,"column":86}},"locations":[{"start":{"line":67,"column":41},"end":{"line":67,"column":86}}]},"14":{"type":"branch","line":72,"loc":{"start":{"line":72,"column":16},"end":{"line":72,"column":45}},"locations":[{"start":{"line":72,"column":16},"end":{"line":72,"column":45}}]},"15":{"type":"branch","line":72,"loc":{"start":{"line":72,"column":33},"end":{"line":72,"column":58}},"locations":[{"start":{"line":72,"column":33},"end":{"line":72,"column":58}}]},"16":{"type":"branch","line":72,"loc":{"start":{"line":72,"column":46},"end":{"line":73,"column":79}},"locations":[{"start":{"line":72,"column":46},"end":{"line":73,"column":79}}]},"17":{"type":"branch","line":73,"loc":{"start":{"line":73,"column":20},"end":{"line":74,"column":102}},"locations":[{"start":{"line":73,"column":20},"end":{"line":74,"column":102}}]},"18":{"type":"branch","line":79,"loc":{"start":{"line":79,"column":13},"end":{"line":79,"column":54}},"locations":[{"start":{"line":79,"column":13},"end":{"line":79,"column":54}}]},"19":{"type":"branch","line":79,"loc":{"start":{"line":79,"column":30},"end":{"line":79,"column":75}},"locations":[{"start":{"line":79,"column":30},"end":{"line":79,"column":75}}]},"20":{"type":"branch","line":91,"loc":{"start":{"line":91,"column":17},"end":{"line":92,"column":136}},"locations":[{"start":{"line":91,"column":17},"end":{"line":92,"column":136}}]},"21":{"type":"branch","line":92,"loc":{"start":{"line":92,"column":20},"end":{"line":93,"column":83}},"locations":[{"start":{"line":92,"column":20},"end":{"line":93,"column":83}}]},"22":{"type":"branch","line":114,"loc":{"start":{"line":114,"column":26},"end":{"line":114,"column":76}},"locations":[{"start":{"line":114,"column":26},"end":{"line":114,"column":76}}]}},"b":{"0":[14],"1":[1],"2":[13],"3":[11],"4":[1],"5":[13],"6":[9],"7":[8],"8":[6],"9":[1],"10":[11],"11":[8],"12":[2],"13":[12],"14":[9],"15":[8],"16":[8],"17":[6],"18":[2],"19":[12],"20":[11],"21":[3],"22":[1]},"fnMap":{"0":{"name":"PlaybackControls","decl":{"start":{"line":17,"column":7},"end":{"line":127,"column":1}},"loc":{"start":{"line":17,"column":7},"end":{"line":127,"column":1}},"line":17},"1":{"name":"onChange","decl":{"start":{"line":114,"column":26},"end":{"line":114,"column":76}},"loc":{"start":{"line":114,"column":26},"end":{"line":114,"column":76}},"line":114}},"f":{"0":14,"1":1}}
,"/home/alegzandr/dev/pitch-songs/src/components/ProgressBar.tsx": {"path":"/home/alegzandr/dev/pitch-songs/src/components/ProgressBar.tsx","all":false,"statementMap":{"0":{"start":{"line":1,"column":0},"end":{"line":1,"column":39}},"8":{"start":{"line":9,"column":0},"end":{"line":9,"column":84}},"9":{"start":{"line":10,"column":0},"end":{"line":10,"column":51}},"11":{"start":{"line":12,"column":0},"end":{"line":12,"column":10}},"12":{"start":{"line":13,"column":0},"end":{"line":13,"column":43}},"13":{"start":{"line":14,"column":0},"end":{"line":14,"column":52}},"14":{"start":{"line":15,"column":0},"end":{"line":15,"column":98}},"15":{"start":{"line":16,"column":0},"end":{"line":16,"column":76}},"16":{"start":{"line":17,"column":0},"end":{"line":17,"column":38}},"18":{"start":{"line":19,"column":0},"end":{"line":19,"column":88}},"19":{"start":{"line":20,"column":0},"end":{"line":20,"column":33}},"22":{"start":{"line":23,"column":0},"end":{"line":23,"column":94}},"23":{"start":{"line":24,"column":0},"end":{"line":24,"column":12}},"24":{"start":{"line":25,"column":0},"end":{"line":25,"column":108}},"25":{"start":{"line":26,"column":0},"end":{"line":26,"column":43}},"30":{"start":{"line":31,"column":0},"end":{"line":31,"column":1}}},"s":{"0":1,"8":1,"9":6,"11":5,"12":5,"13":5,"14":5,"15":5,"16":6,"18":6,"19":6,"22":6,"23":6,"24":6,"25":6,"30":6},"branchMap":{"0":{"type":"branch","line":9,"loc":{"start":{"line":9,"column":7},"end":{"line":31,"column":1}},"locations":[{"start":{"line":9,"column":7},"end":{"line":31,"column":1}}]},"1":{"type":"branch","line":10,"loc":{"start":{"line":10,"column":7},"end":{"line":10,"column":39}},"locations":[{"start":{"line":10,"column":7},"end":{"line":10,"column":39}}]},"2":{"type":"branch","line":10,"loc":{"start":{"line":10,"column":39},"end":{"line":10,"column":51}},"locations":[{"start":{"line":10,"column":39},"end":{"line":10,"column":51}}]},"3":{"type":"branch","line":10,"loc":{"start":{"line":10,"column":46},"end":{"line":17,"column":22}},"locations":[{"start":{"line":10,"column":46},"end":{"line":17,"column":22}}]},"4":{"type":"branch","line":17,"loc":{"start":{"line":17,"column":11},"end":{"line":17,"column":38}},"locations":[{"start":{"line":17,"column":11},"end":{"line":17,"column":38}}]}},"b":{"0":[6],"1":[1],"2":[1],"3":[5],"4":[1]},"fnMap":{"0":{"name":"ProgressBar","decl":{"start":{"line":9,"column":7},"end":{"line":31,"column":1}},"loc":{"start":{"line":9,"column":7},"end":{"line":31,"column":1}},"line":9}},"f":{"0":6}}
,"/home/alegzandr/dev/pitch-songs/src/contexts/ThemeContext.tsx": {"path":"/home/alegzandr/dev/pitch-songs/src/contexts/ThemeContext.tsx","all":false,"statementMap":{"0":{"start":{"line":1,"column":0},"end":{"line":1,"column":71}},"10":{"start":{"line":11,"column":0},"end":{"line":11,"column":76}},"12":{"start":{"line":13,"column":0},"end":{"line":13,"column":70}},"13":{"start":{"line":14,"column":0},"end":{"line":14,"column":51}},"14":{"start":{"line":15,"column":0},"end":{"line":15,"column":48}},"15":{"start":{"line":16,"column":0},"end":{"line":16,"column":39}},"16":{"start":{"line":17,"column":0},"end":{"line":17,"column":5}},"18":{"start":{"line":19,"column":0},"end":{"line":19,"column":19}},"19":{"start":{"line":20,"column":0},"end":{"line":20,"column":41}},"20":{"start":{"line":21,"column":0},"end":{"line":21,"column":72}},"21":{"start":{"line":22,"column":0},"end":{"line":22,"column":14}},"23":{"start":{"line":24,"column":0},"end":{"line":24,"column":29}},"24":{"start":{"line":25,"column":0},"end":{"line":25,"column":58}},"25":{"start":{"line":26,"column":0},"end":{"line":26,"column":4}},"27":{"start":{"line":28,"column":0},"end":{"line":28,"column":10}},"28":{"start":{"line":29,"column":0},"end":{"line":29,"column":58}},"29":{"start":{"line":30,"column":0},"end":{"line":30,"column":16}},"32":{"start":{"line":33,"column":0},"end":{"line":33,"column":1}},"34":{"start":{"line":35,"column":0},"end":{"line":35,"column":28}},"35":{"start":{"line":36,"column":0},"end":{"line":36,"column":43}},"36":{"start":{"line":37,"column":0},"end":{"line":37,"column":17}},"37":{"start":{"line":38,"column":0},"end":{"line":38,"column":66}},"38":{"start":{"line":39,"column":0},"end":{"line":39,"column":3}},"39":{"start":{"line":40,"column":0},"end":{"line":40,"column":17}},"40":{"start":{"line":41,"column":0},"end":{"line":41,"column":1}}},"s":{"0":1,"10":1,"12":1,"13":3,"14":2,"15":2,"16":2,"18":3,"19":3,"20":3,"21":3,"23":3,"24":1,"25":1,"27":3,"28":3,"29":3,"32":3,"34":1,"35":5,"36":5,"37":2,"38":2,"39":3,"40":3},"branchMap":{"0":{"type":"branch","line":13,"loc":{"start":{"line":13,"column":7},"end":{"line":33,"column":1}},"locations":[{"start":{"line":13,"column":7},"end":{"line":33,"column":1}}]},"1":{"type":"branch","line":14,"loc":{"start":{"line":14,"column":44},"end":{"line":17,"column":5}},"locations":[{"start":{"line":14,"column":44},"end":{"line":17,"column":5}}]},"2":{"type":"branch","line":16,"loc":{"start":{"line":16,"column":12},"end":{"line":16,"column":39}},"locations":[{"start":{"line":16,"column":12},"end":{"line":16,"column":39}}]},"3":{"type":"branch","line":19,"loc":{"start":{"line":19,"column":12},"end":{"line":22,"column":5}},"locations":[{"start":{"line":19,"column":12},"end":{"line":22,"column":5}}]},"4":{"type":"branch","line":24,"loc":{"start":{"line":24,"column":22},"end":{"line":26,"column":4}},"locations":[{"start":{"line":24,"column":22},"end":{"line":26,"column":4}}]},"5":{"type":"branch","line":25,"loc":{"start":{"line":25,"column":13},"end":{"line":25,"column":58}},"locations":[{"start":{"line":25,"column":13},"end":{"line":25,"column":58}}]},"6":{"type":"branch","line":25,"loc":{"start":{"line":25,"column":40},"end":{"line":25,"column":58}},"locations":[{"start":{"line":25,"column":40},"end":{"line":25,"column":58}}]},"7":{"type":"branch","line":35,"loc":{"start":{"line":35,"column":7},"end":{"line":41,"column":1}},"locations":[{"start":{"line":35,"column":7},"end":{"line":41,"column":1}}]},"8":{"type":"branch","line":37,"loc":{"start":{"line":37,"column":16},"end":{"line":39,"column":3}},"locations":[{"start":{"line":37,"column":16},"end":{"line":39,"column":3}}]},"9":{"type":"branch","line":39,"loc":{"start":{"line":39,"column":2},"end":{"line":41,"column":1}},"locations":[{"start":{"line":39,"column":2},"end":{"line":41,"column":1}}]}},"b":{"0":[3],"1":[2],"2":[1],"3":[3],"4":[1],"5":[1],"6":[0],"7":[5],"8":[2],"9":[3]},"fnMap":{"0":{"name":"ThemeProvider","decl":{"start":{"line":13,"column":7},"end":{"line":33,"column":1}},"loc":{"start":{"line":13,"column":7},"end":{"line":33,"column":1}},"line":13},"1":{"name":"toggleTheme","decl":{"start":{"line":24,"column":22},"end":{"line":26,"column":4}},"loc":{"start":{"line":24,"column":22},"end":{"line":26,"column":4}},"line":24},"2":{"name":"useTheme","decl":{"start":{"line":35,"column":7},"end":{"line":41,"column":1}},"loc":{"start":{"line":35,"column":7},"end":{"line":41,"column":1}},"line":35}},"f":{"0":3,"1":1,"2":5}}
,"/home/alegzandr/dev/pitch-songs/src/hooks/useAudioProcessor.ts": {"path":"/home/alegzandr/dev/pitch-songs/src/hooks/useAudioProcessor.ts","all":false,"statementMap":{"0":{"start":{"line":1,"column":0},"end":{"line":1,"column":54}},"13":{"start":{"line":14,"column":0},"end":{"line":14,"column":37}},"14":{"start":{"line":15,"column":0},"end":{"line":15,"column":55}},"15":{"start":{"line":16,"column":0},"end":{"line":16,"column":21}},"16":{"start":{"line":17,"column":0},"end":{"line":17,"column":24}},"17":{"start":{"line":18,"column":0},"end":{"line":18,"column":21}},"18":{"start":{"line":19,"column":0},"end":{"line":19,"column":16}},"19":{"start":{"line":20,"column":0},"end":{"line":20,"column":16}},"20":{"start":{"line":21,"column":0},"end":{"line":21,"column":5}},"22":{"start":{"line":23,"column":0},"end":{"line":23,"column":70}},"23":{"start":{"line":24,"column":0},"end":{"line":24,"column":83}},"24":{"start":{"line":25,"column":0},"end":{"line":25,"column":52}},"25":{"start":{"line":26,"column":0},"end":{"line":26,"column":67}},"26":{"start":{"line":27,"column":0},"end":{"line":27,"column":52}},"28":{"start":{"line":29,"column":0},"end":{"line":29,"column":59}},"29":{"start":{"line":30,"column":0},"end":{"line":30,"column":81}},"30":{"start":{"line":31,"column":0},"end":{"line":31,"column":9}},"31":{"start":{"line":32,"column":0},"end":{"line":32,"column":47}},"32":{"start":{"line":33,"column":0},"end":{"line":33,"column":28}},"33":{"start":{"line":34,"column":0},"end":{"line":34,"column":73}},"34":{"start":{"line":35,"column":0},"end":{"line":35,"column":21}},"35":{"start":{"line":36,"column":0},"end":{"line":36,"column":27}},"36":{"start":{"line":37,"column":0},"end":{"line":37,"column":16}},"37":{"start":{"line":38,"column":0},"end":{"line":38,"column":25}},"38":{"start":{"line":39,"column":0},"end":{"line":39,"column":84}},"39":{"start":{"line":40,"column":0},"end":{"line":40,"column":10}},"40":{"start":{"line":41,"column":0},"end":{"line":41,"column":5}},"41":{"start":{"line":42,"column":0},"end":{"line":42,"column":9}},"43":{"start":{"line":44,"column":0},"end":{"line":44,"column":79}},"44":{"start":{"line":45,"column":0},"end":{"line":45,"column":84}},"45":{"start":{"line":46,"column":0},"end":{"line":46,"column":9}},"46":{"start":{"line":47,"column":0},"end":{"line":47,"column":34}},"47":{"start":{"line":48,"column":0},"end":{"line":48,"column":50}},"48":{"start":{"line":49,"column":0},"end":{"line":49,"column":29}},"49":{"start":{"line":50,"column":0},"end":{"line":50,"column":18}},"50":{"start":{"line":51,"column":0},"end":{"line":51,"column":53}},"51":{"start":{"line":52,"column":0},"end":{"line":52,"column":12}},"52":{"start":{"line":53,"column":0},"end":{"line":53,"column":14}},"54":{"start":{"line":55,"column":0},"end":{"line":55,"column":64}},"55":{"start":{"line":56,"column":0},"end":{"line":56,"column":38}},"57":{"start":{"line":58,"column":0},"end":{"line":58,"column":33}},"58":{"start":{"line":59,"column":0},"end":{"line":59,"column":76}},"60":{"start":{"line":61,"column":0},"end":{"line":61,"column":20}},"61":{"start":{"line":62,"column":0},"end":{"line":62,"column":21}},"62":{"start":{"line":63,"column":0},"end":{"line":63,"column":27}},"63":{"start":{"line":64,"column":0},"end":{"line":64,"column":16}},"64":{"start":{"line":65,"column":0},"end":{"line":65,"column":28}},"65":{"start":{"line":66,"column":0},"end":{"line":66,"column":82}},"66":{"start":{"line":67,"column":0},"end":{"line":67,"column":10}},"67":{"start":{"line":68,"column":0},"end":{"line":68,"column":18}},"68":{"start":{"line":69,"column":0},"end":{"line":69,"column":5}},"69":{"start":{"line":70,"column":0},"end":{"line":70,"column":9}},"71":{"start":{"line":72,"column":0},"end":{"line":72,"column":59}},"72":{"start":{"line":73,"column":0},"end":{"line":73,"column":58}},"73":{"start":{"line":74,"column":0},"end":{"line":74,"column":86}},"75":{"start":{"line":76,"column":0},"end":{"line":76,"column":24}},"76":{"start":{"line":77,"column":0},"end":{"line":77,"column":67}},"77":{"start":{"line":78,"column":0},"end":{"line":78,"column":13}},"78":{"start":{"line":79,"column":0},"end":{"line":79,"column":5}},"80":{"start":{"line":81,"column":0},"end":{"line":81,"column":35}},"81":{"start":{"line":82,"column":0},"end":{"line":82,"column":32}},"82":{"start":{"line":83,"column":0},"end":{"line":83,"column":11}},"83":{"start":{"line":84,"column":0},"end":{"line":84,"column":37}},"84":{"start":{"line":85,"column":0},"end":{"line":85,"column":19}},"85":{"start":{"line":86,"column":0},"end":{"line":86,"column":42}},"86":{"start":{"line":87,"column":0},"end":{"line":87,"column":7}},"87":{"start":{"line":88,"column":0},"end":{"line":88,"column":5}},"89":{"start":{"line":90,"column":0},"end":{"line":90,"column":42}},"90":{"start":{"line":91,"column":0},"end":{"line":91,"column":47}},"91":{"start":{"line":92,"column":0},"end":{"line":92,"column":33}},"92":{"start":{"line":93,"column":0},"end":{"line":93,"column":35}},"94":{"start":{"line":95,"column":0},"end":{"line":95,"column":53}},"95":{"start":{"line":96,"column":0},"end":{"line":96,"column":33}},"96":{"start":{"line":97,"column":0},"end":{"line":97,"column":29}},"97":{"start":{"line":98,"column":0},"end":{"line":98,"column":47}},"99":{"start":{"line":100,"column":0},"end":{"line":100,"column":28}},"100":{"start":{"line":101,"column":0},"end":{"line":101,"column":58}},"101":{"start":{"line":102,"column":0},"end":{"line":102,"column":35}},"102":{"start":{"line":103,"column":0},"end":{"line":103,"column":33}},"103":{"start":{"line":104,"column":0},"end":{"line":104,"column":6}},"105":{"start":{"line":106,"column":0},"end":{"line":106,"column":20}},"106":{"start":{"line":107,"column":0},"end":{"line":107,"column":35}},"107":{"start":{"line":108,"column":0},"end":{"line":108,"column":55}},"108":{"start":{"line":109,"column":0},"end":{"line":109,"column":32}},"110":{"start":{"line":111,"column":0},"end":{"line":111,"column":39}},"111":{"start":{"line":112,"column":0},"end":{"line":112,"column":32}},"112":{"start":{"line":113,"column":0},"end":{"line":113,"column":11}},"113":{"start":{"line":114,"column":0},"end":{"line":114,"column":37}},"114":{"start":{"line":115,"column":0},"end":{"line":115,"column":19}},"115":{"start":{"line":116,"column":0},"end":{"line":116,"column":42}},"116":{"start":{"line":117,"column":0},"end":{"line":117,"column":7}},"117":{"start":{"line":118,"column":0},"end":{"line":118,"column":35}},"118":{"start":{"line":119,"column":0},"end":{"line":119,"column":58}},"119":{"start":{"line":120,"column":0},"end":{"line":120,"column":5}},"120":{"start":{"line":121,"column":0},"end":{"line":121,"column":9}},"122":{"start":{"line":123,"column":0},"end":{"line":123,"column":64}},"123":{"start":{"line":124,"column":0},"end":{"line":124,"column":70}},"124":{"start":{"line":125,"column":0},"end":{"line":125,"column":18}},"125":{"start":{"line":126,"column":0},"end":{"line":126,"column":44}},"126":{"start":{"line":127,"column":0},"end":{"line":127,"column":5}},"128":{"start":{"line":129,"column":0},"end":{"line":129,"column":58}},"130":{"start":{"line":131,"column":0},"end":{"line":131,"column":9}},"131":{"start":{"line":132,"column":0},"end":{"line":132,"column":53}},"132":{"start":{"line":133,"column":0},"end":{"line":133,"column":122}},"133":{"start":{"line":134,"column":0},"end":{"line":134,"column":54}},"134":{"start":{"line":135,"column":0},"end":{"line":135,"column":45}},"135":{"start":{"line":136,"column":0},"end":{"line":136,"column":61}},"136":{"start":{"line":137,"column":0},"end":{"line":137,"column":21}},"137":{"start":{"line":138,"column":0},"end":{"line":138,"column":27}},"138":{"start":{"line":139,"column":0},"end":{"line":139,"column":16}},"139":{"start":{"line":140,"column":0},"end":{"line":140,"column":28}},"140":{"start":{"line":141,"column":0},"end":{"line":141,"column":81}},"141":{"start":{"line":142,"column":0},"end":{"l
[...]
umn":0},"end":{"line":102,"column":5}},"103":{"start":{"line":104,"column":0},"end":{"line":104,"column":20}},"105":{"start":{"line":106,"column":0},"end":{"line":106,"column":49}},"106":{"start":{"line":107,"column":0},"end":{"line":107,"column":3}},"108":{"start":{"line":109,"column":0},"end":{"line":109,"column":36}},"109":{"start":{"line":110,"column":0},"end":{"line":110,"column":33}},"110":{"start":{"line":111,"column":0},"end":{"line":111,"column":18}},"111":{"start":{"line":112,"column":0},"end":{"line":112,"column":27}},"112":{"start":{"line":113,"column":0},"end":{"line":113,"column":42}},"113":{"start":{"line":114,"column":0},"end":{"line":114,"column":78}},"114":{"start":{"line":115,"column":0},"end":{"line":115,"column":64}},"116":{"start":{"line":117,"column":0},"end":{"line":117,"column":51}},"117":{"start":{"line":118,"column":0},"end":{"line":118,"column":58}},"118":{"start":{"line":119,"column":0},"end":{"line":119,"column":40}},"119":{"start":{"line":120,"column":0},"end":{"line":120,"column":46}},"120":{"start":{"line":121,"column":0},"end":{"line":121,"column":59}},"121":{"start":{"line":122,"column":0},"end":{"line":122,"column":57}},"122":{"start":{"line":123,"column":0},"end":{"line":123,"column":7}},"123":{"start":{"line":124,"column":0},"end":{"line":124,"column":5}},"125":{"start":{"line":126,"column":0},"end":{"line":126,"column":19}},"126":{"start":{"line":127,"column":0},"end":{"line":127,"column":3}},"128":{"start":{"line":129,"column":0},"end":{"line":129,"column":67}},"129":{"start":{"line":130,"column":0},"end":{"line":130,"column":58}},"130":{"start":{"line":131,"column":0},"end":{"line":131,"column":61}},"131":{"start":{"line":132,"column":0},"end":{"line":132,"column":48}},"132":{"start":{"line":133,"column":0},"end":{"line":133,"column":38}},"133":{"start":{"line":134,"column":0},"end":{"line":134,"column":40}},"134":{"start":{"line":135,"column":0},"end":{"line":135,"column":19}},"135":{"start":{"line":136,"column":0},"end":{"line":136,"column":16}},"137":{"start":{"line":138,"column":0},"end":{"line":138,"column":23}},"138":{"start":{"line":139,"column":0},"end":{"line":139,"column":41}},"139":{"start":{"line":140,"column":0},"end":{"line":140,"column":38}},"140":{"start":{"line":141,"column":0},"end":{"line":141,"column":15}},"141":{"start":{"line":142,"column":0},"end":{"line":142,"column":6}},"143":{"start":{"line":144,"column":0},"end":{"line":144,"column":41}},"144":{"start":{"line":145,"column":0},"end":{"line":145,"column":38}},"145":{"start":{"line":146,"column":0},"end":{"line":146,"column":15}},"146":{"start":{"line":147,"column":0},"end":{"line":147,"column":6}},"148":{"start":{"line":149,"column":0},"end":{"line":149,"column":30}},"149":{"start":{"line":150,"column":0},"end":{"line":150,"column":26}},"150":{"start":{"line":151,"column":0},"end":{"line":151,"column":27}},"151":{"start":{"line":152,"column":0},"end":{"line":152,"column":26}},"153":{"start":{"line":154,"column":0},"end":{"line":154,"column":23}},"154":{"start":{"line":155,"column":0},"end":{"line":155,"column":26}},"155":{"start":{"line":156,"column":0},"end":{"line":156,"column":18}},"156":{"start":{"line":157,"column":0},"end":{"line":157,"column":17}},"157":{"start":{"line":158,"column":0},"end":{"line":158,"column":32}},"158":{"start":{"line":159,"column":0},"end":{"line":159,"column":38}},"159":{"start":{"line":160,"column":0},"end":{"line":160,"column":61}},"160":{"start":{"line":161,"column":0},"end":{"line":161,"column":36}},"161":{"start":{"line":162,"column":0},"end":{"line":162,"column":18}},"163":{"start":{"line":164,"column":0},"end":{"line":164,"column":23}},"164":{"start":{"line":165,"column":0},"end":{"line":165,"column":26}},"165":{"start":{"line":166,"column":0},"end":{"line":166,"column":22}},"167":{"start":{"line":168,"column":0},"end":{"line":168,"column":29}},"168":{"start":{"line":169,"column":0},"end":{"line":169,"column":48}},"169":{"start":{"line":170,"column":0},"end":{"line":170,"column":51}},"170":{"start":{"line":171,"column":0},"end":{"line":171,"column":5}},"172":{"start":{"line":173,"column":0},"end":{"line":173,"column":37}},"173":{"start":{"line":174,"column":0},"end":{"line":174,"column":50}},"174":{"start":{"line":175,"column":0},"end":{"line":175,"column":68}},"175":{"start":{"line":176,"column":0},"end":{"line":176,"column":64}},"176":{"start":{"line":177,"column":0},"end":{"line":177,"column":41}},"177":{"start":{"line":178,"column":0},"end":{"line":178,"column":17}},"178":{"start":{"line":179,"column":0},"end":{"line":179,"column":7}},"179":{"start":{"line":180,"column":0},"end":{"line":180,"column":15}},"180":{"start":{"line":181,"column":0},"end":{"line":181,"column":5}},"182":{"start":{"line":183,"column":0},"end":{"line":183,"column":53}},"183":{"start":{"line":184,"column":0},"end":{"line":184,"column":3}},"185":{"start":{"line":186,"column":0},"end":{"line":186,"column":35}},"186":{"start":{"line":187,"column":0},"end":{"line":187,"column":29}},"187":{"start":{"line":188,"column":0},"end":{"line":188,"column":3}},"189":{"start":{"line":190,"column":0},"end":{"line":190,"column":40}},"190":{"start":{"line":191,"column":0},"end":{"line":191,"column":28}},"191":{"start":{"line":192,"column":0},"end":{"line":192,"column":3}},"192":{"start":{"line":193,"column":0},"end":{"line":193,"column":1}},"194":{"start":{"line":195,"column":0},"end":{"line":195,"column":51}}},"s":{"0":1,"8":1,"9":1,"10":1,"12":1,"13":9,"14":9,"16":1,"17":1,"18":1,"19":1,"20":1,"22":1,"23":5,"24":1,"25":1,"27":4,"29":4,"30":4,"31":4,"32":4,"33":4,"36":4,"37":4,"38":4,"39":4,"41":4,"43":4,"44":5,"45":1,"46":1,"47":1,"48":1,"51":1,"52":1,"54":1,"55":1,"57":1,"58":1,"59":1,"61":1,"62":1,"63":1,"65":1,"66":1,"68":4,"69":5,"70":3,"71":3,"72":3,"73":3,"74":3,"76":3,"77":3,"78":3,"80":3,"81":6,"82":6,"84":6,"85":24,"86":24,"87":15,"88":15,"89":15,"90":15,"91":24,"92":24,"93":24,"94":6,"95":3,"97":3,"98":3,"99":5,"100":1,"101":1,"103":4,"105":4,"106":4,"108":1,"109":2,"110":2,"111":2,"112":2,"113":2,"114":2,"116":2,"117":4,"118":4,"119":350760,"120":350760,"121":350760,"122":350760,"123":4,"125":2,"126":2,"128":1,"129":1,"130":1,"131":1,"132":1,"133":1,"134":1,"135":1,"137":1,"138":1,"139":4,"140":4,"141":4,"143":1,"144":9,"145":9,"146":9,"148":1,"149":1,"150":1,"151":1,"153":1,"154":1,"155":1,"156":1,"157":1,"158":1,"159":1,"160":1,"161":1,"163":1,"164":1,"165":1,"167":1,"168":1,"169":1,"170":1,"172":1,"173":2,"174":2,"175":2,"176":2,"177":2,"178":2,"179":2,"180":2,"182":1,"183":1,"185":1,"186":1,"187":1,"189":1,"190":1,"191":1,"192":1,"194":1},"branchMap":{"0":{"type":"branch","line":17,"loc":{"start":{"line":17,"column":2},"end":{"line":21,"column":3}},"locations":[{"start":{"line":17,"column":2},"end":{"line":21,"column":3}}]},"1":{"type":"branch","line":23,"loc":{"start":{"line":23,"column":2},"end":{"line":107,"column":3}},"locations":[{"start":{"line":23,"column":2},"end":{"line":107,"column":3}}]},"2":{"type":"branch","line":24,"loc":{"start":{"line":24,"column":27},"end":{"line":26,"column":5}},"locations":[{"start":{"line":24,"column":27},"end":{"line":26,"column":5}}]},"3":{"type":"branch","line":26,"loc":{"start":{"line":26,"column":4},"end":{"line":45,"column":26}},"locations":[{"start":{"line":26,"column":4},"end":{"line":45,"column":26}}]},"4":{"type":"branch","line":45,"loc":{"start":{"line":45,"column":26},"end":{"line":67,"column":5}},"locations":[{"start":{"line":45,"column":26},"end":{"line":67,"column":5}}]},"5":{"type":"branch","line":67,"loc":{"start":{"line":67,"column":4},"end":{"line":70,"column":20}},"locations":[{"start":{"line":67,"column":4},"end":{"line":70,"column":20}}]},"6":{"type":"branch","line":70,"loc":{"start":{"line":70,"column":8},"end":{"line":70,"column":41}},"locations":[{"start":{"line":70,"column":8},"end":{"line":70,"column":41}}]},"7":{"type":"branch","line":70,"loc":{"start":{"line":70,"column":41},"end":{"line":100,"column":11}},"locations":[{"start":{"line":70,"column":41},"end":{"line":100,"column":11}}]},"8":{"type":"branch","line":72,"loc":{"start":{"line":72,"column":27},"end":{"line":72,"column":62}},"locations":[{"start":{"line":72,"column":27},"end":{"line":72,"column":62}}]},"9":{"type":"branch","line":72,"loc":{"start":{"line":72,"column":50},"end":{"line":72,"column":68}},"locations":[{"start":{"line":72,"column":50},"end":{"line":72,"column":68}}]},"10":{"type":"branch","line":73,"loc":{"start":{"line":73,"column":28},"end":{"line":73,"column":53}},"locations":[{"start":{"line":73,"column":28},"end":{"line":73,"column":53}}]},"11":{"type":"branch","line":100,"loc":{"start":{"line":100,"column":4},"end":{"line":102,"column":5}},"locations":[{"start":{"line":100,"column":4},"end":{"line":102,"column":5}}]},"12":{"type":"branch","line":102,"loc":{"start":{"line":102,"column":4},"end":{"line":107,"column":3}},"locations":[{"start":{"line":102,"column":4},"end":{"line":107,"column":3}}]},"13":{"type":"branch","line":77,"loc":{"start":{"line":77,"column":39},"end":{"line":96,"column":8}},"locations":[{"start":{"line":77,"column":39},"end":{"line":96,"column":8}}]},"14":{"type":"branch","line":81,"loc":{"start":{"line":81,"column":82},"end":{"line":95,"column":9}},"locations":[{"start":{"line":81,"column":82},"end":{"line":95,"column":9}}]},"15":{"type":"branch","line":85,"loc":{"start":{"line":85,"column":70},"end":{"line":94,"column":11}},"locations":[{"start":{"line":85,"column":70},"end":{"line":94,"column":11}}]},"16":{"type":"branch","line":87,"loc":{"start":{"line":87,"column":53},"end":{"line":91,"column":13}},"locations":[{"start":{"line":87,"column":53},"end":{"line":91,"column":13}}]},"17":{"type":"branch","line":109,"loc":{"start":{"line":109,"column":2},"end":{"line":127,"column":3}},"locations":[{"start":{"line":109,"column":2},"end":{"line":127,"column":3}}]},"18":{"type":"branch","line":117,"loc":{"start":{"line":117,"column":50},"end":{"line":124,"column":5}},"locations":[{"start":{"line":117,"column":50},"end":{"line":124,"column":5}}]},"19":{"type":"branch","line":119,"loc":{"start":{"line":119,"column":39},"end":{"line":123,"column":7}},"locations":[{"start":{"line":119,"column":39},"end":{"line":123,"column":7}}]},"20":{"type":"branch","line":129,"loc":{"start":{"line":129,"column":2},"end":{"line":184,"column":3}},"locations":[{"start":{"line":129,"column":2},"end":{"line":184,"column":3}}]},"21":{"type":"branch","line":173,"loc":{"start":{"line":173,"column":36},"end":{"line":181,"column":5}},"locations":[{"start":{"line":173,"column":36},"end":{"line":181,"column":5}}]},"22":{"type":"branch","line":176,"loc":{"start":{"line":176,"column":26},"end":{"line":176,"column":48}},"locations":[{"start":{"line":176,"column":26},"end":{"line":176,"column":48}}]},"23":{"type":"branch","line":176,"loc":{"start":{"line":176,"column":39},"end":{"line":176,"column":64}},"locations":[{"start":{"line":176,"column":39},"end":{"line":176,"column":64}}]},"24":{"type":"branch","line":139,"loc":{"start":{"line":139,"column":22},"end":{"line":142,"column":6}},"locations":[{"start":{"line":139,"column":22},"end":{"line":142,"column":6}}]},"25":{"type":"branch","line":144,"loc":{"start":{"line":144,"column":22},"end":{"line":147,"column":6}},"locations":[{"start":{"line":144,"column":22},"end":{"line":147,"column":6}}]},"26":{"type":"branch","line":186,"loc":{"start":{"line":186,"column":2},"end":{"line":188,"column":3}},"locations":[{"start":{"line":186,"column":2},"end":{"line":188,"column":3}}]},"27":{"type":"branch","line":190,"loc":{"start":{"line":190,"column":2},"end":{"line":192,"column":3}},"locations":[{"start":{"line":190,"column":2},"end":{"line":192,"column":3}}]},"28":{"type":"branch","line":13,"loc":{"start":{"line":13,"column":2},"end":{"line":15,"column":3}},"locations":[{"start":{"line":13,"column":2},"end":{"line":15,"column":3}}]}},"b":{"0":[1],"1":[5],"2":[1],"3":[4],"4":[1],"5":[4],"6":[2],"7":[3],"8":[2],"9":[1],"10":[1],"11":[1],"12":[4],"13":[3],"14":[6],"15":[24],"16":[15],"17":[2],"18":[4],"19":[350760],"20":[1],"21":[2],"22":[1],"23":[1],"24":[4],"25":[9],"26":[1],"27":[1],"28":[9]},"fnMap":{"0":{"name":"loadAudioFile","decl":{"start":{"line":17,"column":2},"end":{"line":21,"column":3}},"loc":{"start":{"line":17,"column":2},"end":{"line":21,"column":3}},"line":17},"1":{"name":"processAudio","decl":{"start":{"line":23,"column":2},"end":{"line":107,"column":3}},"loc":{"start":{"line":23,"column":2},"end":{"line":107,"column":3}},"line":23},"2":{"name":"scriptProcessor.onaudioprocess","decl":{"start":{"line":77,"column":39},"end":{"line":96,"column":8}},"loc":{"start":{"line":77,"column":39},"end":{"line":96,"column":8}},"line":77},"3":{"name":"createReverbImpulse","decl":{"start":{"line":109,"column":2},"end":{"line":127,"column":3}},"loc":{"start":{"line":109,"column":2},"end":{"line":127,"column":3}},"line":109},"4":{"name":"audioBufferToWav","decl":{"start":{"line":129,"column":2},"end":{"line":184,"column":3}},"loc":{"start":{"line":129,"column":2},"end":{"line":184,"column":3}},"line":129},"5":{"name":"setUint16","decl":{"start":{"line":139,"column":22},"end":{"line":142,"column":6}},"loc":{"start":{"line":139,"column":22},"end":{"line":142,"column":6}},"line":139},"6":{"name":"setUint32","decl":{"start":{"line":144,"column":22},"end":{"line":147,"column":6}},"loc":{"start":{"line":144,"column":22},"end":{"line":147,"column":6}},"line":144},"7":{"name":"getAudioContext","decl":{"start":{"line":186,"column":2},"end":{"line":188,"column":3}},"loc":{"start":{"line":186,"column":2},"end":{"line":188,"column":3}},"line":186},"8":{"name":"getAudioBuffer","decl":{"start":{"line":190,"column":2},"end":{"line":192,"column":3}},"loc":{"start":{"line":190,"column":2},"end":{"line":192,"column":3}},"line":190},"9":{"name":"AudioProcessor","decl":{"start":{"line":13,"column":2},"end":{"line":15,"column":3}},"loc":{"start":{"line":13,"column":2},"end":{"line":15,"column":3}},"line":13}},"f":{"0":1,"1":5,"2":3,"3":2,"4":1,"5":4,"6":9,"7":1,"8":1,"9":9}}
,"/home/alegzandr/dev/pitch-songs/src/utils/mp3Encoder.ts": {"path":"/home/alegzandr/dev/pitch-songs/src/utils/mp3Encoder.ts","all":false,"statementMap":{"0":{"start":{"line":1,"column":0},"end":{"line":1,"column":49}},"2":{"start":{"line":3,"column":0},"end":{"line":3,"column":39}},"3":{"start":{"line":4,"column":0},"end":{"line":4,"column":27}},"4":{"start":{"line":5,"column":0},"end":{"line":5,"column":23}},"6":{"start":{"line":7,"column":0},"end":{"line":7,"column":48}},"7":{"start":{"line":8,"column":0},"end":{"line":8,"column":44}},"8":{"start":{"line":9,"column":0},"end":{"line":9,"column":37}},"10":{"start":{"line":11,"column":0},"end":{"line":11,"column":33}},"11":{"start":{"line":12,"column":0},"end":{"line":12,"column":39}},"12":{"start":{"line":13,"column":0},"end":{"line":13,"column":62}},"14":{"start":{"line":15,"column":0},"end":{"line":15,"column":49}},"15":{"start":{"line":16,"column":0},"end":{"line":16,"column":37}},"16":{"start":{"line":17,"column":0},"end":{"line":17,"column":62}},"17":{"start":{"line":18,"column":0},"end":{"line":18,"column":3}},"19":{"start":{"line":20,"column":0},"end":{"line":20,"column":30}},"20":{"start":{"line":21,"column":0},"end":{"line":21,"column":52}},"21":{"start":{"line":22,"column":0},"end":{"line":22,"column":39}},"22":{"start":{"line":23,"column":0},"end":{"line":23,"column":66}},"23":{"start":{"line":24,"column":0},"end":{"line":24,"column":5}},"24":{"start":{"line":25,"column":0},"end":{"line":25,"column":3}},"26":{"start":{"line":27,"column":0},"end":{"line":27,"column":18}},"27":{"start":{"line":28,"column":0},"end":{"line":28,"column":67}},"28":{"start":{"line":29,"column":0},"end":{"line":29,"column":35}},"30":{"start":{"line":31,"column":0},"end":{"line":31,"column":31}},"31":{"start":{"line":32,"column":0},"end":{"line":32,"column":54}},"32":{"start":{"line":33,"column":0},"end":{"line":33,"column":60}},"33":{"start":{"line":34,"column":0},"end":{"line":34,"column":82}},"34":{"start":{"line":35,"column":0},"end":{"line":35,"column":66}},"35":{"start":{"line":36,"column":0},"end":{"line":36,"column":28}},"36":{"start":{"line":37,"column":0},"end":{"line":37,"column":43}},"37":{"start":{"line":38,"column":0},"end":{"line":38,"column":5}},"38":{"start":{"line":39,"column":0},"end":{"line":39,"column":3}},"40":{"start":{"line":41,"column":0},"end":{"line":41,"column":36}},"41":{"start":{"line":42,"column":0},"end":{"line":42,"column":26}},"42":{"start":{"line":43,"column":0},"end":{"line":43,"column":41}},"43":{"start":{"line":44,"column":0},"end":{"line":44,"column":3}},"45":{"start":{"line":46,"column":0},"end":{"line":46,"column":64}},"46":{"start":{"line":47,"column":0},"end":{"line":47,"column":1}},"48":{"start":{"line":49,"column":0},"end":{"line":49,"column":66}},"49":{"start":{"line":50,"column":0},"end":{"line":50,"column":40}},"50":{"start":{"line":51,"column":0},"end":{"line":51,"column":43}},"51":{"start":{"line":52,"column":0},"end":{"line":52,"column":18}},"52":{"start":{"line":53,"column":0},"end":{"line":53,"column":27}},"53":{"start":{"line":54,"column":0},"end":{"line":54,"column":34}},"54":{"start":{"line":55,"column":0},"end":{"line":55,"column":15}},"55":{"start":{"line":56,"column":0},"end":{"line":56,"column":34}},"56":{"start":{"line":57,"column":0},"end":{"line":57,"column":27}},"57":{"start":{"line":58,"column":0},"end":{"line":58,"column":1}}},"s":{"0":1,"2":1,"3":2,"4":2,"6":2,"7":2,"8":2,"10":2,"11":2,"12":2,"14":2,"15":2,"16":6,"17":6,"19":2,"20":1,"21":1,"22":3,"23":3,"24":1,"26":2,"27":2,"28":2,"30":2,"31":2,"32":2,"33":2,"34":2,"35":2,"36":2,"37":2,"38":2,"40":2,"41":2,"42":2,"43":2,"45":2,"46":2,"48":1,"49":1,"50":1,"51":1,"52":1,"53":1,"54":1,"55":1,"56":1,"57":1},"branchMap":{"0":{"type":"branch","line":3,"loc":{"start":{"line":3,"column":7},"end":{"line":47,"column":1}},"locations":[{"start":{"line":3,"column":7},"end":{"line":47,"column":1}}]},"1":{"type":"branch","line":13,"loc":{"start":{"line":13,"column":27},"end":{"line":13,"column":57}},"locations":[{"start":{"line":13,"column":27},"end":{"line":13,"column":57}}]},"2":{"type":"branch","line":13,"loc":{"start":{"line":13,"column":46},"end":{"line":13,"column":62}},"locations":[{"start":{"line":13,"column":46},"end":{"line":13,"column":62}}]},"3":{"type":"branch","line":16,"loc":{"start":{"line":16,"column":36},"end":{"line":18,"column":3}},"locations":[{"start":{"line":16,"column":36},"end":{"line":18,"column":3}}]},"4":{"type":"branch","line":20,"loc":{"start":{"line":20,"column":6},"end":{"line":20,"column":29}},"locations":[{"start":{"line":20,"column":6},"end":{"line":20,"column":29}}]},"5":{"type":"branch","line":20,"loc":{"start":{"line":20,"column":29},"end":{"line":25,"column":3}},"locations":[{"start":{"line":20,"column":29},"end":{"line":25,"column":3}}]},"6":{"type":"branch","line":22,"loc":{"start":{"line":22,"column":38},"end":{"line":24,"column":5}},"locations":[{"start":{"line":22,"column":38},"end":{"line":24,"column":5}}]},"7":{"type":"branch","line":34,"loc":{"start":{"line":34,"column":23},"end":{"line":34,"column":72}},"locations":[{"start":{"line":34,"column":23},"end":{"line":34,"column":72}}]},"8":{"type":"branch","line":34,"loc":{"start":{"line":34,"column":53},"end":{"line":34,"column":82}},"locations":[{"start":{"line":34,"column":53},"end":{"line":34,"column":82}}]},"9":{"type":"branch","line":49,"loc":{"start":{"line":49,"column":7},"end":{"line":58,"column":1}},"locations":[{"start":{"line":49,"column":7},"end":{"line":58,"column":1}}]}},"b":{"0":[2],"1":[1],"2":[1],"3":[6],"4":[1],"5":[1],"6":[3],"7":[1],"8":[1],"9":[1]},"fnMap":{"0":{"name":"audioBufferToMp3","decl":{"start":{"line":3,"column":7},"end":{"line":47,"column":1}},"loc":{"start":{"line":3,"column":7},"end":{"line":47,"column":1}},"line":3},"1":{"name":"downloadBlob","decl":{"start":{"line":49,"column":7},"end":{"line":58,"column":1}},"loc":{"start":{"line":49,"column":7},"end":{"line":58,"column":1}},"line":49}},"f":{"0":2,"1":1}}
}
