{"/home/alegzandr/dev/pitch-songs/src/App.tsx": {"path":"/home/alegzandr/dev/pitch-songs/src/App.tsx","all":false,"statementMap":{"0":{"start":{"line":1,"column":0},"end":{"line":1,"column":57}},"1":{"start":{"line":2,"column":0},"end":{"line":2,"column":47}},"2":{"start":{"line":3,"column":0},"end":{"line":3,"column":49}},"3":{"start":{"line":4,"column":0},"end":{"line":4,"column":57}},"4":{"start":{"line":5,"column":0},"end":{"line":5,"column":61}},"6":{"start":{"line":7,"column":0},"end":{"line":7,"column":65}},"7":{"start":{"line":8,"column":0},"end":{"line":8,"column":55}},"8":{"start":{"line":9,"column":0},"end":{"line":9,"column":65}},"9":{"start":{"line":10,"column":0},"end":{"line":10,"column":65}},"10":{"start":{"line":11,"column":0},"end":{"line":11,"column":62}},"11":{"start":{"line":12,"column":0},"end":{"line":12,"column":51}},"13":{"start":{"line":14,"column":0},"end":{"line":14,"column":16}},"14":{"start":{"line":15,"column":0},"end":{"line":15,"column":39}},"15":{"start":{"line":16,"column":0},"end":{"line":16,"column":9}},"16":{"start":{"line":17,"column":0},"end":{"line":17,"column":10}},"17":{"start":{"line":18,"column":0},"end":{"line":18,"column":17}},"18":{"start":{"line":19,"column":0},"end":{"line":19,"column":19}},"19":{"start":{"line":20,"column":0},"end":{"line":20,"column":20}},"20":{"start":{"line":21,"column":0},"end":{"line":21,"column":17}},"21":{"start":{"line":22,"column":0},"end":{"line":22,"column":13}},"22":{"start":{"line":23,"column":0},"end":{"line":23,"column":11}},"23":{"start":{"line":24,"column":0},"end":{"line":24,"column":18}},"24":{"start":{"line":25,"column":0},"end":{"line":25,"column":17}},"25":{"start":{"line":26,"column":0},"end":{"line":26,"column":14}},"26":{"start":{"line":27,"column":0},"end":{"line":27,"column":14}},"27":{"start":{"line":28,"column":0},"end":{"line":28,"column":16}},"28":{"start":{"line":29,"column":0},"end":{"line":29,"column":17}},"29":{"start":{"line":30,"column":0},"end":{"line":30,"column":11}},"30":{"start":{"line":31,"column":0},"end":{"line":31,"column":10}},"31":{"start":{"line":32,"column":0},"end":{"line":32,"column":26}},"33":{"start":{"line":34,"column":0},"end":{"line":34,"column":44}},"35":{"start":{"line":36,"column":0},"end":{"line":36,"column":52}},"36":{"start":{"line":37,"column":0},"end":{"line":37,"column":19}},"37":{"start":{"line":38,"column":0},"end":{"line":38,"column":37}},"38":{"start":{"line":39,"column":0},"end":{"line":39,"column":50}},"40":{"start":{"line":41,"column":0},"end":{"line":41,"column":82}},"41":{"start":{"line":42,"column":0},"end":{"line":42,"column":57}},"42":{"start":{"line":43,"column":0},"end":{"line":43,"column":72}},"43":{"start":{"line":44,"column":0},"end":{"line":44,"column":18}},"44":{"start":{"line":45,"column":0},"end":{"line":45,"column":46}},"45":{"start":{"line":46,"column":0},"end":{"line":46,"column":43}},"46":{"start":{"line":47,"column":0},"end":{"line":47,"column":40}},"47":{"start":{"line":48,"column":0},"end":{"line":48,"column":7}},"48":{"start":{"line":49,"column":0},"end":{"line":49,"column":44}},"49":{"start":{"line":50,"column":0},"end":{"line":50,"column":6}},"51":{"start":{"line":52,"column":0},"end":{"line":52,"column":56}},"52":{"start":{"line":53,"column":0},"end":{"line":53,"column":50}},"53":{"start":{"line":54,"column":0},"end":{"line":54,"column":53}},"54":{"start":{"line":55,"column":0},"end":{"line":55,"column":65}},"55":{"start":{"line":56,"column":0},"end":{"line":56,"column":52}},"56":{"start":{"line":57,"column":0},"end":{"line":57,"column":64}},"57":{"start":{"line":58,"column":0},"end":{"line":58,"column":25}},"59":{"start":{"line":60,"column":0},"end":{"line":60,"column":72}},"60":{"start":{"line":61,"column":0},"end":{"line":61,"column":21}},"61":{"start":{"line":62,"column":0},"end":{"line":62,"column":25}},"62":{"start":{"line":63,"column":0},"end":{"line":63,"column":20}},"63":{"start":{"line":64,"column":0},"end":{"line":64,"column":5}},"64":{"start":{"line":65,"column":0},"end":{"line":65,"column":74}},"66":{"start":{"line":67,"column":0},"end":{"line":67,"column":39}},"67":{"start":{"line":68,"column":0},"end":{"line":68,"column":27}},"68":{"start":{"line":69,"column":0},"end":{"line":69,"column":32}},"69":{"start":{"line":70,"column":0},"end":{"line":70,"column":30}},"70":{"start":{"line":71,"column":0},"end":{"line":71,"column":6}},"71":{"start":{"line":72,"column":0},"end":{"line":72,"column":19}},"74":{"start":{"line":75,"column":0},"end":{"line":75,"column":58}},"76":{"start":{"line":77,"column":0},"end":{"line":77,"column":41}},"77":{"start":{"line":78,"column":0},"end":{"line":78,"column":12}},"78":{"start":{"line":79,"column":0},"end":{"line":79,"column":36}},"79":{"start":{"line":80,"column":0},"end":{"line":80,"column":14}},"81":{"start":{"line":82,"column":0},"end":{"line":82,"column":41}},"82":{"start":{"line":83,"column":0},"end":{"line":83,"column":35}},"83":{"start":{"line":84,"column":0},"end":{"line":84,"column":34}},"84":{"start":{"line":85,"column":0},"end":{"line":85,"column":57}},"85":{"start":{"line":86,"column":0},"end":{"line":86,"column":31}},"86":{"start":{"line":87,"column":0},"end":{"line":87,"column":7}},"87":{"start":{"line":88,"column":0},"end":{"line":88,"column":6}},"88":{"start":{"line":89,"column":0},"end":{"line":89,"column":21}},"91":{"start":{"line":92,"column":0},"end":{"line":92,"column":49}},"92":{"start":{"line":93,"column":0},"end":{"line":93,"column":9}},"93":{"start":{"line":94,"column":0},"end":{"line":94,"column":26}},"94":{"start":{"line":95,"column":0},"end":{"line":95,"column":56}},"95":{"start":{"line":96,"column":0},"end":{"line":96,"column":50}},"96":{"start":{"line":97,"column":0},"end":{"line":97,"column":29}},"97":{"start":{"line":98,"column":0},"end":{"line":98,"column":42}},"98":{"start":{"line":99,"column":0},"end":{"line":99,"column":64}},"99":{"start":{"line":100,"column":0},"end":{"line":100,"column":9}},"100":{"start":{"line":101,"column":0},"end":{"line":101,"column":29}},"101":{"start":{"line":102,"column":0},"end":{"line":102,"column":21}},"102":{"start":{"line":103,"column":0},"end":{"line":103,"column":48}},"103":{"start":{"line":104,"column":0},"end":{"line":104,"column":5}},"104":{"start":{"line":105,"column":0},"end":{"line":105,"column":37}},"106":{"start":{"line":107,"column":0},"end":{"line":107,"column":40}},"107":{"start":{"line":108,"column":0},"end":{"line":108,"column":52}},"108":{"start":{"line":109,"column":0},"end":{"line":109,"column":47}},"109":{"start":{"line":110,"column":0},"end":{"line":110,"column":32}},"110":{"start":{"line":111,"column":0},"end":{"line":111,"column":46}},"111":{"start":{"line":112,"column":0},"end":{"line":112,"column":33}},"112":{"start":{"line":113,"column":0},"end":{"line":113,"column":47}},"113":{"start":{"line":114,"column":0},"end":{"line":114,"column":5}},"114":{"start":{"line":115,"column":0},"end":{"line":115,"column":80}},"116":{"start":{"line":117,"column":0},"end":{"line":117,"column":33}},"117":{"start":{"line":118,"column":0},"end":{"line":118,"column":60}},"118":{"start":{"line":119,"column":0},"end":{"line":119,"column":35}},"119":{"start":{"line":120,"column":0},"end":{"line":120,"column":6}},"120":{"start":{"line":121,"column":0},"end":{"line":121,"column":12}},"123":{"start":{"line":124,"column":0},"end":{"line":124,"column":48}},"124":{"start":{"line":125,"column":0},"end":{"line":125,"column":9}},"125":{"start":{"line":126,"column":0},"end":{"line":126,"column":91}},"126":{"start":{"line":127,"column":0},"end":{"line":127,"column":56}},"127":{"start":{"line":128,"column":0},"end":{"line":128,"column":30}},"128":{"start":{"line":129,"column":0},"end":{"line":129,"column":47}},"129":{"start":{"line":130,"column":0},"end":{"line":130,"column":35}},"130":{"start":{"line":131,"column":0},"end":{"line":131,"column":30}},"131":{"start":{"line":132,"column":0},"end":{"line":132,"column":66}},"132":{"start":{"line":133,"column":0},"end":{"line":133,"column":34}},"133":{"start":{"line":134,"column":0},"end":{"line":134,"column":21}},"134":{"start":{"line":135,"column":0},"end":{"line":135,"column":44}},"135":{"start":{"line":136,"column":0},"end":{"line":136,"column":5}},"136":{"start":{"line":137,"column":0},"end":{"line":137,"column":58}},"138":{"start":{"line":139,"column":0},"end":{"line":139,"column":40}},"139":{"start":{"line":140,"column":0},"end":{"line":140,"column":30}},"140":{"start":{"line":141,"column":0},"end":{"line":141,"column":53}},"141":{"start":{"line":142,"column":0},"end":{"line":142,"column":29}},"142":{"start":{"line":143,"column":0},"end":{"line":143,"column":49}},"143":{"start":{"line":144,"column":0},"end":{"line":144,"column":36}},"144":{"start":{"line":145,"column":0},"end":{"line":145,"column":71}},"145":{"start":{"line":146,"column":0},"end":{"line":146,"column":26}},"146":{"start":{"line":147,"column":0},"end":{"line":147,"column":41}},"147":{"start":{"line":148,"column":0},"end":{"line":148,"column":36}},"148":{"start":{"line":149,"column":0},"end":{"line":149,"column":71}},"149":{"start":{"line":150,"column":0},"end":{"line":150,"column":77}},"150":{"start":{"line":151,"column":0},"end":{"line":151,"column":81}},"151":{"start":{"line":152,"column":0},"end":{"line":152,"column":30}},"152":{"start":{"line":153,"column":0},"end":{"line":153,"column":75}},"153":{"start":{"line":154,"column":0},"end":{"line":154,"column":48}},"154":{"start":{"line":155,"column":0},"end":{"line":155,"column":6}},"155":{"start":{"line":156,"column":0},"end":{"line":156,"column":74}},"158":{"start":{"line":159,"column":0},"end":{"line":159,"column":10}},"159":{"start":{"line":160,"column":0},"end":{"line":160,"column":65}},"161":{"start":{"line":162,"column":0},"end":{"line":162,"column":50}},"162":{"start":{"line":163,"column":0},"end":{"line":163,"column":87}},"163":{"start":{"line":164,"column":0},"end":{"line":164,"column":17}},"164":{"start":{"line":165,"column":0},"end":{"line":165,"column":33}},"165":{"start":{"line":166,"column":0},"end":{"line":166,"column":52}},"166":{"start":{"line":167,"column":0},"end":{"line":167,"column":109}},"168":{"start":{"line":169,"column":0},"end":{"line":169,"column":162}},"169":{"start":{"line":170,"column":0},"end":{"line":170,"column":39}},"170":{"start":{"line":171,"column":0},"end":{"line":171,"column":82}},"171":{"start":{"line":172,"column":0},"end":{"line":172,"column":32}},"173":{"start":{"line":174,"column":0},"end":{"line":174,"column":77}},"174":{"start":{"line":175,"column":0},"end":{"line":175,"column":35}},"178":{"start":{"line":179,"column":0},"end":{"line":179,"column":51}},"179":{"start":{"line":180,"column":0},"end":{"line":180,"column":32}},"180":{"start":{"line":181,"column":0},"end":{"line":181,"column":19}},"181":{"start":{"line":182,"column":0},"end":{"line":182,"column":35}},"182":{"start":{"line":183,"column":0},"end":{"line":183,"column":57}},"183":{"start":{"line":184,"column":0},"end":{"line":184,"column":113}},"185":{"start":{"line":186,"column":0},"end":{"line":186,"column":36}},"186":{"start":{"line":187,"column":0},"end":{"line":187,"column":93}},"188":{"start":{"line":189,"column":0},"end":{"line":189,"column":92}},"196":{"start":{"line":197,"column":0},"end":{"line":197,"column":52}},"197":{"start":{"line":198,"column":0},"end":{"line":198,"column":35}},"199":{"start":{"line":200,"column":0},"end":{"line":200,"column":27}},"200":{"start":{"line":201,"column":0},"end":{"line":201,"column":90}},"201":{"start":{"line":202,"column":0},"end":{"line":202,"column":80}},"202":{"start":{"line":203,"column":0},"end":{"line":203,"column":29}},"208":{"start":{"line":209,"column":0},"end":{"line":209,"column":23}},"209":{"start":{"line":210,"column":0},"end":{"line":210,"column":32}},"210":{"start":{"line":211,"column":0},"end":{"line":211,"column":43}},"211":{"start":{"line":212,"column":0},"end":{"line":212,"column":39}},"212":{"start":{"line":213,"column":0},"end":{"line":213,"column":36}},"216":{"start":{"line":217,"column":0},"end":{"line":217,"column":48}},"217":{"start":{"line":218,"column":0},"end":{"line":218,"column":51}},"218":{"start":{"line":219,"column":0},"end":{"line":219,"column":65}},"219":{"start":{"line":220,"column":0},"end":{"line":220,"column":48}},"220":{"start":{"line":221,"column":0},"end":{"line":221,"column":122}},"221":{"start":{"line":222,"column":0},"end":{"line":222,"column":38}},"223":{"start":{"line":224,"column":0},"end":{"line":224,"column":96}},"224":{"start":{"line":225,"column":0},"end":{"line":225,"column":39}},"227":{"start":{"line":228,"column":0},"end":{"line":228,"column":49}},"228":{"start":{"line":229,"column":0},"end":{"line":229,"column":122}},"229":{"start":{"line":230,"column":0},"end":{"line":230,"column":37}},"231":{"start":{"line":232,"column":0},"end":{"line":232,"column":89}},"232":{"start":{"line":233,"column":0},"end":{"line":233,"column":69}},"240":{"start":{"line":241,"column":0},"end":{"line":241,"column":48}},"241":{"start":{"line":242,"column":0},"end":{"line":242,"column":14}},"242":{"start":{"line":243,"column":0},"end":{"line":243,"column":29}},"243":{"start":{"line":244,"column":0},"end":{"line":244,"column":45}},"244":{"start":{"line":245,"column":0},"end":{"line":245,"column":64}},"248":{"start":{"line":249,"column":0},"end":{"line":249,"column":21}},"249":{"start":{"line":250,"column":0},"end":{"line":250,"column":39}},"250":{"start":{"line":251,"column":0},"end":{"line":251,"column":64}},"251":{"start":{"line":252,"column":0},"end":{"line":252,"column":94}},"252":{"start":{"line":253,"column":0},"end":{"line":253,"column":28}},"255":{"start":{"line":256,"column":0},"end":{"line":256,"column":20}},"256":{"start":{"line":257,"column":0},"end":{"line":257,"column":59}},"257":{"start":{"line":258,"column":0},"end":{"line":258,"column":197}},"258":{"start":{"line":259,"column":0},"end":{"line":259,"column":106}},"259":{"start":{"line":260,"column":0},"end":{"line":260,"column":19}},"260":{"start":{"line":261,"column":0},"end":{"line":261,"column":18}},"262":{"start":{"line":263,"column":0},"end":{"line":263,"column":83}},"268":{"start":{"line":269,"column":0},"end":{"line":269,"column":55}},"269":{"start":{"line":270,"column":0},"end":{"line":270,"column":24}},"270":{"start":{"line":271,"column":0},"end":{"line":271,"column":39}},"271":{"start":{"line":272,"column":0},"end":{"line":272,"column":66}},"272":{"start":{"line":273,"column":0},"end":{"line":273,"column":87}},"276":{"start":{"line":277,"column":0},"end":{"line":277,"column":51}},"277":{"start":{"line":278,"column":0},"end":{"line":278,"column":29}},"278":{"start":{"line":279,"column":0},"end":{"line":279,"column":45}},"279":{"start":{"line":280,"column":0},"end":{"line":280,"column":47}},"280":{"start":{"line":281,"column":0},"end":{"line":281,"column":103}},"281":{"start":{"line":282,"column":0},"end":{"line":282,"column":24}},"282":{"start":{"line":283,"column":0},"end":{"line":283,"column":57}},"283":{"start":{"line":284,"column":0},"end":{"line":284,"column":44}},"284":{"start":{"line":285,"column":0},"end":{"line":285,"column":78}},"286":{"start":{"line":287,"column":0},"end":{"line":287,"column":40}},"287":{"start":{"line":288,"column":0},"end":{"line":288,"column":41}},"288":{"start":{"line":289,"column":0},"end":{"line":289,"column":43}},"289":{"start":{"line":290,"column":0},"end":{"line":290,"column":47}},"290":{"start":{"line":291,"column":0},"end":{"line":291,"column":81}},"295":{"start":{"line":296,"column":0},"end":{"line":296,"column":49}},"296":{"start":{"line":297,"column":0},"end":{"line":297,"column":29}},"297":{"start":{"line":298,"column":0},"end":{"line":298,"column":41}},"298":{"start":{"line":299,"column":0},"end":{"line":299,"column":33}},"299":{"start":{"line":300,"column":0},"end":{"line":300,"column":32}},"300":{"start":{"line":301,"column":0},"end":{"line":301,"column":35}},"301":{"start":{"line":302,"column":0},"end":{"line":302,"column":37}},"302":{"start":{"line":303,"column":0},"end":{"line":303,"column":29}},"303":{"start":{"line":304,"column":0},"end":{"line":304,"column":43}},"304":{"start":{"line":305,"column":0},"end":{"line":305,"column":62}},"305":{"start":{"line":306,"column":0},"end":{"line":306,"column":46}},"306":{"start":{"line":307,"column":0},"end":{"line":307,"column":43}},"307":{"start":{"line":308,"column":0},"end":{"line":308,"column":47}},"308":{"start":{"line":309,"column":0},"end":{"line":309,"column":43}},"314":{"start":{"line":315,"column":0},"end":{"line":315,"column":69}},"315":{"start":{"line":316,"column":0},"end":{"line":316,"column":61}},"316":{"start":{"line":317,"column":0},"end":{"line":317,"column":84}},"317":{"start":{"line":318,"column":0},"end":{"line":318,"column":44}},"319":{"start":{"line":320,"column":0},"end":{"line":320,"column":75}},"320":{"start":{"line":321,"column":0},"end":{"line":321,"column":43}},"323":{"start":{"line":324,"column":0},"end":{"line":324,"column":61}},"324":{"start":{"line":325,"column":0},"end":{"line":325,"column":84}},"325":{"start":{"line":326,"column":0},"end":{"line":326,"column":43}},"327":{"start":{"line":328,"column":0},"end":{"line":328,"column":75}},"328":{"start":{"line":329,"column":0},"end":{"line":329,"column":42}},"331":{"start":{"line":332,"column":0},"end":{"line":332,"column":61}},"332":{"start":{"line":333,"column":0},"end":{"line":333,"column":84}},"333":{"start":{"line":334,"column":0},"end":{"line":334,"column":42}},"335":{"start":{"line":336,"column":0},"end":{"line":336,"column":75}},"336":{"start":{"line":337,"column":0},"end":{"line":337,"column":41}},"343":{"start":{"line":344,"column":0},"end":{"line":344,"column":49}},"344":{"start":{"line":345,"column":0},"end":{"line":345,"column":71}},"345":{"start":{"line":346,"column":0},"end":{"line":346,"column":29}},"350":{"start":{"line":351,"column":0},"end":{"line":351,"column":1}},"352":{"start":{"line":353,"column":0},"end":{"line":353,"column":19}}},"s":{"0":1,"1":1,"2":1,"3":1,"4":1,"6":1,"7":1,"8":1,"9":1,"10":1,"11":1,"13":18,"14":18,"15":18,"16":18,"17":18,"18":18,"19":18,"20":18,"21":18,"22":18,"23":18,"24":18,"25":18,"26":18,"27":18,"28":18,"29":18,"30":18,"31":18,"33":18,"35":18,"36":18,"37":16,"38":16,"40":16,"41":96,"42":96,"43":96,"44":60,"45":60,"46":60,"47":60,"48":96,"49":96,"51":16,"52":16,"53":16,"54":16,"55":16,"56":16,"57":18,"59":18,"60":18,"61":18,"62":18,"63":18,"64":18,"66":18,"67":18,"68":1,"69":1,"70":1,"71":18,"74":18,"76":18,"77":1,"78":1,"79":18,"81":18,"82":18,"83":5,"84":5,"85":1,"86":1,"87":5,"88":18,"91":18,"92":2,"93":2,"94":2,"95":2,"96":2,"97":2,"98":2,"99":2,"100":1,"101":1,"102":1,"103":1,"104":18,"106":18,"107":1,"108":1,"109":1,"110":0,"111":0,"112":0,"113":0,"114":18,"116":18,"117":18,"118":1,"119":1,"120":18,"123":18,"124":2,"125":2,"126":2,"127":2,"128":0,"129":0,"130":0,"131":2,"132":2,"133":1,"134":1,"135":1,"136":18,"138":18,"139":18,"140":0,"141":0,"142":0,"143":0,"144":0,"145":0,"146":0,"147":0,"148":0,"149":0,"150":0,"151":0,"152":0,"153":0,"154":0,"155":18,"158":18,"159":18,"161":18,"162":18,"163":18,"164":18,"165":18,"166":18,"168":18,"169":18,"170":18,"171":18,"173":18,"174":18,"178":18,"179":18,"180":18,"181":18,"182":18,"183":18,"185":18,"186":18,"188":18,"196":18,"197":18,"199":18,"200":18,"201":18,"202":18,"208":18,"209":18,"210":18,"211":18,"212":18,"216":18,"217":18,"218":18,"219":18,"220":18,"221":18,"223":18,"224":18,"227":18,"228":18,"229":18,"231":18,"232":18,"240":18,"241":18,"242":18,"243":18,"244":18,"248":18,"249":18,"250":18,"251":18,"252":18,"255":18,"256":18,"257":10,"258":2,"259":18,"260":18,"262":18,"268":18,"269":18,"270":18,"271":18,"272":18,"276":18,"277":18,"278":18,"279":18,"280":18,"281":18,"282":18,"283":3,"284":6,"286":18,"287":18,"288":18,"289":18,"290":18,"295":18,"296":18,"297":18,"298":18,"299":18,"300":18,"301":18,"302":18,"303":18,"304":18,"305":18,"306":18,"307":18,"308":18,"314":18,"315":18,"316":18,"317":18,"319":18,"320":18,"323":18,"324":18,"325":18,"327":18,"328":18,"331":18,"332":18,"333":18,"335":18,"336":18,"343":18,"344":18,"345":18,"350":18,"352":1},"branchMap":{"0":{"type":"branch","line":14,"loc":{"start":{"line":14,"column":0},"end":{"line":351,"column":1}},"locations":[{"start":{"line":14,"column":0},"end":{"line":351,"column":1}}]},"1":{"type":"branch","line":217,"loc":{"start":{"line":217,"column":11},"end":{"line":217,"column":43}},"locations":[{"start":{"line":217,"column":11},"end":{"line":217,"column":43}}]},"2":{"type":"branch","line":241,"loc":{"start":{"line":241,"column":11},"end":{"line":241,"column":43}},"locations":[{"start":{"line":241,"column":11},"end":{"line":241,"column":43}}]},"3":{"type":"branch","line":245,"loc":{"start":{"line":245,"column":44},"end":{"line":245,"column":63}},"locations":[{"start":{"line":245,"column":44},"end":{"line":245,"column":63}}]},"4":{"type":"branch","line":251,"loc":{"start":{"line":251,"column":44},"end":{"line":251,"column":63}},"locations":[{"start":{"line":251,"column":44},"end":{"line":251,"column":63}}]},"5":{"type":"branch","line":252,"loc":{"start":{"line":252,"column":46},"end":{"line":252,"column":75}},"locations":[{"start":{"line":252,"column":46},"end":{"line":252,"column":75}}]},"6":{"type":"branch","line":252,"loc":{"start":{"line":252,"column":51},"end":{"line":252,"column":94}},"locations":[{"start":{"line":252,"column":51},"end":{"line":252,"column":94}}]},"7":{"type":"branch","line":257,"loc":{"start":{"line":257,"column":39},"end":{"line":257,"column":59}},"locations":[{"start":{"line":257,"column":39},"end":{"line":257,"column":59}}]},"8":{"type":"branch","line":258,"loc":{"start":{"line":258,"column":-1},"end":{"line":258,"column":197}},"locations":[{"start":{"line":258,"column":-1},"end":{"line":258,"column":197}}]},"9":{"type":"branch","line":258,"loc":{"start":{"line":258,"column":24},"end":{"line":259,"column":106}},"locations":[{"start":{"line":258,"column":24},"end":{"line":259,"column":106}}]},"10":{"type":"branch","line":263,"loc":{"start":{"line":263,"column":35},"end":{"line":263,"column":64}},"locations":[{"start":{"line":263,"column":35},"end":{"line":263,"column":64}}]},"11":{"type":"branch","line":263,"loc":{"start":{"line":263,"column":40},"end":{"line":263,"column":83}},"locations":[{"start":{"line":263,"column":40},"end":{"line":263,"column":83}}]},"12":{"type":"branch","line":269,"loc":{"start":{"line":269,"column":30},"end":{"line":269,"column":48}},"locations":[{"start":{"line":269,"column":30},"end":{"line":269,"column":48}}]},"13":{"type":"branch","line":272,"loc":{"start":{"line":272,"column":46},"end":{"line":272,"column":65}},"locations":[{"start":{"line":272,"column":46},"end":{"line":272,"column":65}}]},"14":{"type":"branch","line":273,"loc":{"start":{"line":273,"column":38},"end":{"line":273,"column":63}},"locations":[{"start":{"line":273,"column":38},"end":{"line":273,"column":63}}]},"15":{"type":"branch","line":273,"loc":{"start":{"line":273,"column":43},"end":{"line":273,"column":87}},"locations":[{"start":{"line":273,"column":43},"end":{"line":273,"column":87}}]},"16":{"type":"branch","line":277,"loc":{"start":{"line":277,"column":12},"end":{"line":277,"column":44}},"locations":[{"start":{"line":277,"column":12},"end":{"line":277,"column":44}}]},"17":{"type":"branch","line":281,"loc":{"start":{"line":281,"column":40},"end":{"line":281,"column":68}},"locations":[{"start":{"line":281,"column":40},"end":{"line":281,"column":68}}]},"18":{"type":"branch","line":281,"loc":{"start":{"line":281,"column":56},"end":{"line":281,"column":71}},"locations":[{"start":{"line":281,"column":56},"end":{"line":281,"column":71}}]},"19":{"type":"branch","line":281,"loc":{"start":{"line":281,"column":71},"end":{"line":281,"column":100}},"locations":[{"start":{"line":281,"column":71},"end":{"line":281,"column":100}}]},"20":{"type":"branch","line":281,"loc":{"start":{"line":281,"column":88},"end":{"line":281,"column":103}},"locations":[{"start":{"line":281,"column":88},"end":{"line":281,"column":103}}]},"21":{"type":"branch","line":283,"loc":{"start":{"line":283,"column":34},"end":{"line":283,"column":57}},"locations":[{"start":{"line":283,"column":34},"end":{"line":283,"column":57}}]},"22":{"type":"branch","line":283,"loc":{"start":{"line":283,"column":42},"end":{"line":284,"column":44}},"locations":[{"start":{"line":283,"column":42},"end":{"line":284,"column":44}}]},"23":{"type":"branch","line":285,"loc":{"start":{"line":285,"column":-1},"end":{"line":285,"column":78}},"locations":[{"start":{"line":285,"column":-1},"end":{"line":285,"column":78}}]},"24":{"type":"branch","line":285,"loc":{"start":{"line":285,"column":20},"end":{"line":285,"column":48}},"locations":[{"start":{"line":285,"column":20},"end":{"line":285,"column":48}}]},"25":{"type":"branch","line":285,"loc":{"start":{"line":285,"column":36},"end":{"line":285,"column":77}},"locations":[{"start":{"line":285,"column":36},"end":{"line":285,"column":77}}]},"26":{"type":"branch","line":285,"loc":{"start":{"line":285,"column":65},"end":{"line":285,"column":78}},"locations":[{"start":{"line":285,"column":65},"end":{"line":285,"column":78}}]},"27":{"type":"branch","line":296,"loc":{"start":{"line":296,"column":12},"end":{"line":296,"column":42}},"locations":[{"start":{"line":296,"column":12},"end":{"line":296,"column":42}}]},"28":{"type":"branch","line":305,"loc":{"start":{"line":305,"column":27},"end":{"line":305,"column":59}},"locations":[{"start":{"line":305,"column":27},"end":{"line":305,"column":59}}]},"29":{"type":"branch","line":37,"loc":{"start":{"line":37,"column":12},"end":{"line":58,"column":5}},"locations":[{"start":{"line":37,"column":12},"end":{"line":58,"column":5}}]},"30":{"type":"branch","line":41,"loc":{"start":{"line":41,"column":26},"end":{"line":50,"column":6}},"locations":[{"start":{"line":41,"column":26},"end":{"line":50,"column":6}}]},"31":{"type":"branch","line":42,"loc":{"start":{"line":42,"column":24},"end":{"line":42,"column":50}},"locations":[{"start":{"line":42,"column":24},"end":{"line":42,"column":50}}]},"32":{"type":"branch","line":42,"loc":{"start":{"line":42,"column":37},"end":{"line":42,"column":57}},"locations":[{"start":{"line":42,"column":37},"end":{"line":42,"column":57}}]},"33":{"type":"branch","line":44,"loc":{"start":{"line":44,"column":17},"end":{"line":48,"column":7}},"locations":[{"start":{"line":44,"column":17},"end":{"line":48,"column":7}}]},"34":{"type":"branch","line":68,"loc":{"start":{"line":68,"column":4},"end":{"line":71,"column":6}},"locations":[{"start":{"line":68,"column":4},"end":{"line":71,"column":6}}]},"35":{"type":"branch","line":77,"loc":{"start":{"line":77,"column":34},"end":{"line":80,"column":5}},"locations":[{"start":{"line":77,"column":34},"end":{"line":80,"column":5}}]},"36":{"type":"branch","line":79,"loc":{"start":{"line":79,"column":22},"end":{"line":79,"column":36}},"locations":[{"start":{"line":79,"column":22},"end":{"line":79,"column":36}}]},"37":{"type":"branch","line":83,"loc":{"start":{"line":83,"column":4},"end":{"line":88,"column":6}},"locations":[{"start":{"line":83,"column":4},"end":{"line":88,"column":6}}]},"38":{"type":"branch","line":85,"loc":{"start":{"line":85,"column":28},"end":{"line":85,"column":56}},"locations":[{"start":{"line":85,"column":28},"end":{"line":85,"column":56}}]},"39":{"type":"branch","line":85,"loc":{"start":{"line":85,"column":56},"end":{"line":87,"column":7}},"locations":[{"start":{"line":85,"column":56},"end":{"line":87,"column":7}}]},"40":{"type":"branch","line":92,"loc":{"start":{"line":92,"column":36},"end":{"line":105,"column":5}},"locations":[{"start":{"line":92,"column":36},"end":{"line":105,"column":5}}]},"41":{"type":"branch","line":100,"loc":{"start":{"line":100,"column":6},"end":{"line":104,"column":5}},"locations":[{"start":{"line":100,"column":6},"end":{"line":104,"column":5}}]},"42":{"type":"branch","line":107,"loc":{"start":{"line":107,"column":33},"end":{"line":115,"column":5}},"locations":[{"start":{"line":107,"column":33},"end":{"line":115,"column":5}}]},"43":{"type":"branch","line":110,"loc":{"start":{"line":110,"column":4},"end":{"line":114,"column":5}},"locations":[{"start":{"line":110,"column":4},"end":{"line":114,"column":5}}]},"44":{"type":"branch","line":118,"loc":{"start":{"line":118,"column":4},"end":{"line":120,"column":6}},"locations":[{"start":{"line":118,"column":4},"end":{"line":120,"column":6}}]},"45":{"type":"branch","line":124,"loc":{"start":{"line":124,"column":35},"end":{"line":137,"column":5}},"locations":[{"start":{"line":124,"column":35},"end":{"line":137,"column":5}}]},"46":{"type":"branch","line":126,"loc":{"start":{"line":126,"column":23},"end":{"line":126,"column":83}},"locations":[{"start":{"line":126,"column":23},"end":{"line":126,"column":83}}]},"47":{"type":"branch","line":128,"loc":{"start":{"line":128,"column":12},"end":{"line":131,"column":30}},"locations":[{"start":{"line":128,"column":12},"end":{"line":131,"column":30}}]},"48":{"type":"branch","line":133,"loc":{"start":{"line":133,"column":24},"end":{"line":136,"column":5}},"locations":[{"start":{"line":133,"column":24},"end":{"line":136,"column":5}}]},"49":{"type":"branch","line":291,"loc":{"start":{"line":291,"column":22},"end":{"line":291,"column":81}},"locations":[{"start":{"line":291,"column":22},"end":{"line":291,"column":81}}]}},"b":{"0":[18],"1":[12],"2":[12],"3":[10],"4":[10],"5":[2],"6":[10],"7":[10],"8":[10],"9":[2],"10":[2],"11":[10],"12":[16],"13":[1],"14":[1],"15":[2],"16":[11],"17":[7],"18":[2],"19":[7],"20":[2],"21":[3],"22":[3],"23":[6],"24":[4],"25":[2],"26":[0],"27":[11],"28":[7],"29":[16],"30":[96],"31":[32],"32":[64],"33":[60],"34":[1],"35":[1],"36":[1],"37":[5],"38":[1],"39":[1],"40":[2],"41":[1],"42":[1],"43":[0],"44":[1],"45":[2],"46":[0],"47":[0],"48":[1],"49":[1]},"fnMap":{"0":{"name":"App","decl":{"start":{"line":14,"column":0},"end":{"line":351,"column":1}},"loc":{"start":{"line":14,"column":0},"end":{"line":351,"column":1}},"line":14},"1":{"name":"updateMetaTag","decl":{"start":{"line":41,"column":26},"end":{"line":50,"column":6}},"loc":{"start":{"line":41,"column":26},"end":{"line":50,"column":6}},"line":41},"2":{"name":"onSeek","decl":{"start":{"line":291,"column":22},"end":{"line":291,"column":81}},"loc":{"start":{"line":291,"column":22},"end":{"line":291,"column":81}},"line":291}},"f":{"0":18,"1":96,"2":1}}
,"/home/alegzandr/dev/pitch-songs/src/main.tsx": {"path":"/home/alegzandr/dev/pitch-songs/src/main.tsx","all":false,"statementMap":{"0":{"start":{"line":1,"column":0},"end":{"line":1,"column":34}},"1":{"start":{"line":2,"column":0},"end":{"line":2,"column":45}},"2":{"start":{"line":3,"column":0},"end":{"line":3,"column":20}},"3":{"start":{"line":4,"column":0},"end":{"line":4,"column":22}},"4":{"start":{"line":5,"column":0},"end":{"line":5,"column":27}},"5":{"start":{"line":6,"column":0},"end":{"line":6,"column":55}},"7":{"start":{"line":8,"column":0},"end":{"line":8,"column":52}},"8":{"start":{"line":9,"column":0},"end":{"line":9,"column":14}},"9":{"start":{"line":10,"column":0},"end":{"line":10,"column":19}},"10":{"start":{"line":11,"column":0},"end":{"line":11,"column":13}}},"s":{"0":1,"1":1,"2":1,"3":1,"4":1,"5":1,"7":1,"8":1,"9":1,"10":1},"branchMap":{},"b":{},"fnMap":{},"f":{}}
,"/home/alegzandr/dev/pitch-songs/src/components/EffectControls.tsx": {"path":"/home/alegzandr/dev/pitch-songs/src/components/EffectControls.tsx","all":false,"statementMap":{"0":{"start":{"line":1,"column":0},"end":{"line":1,"column":44}},"19":{"start":{"line":20,"column":0},"end":{"line":20,"column":77}},"20":{"start":{"line":21,"column":0},"end":{"line":21,"column":33}},"21":{"start":{"line":22,"column":0},"end":{"line":22,"column":59}},"22":{"start":{"line":23,"column":0},"end":{"line":23,"column":62}},"23":{"start":{"line":24,"column":0},"end":{"line":24,"column":56}},"24":{"start":{"line":25,"column":0},"end":{"line":25,"column":46}},"25":{"start":{"line":26,"column":0},"end":{"line":26,"column":68}},"27":{"start":{"line":28,"column":0},"end":{"line":28,"column":19}},"28":{"start":{"line":29,"column":0},"end":{"line":29,"column":30}},"29":{"start":{"line":30,"column":0},"end":{"line":30,"column":71}},"30":{"start":{"line":31,"column":0},"end":{"line":31,"column":40}},"31":{"start":{"line":32,"column":0},"end":{"line":32,"column":76}},"32":{"start":{"line":33,"column":0},"end":{"line":33,"column":12}},"33":{"start":{"line":34,"column":0},"end":{"line":34,"column":102}},"34":{"start":{"line":35,"column":0},"end":{"line":35,"column":5}},"35":{"start":{"line":36,"column":0},"end":{"line":36,"column":85}},"37":{"start":{"line":38,"column":0},"end":{"line":38,"column":10}},"38":{"start":{"line":39,"column":0},"end":{"line":39,"column":31}},"40":{"start":{"line":41,"column":0},"end":{"line":41,"column":46}},"41":{"start":{"line":42,"column":0},"end":{"line":42,"column":15}},"42":{"start":{"line":43,"column":0},"end":{"line":43,"column":45}},"43":{"start":{"line":44,"column":0},"end":{"line":44,"column":29}},"44":{"start":{"line":45,"column":0},"end":{"line":45,"column":44}},"45":{"start":{"line":46,"column":0},"end":{"line":46,"column":43}},"46":{"start":{"line":47,"column":0},"end":{"line":47,"column":22}},"50":{"start":{"line":51,"column":0},"end":{"line":51,"column":14}},"51":{"start":{"line":52,"column":0},"end":{"line":52,"column":33}},"52":{"start":{"line":53,"column":0},"end":{"line":53,"column":98}},"53":{"start":{"line":54,"column":0},"end":{"line":54,"column":47}},"55":{"start":{"line":56,"column":0},"end":{"line":56,"column":76}},"56":{"start":{"line":57,"column":0},"end":{"line":57,"column":12}},"58":{"start":{"line":59,"column":0},"end":{"line":59,"column":75}},"59":{"start":{"line":60,"column":0},"end":{"line":60,"column":163}},"60":{"start":{"line":61,"column":0},"end":{"line":61,"column":120}},"61":{"start":{"line":62,"column":0},"end":{"line":62,"column":36}},"65":{"start":{"line":66,"column":0},"end":{"line":66,"column":15}},"66":{"start":{"line":67,"column":0},"end":{"line":67,"column":48}},"67":{"start":{"line":68,"column":0},"end":{"line":68,"column":29}},"68":{"start":{"line":69,"column":0},"end":{"line":69,"column":47}},"69":{"start":{"line":70,"column":0},"end":{"line":70,"column":46}},"70":{"start":{"line":71,"column":0},"end":{"line":71,"column":22}},"74":{"start":{"line":75,"column":0},"end":{"line":75,"column":14}},"75":{"start":{"line":76,"column":0},"end":{"line":76,"column":36}},"76":{"start":{"line":77,"column":0},"end":{"line":77,"column":98}},"77":{"start":{"line":78,"column":0},"end":{"line":78,"column":47}},"79":{"start":{"line":80,"column":0},"end":{"line":80,"column":76}},"80":{"start":{"line":81,"column":0},"end":{"line":81,"column":12}},"82":{"start":{"line":83,"column":0},"end":{"line":83,"column":75}},"83":{"start":{"line":84,"column":0},"end":{"line":84,"column":168}},"84":{"start":{"line":85,"column":0},"end":{"line":85,"column":123}},"85":{"start":{"line":86,"column":0},"end":{"line":86,"column":39}},"89":{"start":{"line":90,"column":0},"end":{"line":90,"column":15}},"90":{"start":{"line":91,"column":0},"end":{"line":91,"column":42}},"91":{"start":{"line":92,"column":0},"end":{"line":92,"column":29}},"92":{"start":{"line":93,"column":0},"end":{"line":93,"column":41}},"93":{"start":{"line":94,"column":0},"end":{"line":94,"column":40}},"94":{"start":{"line":95,"column":0},"end":{"line":95,"column":22}},"98":{"start":{"line":99,"column":0},"end":{"line":99,"column":14}},"99":{"start":{"line":100,"column":0},"end":{"line":100,"column":30}},"100":{"start":{"line":101,"column":0},"end":{"line":101,"column":98}},"101":{"start":{"line":102,"column":0},"end":{"line":102,"column":47}},"103":{"start":{"line":104,"column":0},"end":{"line":104,"column":76}},"104":{"start":{"line":105,"column":0},"end":{"line":105,"column":12}},"106":{"start":{"line":107,"column":0},"end":{"line":107,"column":75}},"107":{"start":{"line":108,"column":0},"end":{"line":108,"column":160}},"108":{"start":{"line":109,"column":0},"end":{"line":109,"column":117}},"109":{"start":{"line":110,"column":0},"end":{"line":110,"column":33}},"116":{"start":{"line":117,"column":0},"end":{"line":117,"column":45}},"117":{"start":{"line":118,"column":0},"end":{"line":118,"column":32}},"118":{"start":{"line":119,"column":0},"end":{"line":119,"column":37}},"119":{"start":{"line":120,"column":0},"end":{"line":120,"column":68}},"120":{"start":{"line":121,"column":0},"end":{"line":121,"column":106}},"121":{"start":{"line":122,"column":0},"end":{"line":122,"column":36}},"123":{"start":{"line":124,"column":0},"end":{"line":124,"column":106}},"124":{"start":{"line":125,"column":0},"end":{"line":125,"column":45}},"127":{"start":{"line":128,"column":0},"end":{"line":128,"column":18}},"128":{"start":{"line":129,"column":0},"end":{"line":129,"column":31}},"129":{"start":{"line":130,"column":0},"end":{"line":130,"column":26}},"130":{"start":{"line":131,"column":0},"end":{"line":131,"column":23}},"131":{"start":{"line":132,"column":0},"end":{"line":132,"column":23}},"132":{"start":{"line":133,"column":0},"end":{"line":133,"column":24}},"133":{"start":{"line":134,"column":0},"end":{"line":134,"column":37}},"134":{"start":{"line":135,"column":0},"end":{"line":135,"column":78}},"135":{"start":{"line":136,"column":0},"end":{"line":136,"column":33}},"136":{"start":{"line":137,"column":0},"end":{"line":137,"column":82}},"137":{"start":{"line":138,"column":0},"end":{"line":138,"column":150}},"139":{"start":{"line":140,"column":0},"end":{"line":140,"column":98}},"140":{"start":{"line":141,"column":0},"end":{"line":141,"column":31}},"141":{"start":{"line":142,"column":0},"end":{"line":142,"column":31}},"144":{"start":{"line":145,"column":0},"end":{"line":145,"column":38}},"145":{"start":{"line":146,"column":0},"end":{"line":146,"column":37}},"146":{"start":{"line":147,"column":0},"end":{"line":147,"column":68}},"147":{"start":{"line":148,"column":0},"end":{"line":148,"column":107}},"148":{"start":{"line":149,"column":0},"end":{"line":149,"column":37}},"150":{"start":{"line":151,"column":0},"end":{"line":151,"column":106}},"151":{"start":{"line":152,"column":0},"end":{"line":152,"column":49}},"154":{"start":{"line":155,"column":0},"end":{"line":155,"column":18}},"155":{"start":{"line":156,"column":0},"end":{"line":156,"column":32}},"156":{"start":{"line":157,"column":0},"end":{"line":157,"column":26}},"157":{"start":{"line":158,"column":0},"end":{"line":158,"column":23}},"158":{"start":{"line":159,"column":0},"end":{"line":159,"column":23}},"159":{"start":{"line":160,"column":0},"end":{"line":160,"column":24}},"160":{"start":{"line":161,"column":0},"end":{"line":161,"column":34}},"161":{"start":{"line":162,"column":0},"end":{"line":162,"column":75}},"162":{"start":{"line":163,"column":0},"end":{"line":163,"column":33}},"163":{"start":{"line":164,"column":0},"end":{"line":164,"column":87}},"164":{"start":{"line":165,"column":0},"end":{"line":165,"column":150}},"166":{"start":{"line":167,"column":0},"end":{"line":167,"column":98}},"167":{"start":{"line":168,"column":0},"end":{"line":168,"column":30}},"168":{"start":{"line":169,"column":0},"end":{"line":169,"column":31}},"172":{"start":{"line":173,"column":0},"end":{"line":173,"column":37}},"174":{"start":{"line":175,"column":0},"end":{"line":175,"column":39}},"175":{"start":{"line":176,"column":0},"end":{"line":176,"column":70}},"176":{"start":{"line":177,"column":0},"end":{"line":177,"column":111}},"177":{"start":{"line":178,"column":0},"end":{"line":178,"column":41}},"179":{"start":{"line":180,"column":0},"end":{"line":180,"column":108}},"180":{"start":{"line":181,"column":0},"end":{"line":181,"column":32}},"183":{"start":{"line":184,"column":0},"end":{"line":184,"column":20}},"184":{"start":{"line":185,"column":0},"end":{"line":185,"column":34}},"185":{"start":{"line":186,"column":0},"end":{"line":186,"column":26}},"186":{"start":{"line":187,"column":0},"end":{"line":187,"column":21}},"187":{"start":{"line":188,"column":0},"end":{"line":188,"column":22}},"188":{"start":{"line":189,"column":0},"end":{"line":189,"column":22}},"189":{"start":{"line":190,"column":0},"end":{"line":190,"column":30}},"190":{"start":{"line":191,"column":0},"end":{"line":191,"column":71}},"191":{"start":{"line":192,"column":0},"end":{"line":192,"column":33}},"192":{"start":{"line":193,"column":0},"end":{"line":193,"column":70}},"193":{"start":{"line":194,"column":0},"end":{"line":194,"column":150}},"195":{"start":{"line":196,"column":0},"end":{"line":196,"column":100}},"196":{"start":{"line":197,"column":0},"end":{"line":197,"column":34}},"197":{"start":{"line":198,"column":0},"end":{"line":198,"column":35}},"202":{"start":{"line":203,"column":0},"end":{"line":203,"column":39}},"203":{"start":{"line":204,"column":0},"end":{"line":204,"column":70}},"204":{"start":{"line":205,"column":0},"end":{"line":205,"column":113}},"205":{"start":{"line":206,"column":0},"end":{"line":206,"column":43}},"207":{"start":{"line":208,"column":0},"end":{"line":208,"column":108}},"208":{"start":{"line":209,"column":0},"end":{"line":209,"column":40}},"211":{"start":{"line":212,"column":0},"end":{"line":212,"column":20}},"212":{"start":{"line":213,"column":0},"end":{"line":213,"column":36}},"213":{"start":{"line":214,"column":0},"end":{"line":214,"column":26}},"214":{"start":{"line":215,"column":0},"end":{"line":215,"column":21}},"215":{"start":{"line":216,"column":0},"end":{"line":216,"column":21}},"216":{"start":{"line":217,"column":0},"end":{"line":217,"column":22}},"217":{"start":{"line":218,"column":0},"end":{"line":218,"column":41}},"218":{"start":{"line":219,"column":0},"end":{"line":219,"column":82}},"219":{"start":{"line":220,"column":0},"end":{"line":220,"column":33}},"220":{"start":{"line":221,"column":0},"end":{"line":221,"column":80}},"221":{"start":{"line":222,"column":0},"end":{"line":222,"column":150}},"223":{"start":{"line":224,"column":0},"end":{"line":224,"column":100}},"224":{"start":{"line":225,"column":0},"end":{"line":225,"column":33}},"225":{"start":{"line":226,"column":0},"end":{"line":226,"column":34}},"233":{"start":{"line":234,"column":0},"end":{"line":234,"column":1}}},"s":{"0":1,"19":1,"20":18,"21":18,"22":18,"23":18,"24":18,"25":18,"27":18,"28":12,"29":6,"30":6,"31":2,"32":6,"33":4,"34":4,"35":18,"37":18,"38":18,"40":18,"41":18,"42":18,"43":18,"44":18,"45":18,"46":18,"50":18,"51":18,"52":10,"53":8,"55":18,"56":18,"58":18,"59":18,"60":18,"61":18,"65":18,"66":18,"67":18,"68":18,"69":18,"70":18,"74":18,"75":18,"76":2,"77":16,"79":18,"80":18,"82":18,"83":18,"84":18,"85":18,"89":18,"90":18,"91":18,"92":18,"93":18,"94":18,"98":18,"99":18,"100":6,"101":12,"103":18,"104":18,"106":18,"107":18,"108":18,"109":18,"116":18,"117":18,"118":10,"119":10,"120":10,"121":10,"123":10,"124":10,"127":10,"128":10,"129":10,"130":10,"131":10,"132":10,"133":10,"134":10,"135":10,"136":10,"137":10,"139":10,"140":10,"141":10,"144":18,"145":2,"146":2,"147":2,"148":2,"150":2,"151":2,"154":2,"155":2,"156":2,"157":2,"158":2,"159":2,"160":2,"161":2,"162":2,"163":2,"164":2,"166":2,"167":2,"168":2,"172":18,"174":18,"175":18,"176":18,"177":18,"179":18,"180":18,"183":18,"184":18,"185":18,"186":18,"187":18,"188":18,"189":18,"190":18,"191":18,"192":18,"193":18,"195":18,"196":18,"197":18,"202":18,"203":18,"204":18,"205":18,"207":18,"208":18,"211":18,"212":18,"213":18,"214":18,"215":18,"216":18,"217":18,"218":18,"219":18,"220":18,"221":18,"223":18,"224":18,"225":18,"233":18},"branchMap":{"0":{"type":"branch","line":20,"loc":{"start":{"line":20,"column":7},"end":{"line":234,"column":1}},"locations":[{"start":{"line":20,"column":7},"end":{"line":234,"column":1}}]},"1":{"type":"branch","line":52,"loc":{"start":{"line":52,"column":23},"end":{"line":53,"column":98}},"locations":[{"start":{"line":52,"column":23},"end":{"line":53,"column":98}}]},"2":{"type":"branch","line":53,"loc":{"start":{"line":53,"column":18},"end":{"line":54,"column":47}},"locations":[{"start":{"line":53,"column":18},"end":{"line":54,"column":47}}]},"3":{"type":"branch","line":56,"loc":{"start":{"line":56,"column":14},"end":{"line":56,"column":59}},"locations":[{"start":{"line":56,"column":14},"end":{"line":56,"column":59}}]},"4":{"type":"branch","line":56,"loc":{"start":{"line":56,"column":25},"end":{"line":56,"column":76}},"locations":[{"start":{"line":56,"column":25},"end":{"line":56,"column":76}}]},"5":{"type":"branch","line":60,"loc":{"start":{"line":60,"column":48},"end":{"line":60,"column":97}},"locations":[{"start":{"line":60,"column":48},"end":{"line":60,"column":97}}]},"6":{"type":"branch","line":60,"loc":{"start":{"line":60,"column":61},"end":{"line":60,"column":140}},"locations":[{"start":{"line":60,"column":61},"end":{"line":60,"column":140}}]},"7":{"type":"branch","line":61,"loc":{"start":{"line":61,"column":38},"end":{"line":61,"column":87}},"locations":[{"start":{"line":61,"column":38},"end":{"line":61,"column":87}}]},"8":{"type":"branch","line":61,"loc":{"start":{"line":61,"column":51},"end":{"line":61,"column":120}},"locations":[{"start":{"line":61,"column":51},"end":{"line":61,"column":120}}]},"9":{"type":"branch","line":76,"loc":{"start":{"line":76,"column":23},"end":{"line":77,"column":98}},"locations":[{"start":{"line":76,"column":23},"end":{"line":77,"column":98}}]},"10":{"type":"branch","line":77,"loc":{"start":{"line":77,"column":18},"end":{"line":78,"column":47}},"locations":[{"start":{"line":77,"column":18},"end":{"line":78,"column":47}}]},"11":{"type":"branch","line":80,"loc":{"start":{"line":80,"column":14},"end":{"line":80,"column":59}},"locations":[{"start":{"line":80,"column":14},"end":{"line":80,"column":59}}]},"12":{"type":"branch","line":80,"loc":{"start":{"line":80,"column":25},"end":{"line":80,"column":76}},"locations":[{"start":{"line":80,"column":25},"end":{"line":80,"column":76}}]},"13":{"type":"branch","line":84,"loc":{"start":{"line":84,"column":50},"end":{"line":84,"column":102}},"locations":[{"start":{"line":84,"column":50},"end":{"line":84,"column":102}}]},"14":{"type":"branch","line":84,"loc":{"start":{"line":84,"column":66},"end":{"line":84,"column":145}},"locations":[{"start":{"line":84,"column":66},"end":{"line":84,"column":145}}]},"15":{"type":"branch","line":85,"loc":{"start":{"line":85,"column":38},"end":{"line":85,"column":90}},"locations":[{"start":{"line":85,"column":38},"end":{"line":85,"column":90}}]},"16":{"type":"branch","line":85,"loc":{"start":{"line":85,"column":54},"end":{"line":85,"column":123}},"locations":[{"start":{"line":85,"column":54},"end":{"line":85,"column":123}}]},"17":{"type":"branch","line":100,"loc":{"start":{"line":100,"column":23},"end":{"line":101,"column":98}},"locations":[{"start":{"line":100,"column":23},"end":{"line":101,"column":98}}]},"18":{"type":"branch","line":101,"loc":{"start":{"line":101,"column":18},"end":{"line":102,"column":47}},"locations":[{"start":{"line":101,"column":18},"end":{"line":102,"column":47}}]},"19":{"type":"branch","line":104,"loc":{"start":{"line":104,"column":14},"end":{"line":104,"column":59}},"locations":[{"start":{"line":104,"column":14},"end":{"line":104,"column":59}}]},"20":{"type":"branch","line":104,"loc":{"start":{"line":104,"column":25},"end":{"line":104,"column":76}},"locations":[{"start":{"line":104,"column":25},"end":{"line":104,"column":76}}]},"21":{"type":"branch","line":108,"loc":{"start":{"line":108,"column":48},"end":{"line":108,"column":94}},"locations":[{"start":{"line":108,"column":48},"end":{"line":108,"column":94}}]},"22":{"type":"branch","line":108,"loc":{"start":{"line":108,"column":58},"end":{"line":108,"column":137}},"locations":[{"start":{"line":108,"column":58},"end":{"line":108,"column":137}}]},"23":{"type":"branch","line":109,"loc":{"start":{"line":109,"column":38},"end":{"line":109,"column":84}},"locations":[{"start":{"line":109,"column":38},"end":{"line":109,"column":84}}]},"24":{"type":"branch","line":109,"loc":{"start":{"line":109,"column":48},"end":{"line":109,"column":117}},"locations":[{"start":{"line":109,"column":48},"end":{"line":109,"column":117}}]},"25":{"type":"branch","line":118,"loc":{"start":{"line":118,"column":18},"end":{"line":145,"column":21}},"locations":[{"start":{"line":118,"column":18},"end":{"line":145,"column":21}}]},"26":{"type":"branch","line":145,"loc":{"start":{"line":145,"column":21},"end":{"line":173,"column":11}},"locations":[{"start":{"line":145,"column":21},"end":{"line":173,"column":11}}]},"27":{"type":"branch","line":28,"loc":{"start":{"line":28,"column":12},"end":{"line":36,"column":5}},"locations":[{"start":{"line":28,"column":12},"end":{"line":36,"column":5}}]},"28":{"type":"branch","line":29,"loc":{"start":{"line":29,"column":29},"end":{"line":35,"column":5}},"locations":[{"start":{"line":29,"column":29},"end":{"line":35,"column":5}}]},"29":{"type":"branch","line":31,"loc":{"start":{"line":31,"column":39},"end":{"line":33,"column":11}},"locations":[{"start":{"line":31,"column":39},"end":{"line":33,"column":11}}]},"30":{"type":"branch","line":33,"loc":{"start":{"line":33,"column":4},"end":{"line":35,"column":5}},"locations":[{"start":{"line":33,"column":4},"end":{"line":35,"column":5}}]},"31":{"type":"branch","line":67,"loc":{"start":{"line":67,"column":19},"end":{"line":67,"column":48}},"locations":[{"start":{"line":67,"column":19},"end":{"line":67,"column":48}}]},"32":{"type":"branch","line":91,"loc":{"start":{"line":91,"column":19},"end":{"line":91,"column":42}},"locations":[{"start":{"line":91,"column":19},"end":{"line":91,"column":42}}]},"33":{"type":"branch","line":162,"loc":{"start":{"line":162,"column":24},"end":{"line":162,"column":75}},"locations":[{"start":{"line":162,"column":24},"end":{"line":162,"column":75}}]},"34":{"type":"branch","line":191,"loc":{"start":{"line":191,"column":24},"end":{"line":191,"column":71}},"locations":[{"start":{"line":191,"column":24},"end":{"line":191,"column":71}}]},"35":{"type":"branch","line":219,"loc":{"start":{"line":219,"column":24},"end":{"line":219,"column":82}},"locations":[{"start":{"line":219,"column":24},"end":{"line":219,"column":82}}]}},"b":{"0":[18],"1":[10],"2":[8],"3":[3],"4":[15],"5":[10],"6":[8],"7":[10],"8":[8],"9":[2],"10":[16],"11":[3],"12":[15],"13":[2],"14":[16],"15":[2],"16":[16],"17":[6],"18":[12],"19":[3],"20":[15],"21":[6],"22":[12],"23":[6],"24":[12],"25":[10],"26":[2],"27":[12],"28":[6],"29":[2],"30":[4],"31":[1],"32":[2],"33":[1],"34":[1],"35":[1]},"fnMap":{"0":{"name":"EffectControls","decl":{"start":{"line":20,"column":7},"end":{"line":234,"column":1}},"loc":{"start":{"line":20,"column":7},"end":{"line":234,"column":1}},"line":20},"1":{"name":"onClick","decl":{"start":{"line":43,"column":19},"end":{"line":43,"column":45}},"loc":{"start":{"line":43,"column":19},"end":{"line":43,"column":45}},"line":43},"2":{"name":"onClick","decl":{"start":{"line":67,"column":19},"end":{"line":67,"column":48}},"loc":{"start":{"line":67,"column":19},"end":{"line":67,"column":48}},"line":67},"3":{"name":"onClick","decl":{"start":{"line":91,"column":19},"end":{"line":91,"column":42}},"loc":{"start":{"line":91,"column":19},"end":{"line":91,"column":42}},"line":91},"4":{"name":"onChange","decl":{"start":{"line":135,"column":24},"end":{"line":135,"column":78}},"loc":{"start":{"line":135,"column":24},"end":{"line":135,"column":78}},"line":135},"5":{"name":"onChange","decl":{"start":{"line":162,"column":24},"end":{"line":162,"column":75}},"loc":{"start":{"line":162,"column":24},"end":{"line":162,"column":75}},"line":162},"6":{"name":"onChange","decl":{"start":{"line":191,"column":24},"end":{"line":191,"column":71}},"loc":{"start":{"line":191,"column":24},"end":{"line":191,"column":71}},"line":191},"7":{"name":"onChange","decl":{"start":{"line":219,"column":24},"end":{"line":219,"column":82}},"loc":{"start":{"line":219,"column":24},"end":{"line":219,"column":82}},"line":219}},"f":{"0":18,"1":0,"2":1,"3":2,"4":0,"5":1,"6":1,"7":1}}
,"/home/alegzandr/dev/pitch-songs/src/components/FileUploader.tsx": {"path":"/home/alegzandr/dev/pitch-songs/src/components/FileUploader.tsx","all":false,"statementMap":{"0":{"start":{"line":1,"column":0},"end":{"line":1,"column":36}},"10":{"start":{"line":11,"column":0},"end":{"line":11,"column":30}},"11":{"start":{"line":12,"column":0},"end":{"line":12,"column":15}},"12":{"start":{"line":13,"column":0},"end":{"line":13,"column":14}},"13":{"start":{"line":14,"column":0},"end":{"line":14,"column":14}},"14":{"start":{"line":15,"column":0},"end":{"line":15,"column":14}},"15":{"start":{"line":16,"column":0},"end":{"line":16,"column":14}},"16":{"start":{"line":17,"column":0},"end":{"line":17,"column":14}},"17":{"start":{"line":18,"column":0},"end":{"line":18,"column":2}},"19":{"start":{"line":20,"column":0},"end":{"line":20,"column":87}},"20":{"start":{"line":21,"column":0},"end":{"line":21,"column":33}},"22":{"start":{"line":23,"column":0},"end":{"line":23,"column":33}},"23":{"start":{"line":24,"column":0},"end":{"line":24,"column":45}},"24":{"start":{"line":25,"column":0},"end":{"line":25,"column":25}},"25":{"start":{"line":26,"column":0},"end":{"line":26,"column":43}},"26":{"start":{"line":27,"column":0},"end":{"line":27,"column":61}},"27":{"start":{"line":28,"column":0},"end":{"line":28,"column":27}},"28":{"start":{"line":29,"column":0},"end":{"line":29,"column":7}},"29":{"start":{"line":30,"column":0},"end":{"line":30,"column":6}},"30":{"start":{"line":31,"column":0},"end":{"line":31,"column":18}},"33":{"start":{"line":34,"column":0},"end":{"line":34,"column":38}},"34":{"start":{"line":35,"column":0},"end":{"line":35,"column":49}},"35":{"start":{"line":36,"column":0},"end":{"line":36,"column":39}},"36":{"start":{"line":37,"column":0},"end":{"line":37,"column":17}},"37":{"start":{"line":38,"column":0},"end":{"line":38,"column":27}},"38":{"start":{"line":39,"column":0},"end":{"line":39,"column":28}},"39":{"start":{"line":40,"column":0},"end":{"line":40,"column":7}},"40":{"start":{"line":41,"column":0},"end":{"line":41,"column":6}},"41":{"start":{"line":42,"column":0},"end":{"line":42,"column":18}},"44":{"start":{"line":45,"column":0},"end":{"line":45,"column":78}},"45":{"start":{"line":46,"column":0},"end":{"line":46,"column":23}},"46":{"start":{"line":47,"column":0},"end":{"line":47,"column":9}},"48":{"start":{"line":49,"column":0},"end":{"line":49,"column":10}},"49":{"start":{"line":50,"column":0},"end":{"line":50,"column":8}},"50":{"start":{"line":51,"column":0},"end":{"line":51,"column":25}},"51":{"start":{"line":52,"column":0},"end":{"line":52,"column":33}},"52":{"start":{"line":53,"column":0},"end":{"line":53,"column":26}},"53":{"start":{"line":54,"column":0},"end":{"line":54,"column":19}},"54":{"start":{"line":55,"column":0},"end":{"line":55,"column":36}},"56":{"start":{"line":57,"column":0},"end":{"line":57,"column":12}},"57":{"start":{"line":58,"column":0},"end":{"line":58,"column":19}},"58":{"start":{"line":59,"column":0},"end":{"line":59,"column":77}},"59":{"start":{"line":60,"column":0},"end":{"line":60,"column":34}},"60":{"start":{"line":61,"column":0},"end":{"line":61,"column":26}},"61":{"start":{"line":62,"column":0},"end":{"line":62,"column":23}},"62":{"start":{"line":63,"column":0},"end":{"line":63,"column":28}},"63":{"start":{"line":64,"column":0},"end":{"line":64,"column":39}},"65":{"start":{"line":66,"column":0},"end":{"line":66,"column":12}},"66":{"start":{"line":67,"column":0},"end":{"line":67,"column":28}},"67":{"start":{"line":68,"column":0},"end":{"line":68,"column":20}},"72":{"start":{"line":73,"column":0},"end":{"line":73,"column":142}},"73":{"start":{"line":74,"column":0},"end":{"line":74,"column":71}},"74":{"start":{"line":75,"column":0},"end":{"line":75,"column":10}},"76":{"start":{"line":77,"column":0},"end":{"line":77,"column":58}},"77":{"start":{"line":78,"column":0},"end":{"line":78,"column":27}},"79":{"start":{"line":80,"column":0},"end":{"line":80,"column":21}},"80":{"start":{"line":81,"column":0},"end":{"line":81,"column":108}},"81":{"start":{"line":82,"column":0},"end":{"line":82,"column":70}},"83":{"start":{"line":84,"column":0},"end":{"line":84,"column":32}},"84":{"start":{"line":85,"column":0},"end":{"line":85,"column":24}},"85":{"start":{"line":86,"column":0},"end":{"line":86,"column":56}},"87":{"start":{"line":88,"column":0},"end":{"line":88,"column":79}},"90":{"start":{"line":91,"column":0},"end":{"line":91,"column":39}},"91":{"start":{"line":92,"column":0},"end":{"line":92,"column":88}},"92":{"start":{"line":93,"column":0},"end":{"line":93,"column":36}},"94":{"start":{"line":95,"column":0},"end":{"line":95,"column":84}},"95":{"start":{"line":96,"column":0},"end":{"line":96,"column":30}},"97":{"start":{"line":98,"column":0},"end":{"line":98,"column":83}},"98":{"start":{"line":99,"column":0},"end":{"line":99,"column":34}},"100":{"start":{"line":101,"column":0},"end":{"line":101,"column":84}},"101":{"start":{"line":102,"column":0},"end":{"line":102,"column":35}},"108":{"start":{"line":109,"column":0},"end":{"line":109,"column":1}}},"s":{"0":1,"10":1,"11":1,"12":1,"13":1,"14":1,"15":1,"16":1,"17":1,"19":1,"20":20,"22":20,"23":20,"24":2,"25":2,"26":2,"27":1,"28":1,"29":2,"30":20,"33":20,"34":20,"35":2,"36":2,"37":2,"38":2,"39":2,"40":2,"41":20,"44":20,"45":1,"46":20,"48":20,"49":20,"50":20,"51":20,"52":20,"53":20,"54":20,"56":20,"57":20,"58":20,"59":20,"60":20,"61":20,"62":20,"63":20,"65":20,"66":20,"67":20,"72":20,"73":20,"74":20,"76":20,"77":20,"79":20,"80":12,"81":8,"83":20,"84":20,"85":12,"87":20,"90":20,"91":20,"92":20,"94":20,"95":20,"97":20,"98":20,"100":20,"101":20,"108":20},"branchMap":{"0":{"type":"branch","line":20,"loc":{"start":{"line":20,"column":7},"end":{"line":109,"column":1}},"locations":[{"start":{"line":20,"column":7},"end":{"line":109,"column":1}}]},"1":{"type":"branch","line":73,"loc":{"start":{"line":73,"column":12},"end":{"line":73,"column":72}},"locations":[{"start":{"line":73,"column":12},"end":{"line":73,"column":72}}]},"2":{"type":"branch","line":73,"loc":{"start":{"line":73,"column":22},"end":{"line":73,"column":142}},"locations":[{"start":{"line":73,"column":22},"end":{"line":73,"column":142}}]},"3":{"type":"branch","line":74,"loc":{"start":{"line":74,"column":12},"end":{"line":74,"column":58}},"locations":[{"start":{"line":74,"column":12},"end":{"line":74,"column":58}}]},"4":{"type":"branch","line":74,"loc":{"start":{"line":74,"column":24},"end":{"line":74,"column":71}},"locations":[{"start":{"line":74,"column":24},"end":{"line":74,"column":71}}]},"5":{"type":"branch","line":80,"loc":{"start":{"line":80,"column":14},"end":{"line":81,"column":108}},"locations":[{"start":{"line":80,"column":14},"end":{"line":81,"column":108}}]},"6":{"type":"branch","line":81,"loc":{"start":{"line":81,"column":16},"end":{"line":82,"column":70}},"locations":[{"start":{"line":81,"column":16},"end":{"line":82,"column":70}}]},"7":{"type":"branch","line":85,"loc":{"start":{"line":85,"column":13},"end":{"line":88,"column":15}},"locations":[{"start":{"line":85,"column":13},"end":{"line":88,"column":15}}]},"8":{"type":"branch","line":24,"loc":{"start":{"line":24,"column":4},"end":{"line":30,"column":6}},"locations":[{"start":{"line":24,"column":4},"end":{"line":30,"column":6}}]},"9":{"type":"branch","line":27,"loc":{"start":{"line":27,"column":60},"end":{"line":29,"column":7}},"locations":[{"start":{"line":27,"column":60},"end":{"line":29,"column":7}}]},"10":{"type":"branch","line":35,"loc":{"start":{"line":35,"column":4},"end":{"line":41,"column":6}},"locations":[{"start":{"line":35,"column":4},"end":{"line":41,"column":6}}]},"11":{"type":"branch","line":45,"loc":{"start":{"line":45,"column":37},"end":{"line":47,"column":5}},"locations":[{"start":{"line":45,"column":37},"end":{"line":47,"column":5}}]}},"b":{"0":[20],"1":[12],"2":[8],"3":[2],"4":[18],"5":[12],"6":[8],"7":[12],"8":[2],"9":[1],"10":[2],"11":[1]},"fnMap":{"0":{"name":"FileUploader","decl":{"start":{"line":20,"column":7},"end":{"line":109,"column":1}},"loc":{"start":{"line":20,"column":7},"end":{"line":109,"column":1}},"line":20}},"f":{"0":20}}
,"/home/alegzandr/dev/pitch-songs/src/components/LanguageSelector.tsx": {"path":"/home/alegzandr/dev/pitch-songs/src/components/LanguageSelector.tsx","all":false,"statementMap":{"0":{"start":{"line":1,"column":0},"end":{"line":1,"column":44}},"4":{"start":{"line":5,"column":0},"end":{"line":5,"column":19}},"5":{"start":{"line":6,"column":0},"end":{"line":6,"column":48}},"6":{"start":{"line":7,"column":0},"end":{"line":7,"column":49}},"7":{"start":{"line":8,"column":0},"end":{"line":8,"column":48}},"8":{"start":{"line":9,"column":0},"end":{"line":9,"column":48}},"9":{"start":{"line":10,"column":0},"end":{"line":10,"column":50}},"10":{"start":{"line":11,"column":0},"end":{"line":11,"column":2}},"12":{"start":{"line":13,"column":0},"end":{"line":13,"column":36}},"13":{"start":{"line":14,"column":0},"end":{"line":14,"column":39}},"14":{"start":{"line":15,"column":0},"end":{"line":15,"column":42}},"16":{"start":{"line":17,"column":0},"end":{"line":17,"column":19}},"17":{"start":{"line":18,"column":0},"end":{"line":18,"column":49}},"18":{"start":{"line":19,"column":0},"end":{"line":19,"column":35}},"19":{"start":{"line":20,"column":0},"end":{"line":20,"column":23}},"20":{"start":{"line":21,"column":0},"end":{"line":21,"column":7}},"21":{"start":{"line":22,"column":0},"end":{"line":22,"column":6}},"22":{"start":{"line":23,"column":0},"end":{"line":23,"column":50}},"23":{"start":{"line":24,"column":0},"end":{"line":24,"column":66}},"24":{"start":{"line":25,"column":0},"end":{"line":25,"column":9}},"26":{"start":{"line":27,"column":0},"end":{"line":27,"column":54}},"27":{"start":{"line":28,"column":0},"end":{"line":28,"column":34}},"28":{"start":{"line":29,"column":0},"end":{"line":29,"column":45}},"29":{"start":{"line":30,"column":0},"end":{"line":30,"column":19}},"30":{"start":{"line":31,"column":0},"end":{"line":31,"column":4}},"32":{"start":{"line":33,"column":0},"end":{"line":33,"column":10}},"33":{"start":{"line":34,"column":0},"end":{"line":34,"column":6}},"34":{"start":{"line":35,"column":0},"end":{"line":35,"column":13}},"35":{"start":{"line":36,"column":0},"end":{"line":36,"column":21}},"36":{"start":{"line":37,"column":0},"end":{"line":37,"column":39}},"37":{"start":{"line":38,"column":0},"end":{"line":38,"column":107}},"38":{"start":{"line":39,"column":0},"end":{"line":39,"column":37}},"40":{"start":{"line":41,"column":0},"end":{"line":41,"column":67}},"43":{"start":{"line":44,"column":0},"end":{"line":44,"column":16}},"44":{"start":{"line":45,"column":0},"end":{"line":45,"column":12}},"45":{"start":{"line":46,"column":0},"end":{"line":46,"column":23}},"46":{"start":{"line":47,"column":0},"end":{"line":47,"column":27}},"47":{"start":{"line":48,"column":0},"end":{"line":48,"column":68}},"49":{"start":{"line":50,"column":0},"end":{"line":50,"column":14}},"50":{"start":{"line":51,"column":0},"end":{"line":51,"column":69}},"51":{"start":{"line":52,"column":0},"end":{"line":52,"column":30}},"52":{"start":{"line":53,"column":0},"end":{"line":53,"column":42}},"54":{"start":{"line":55,"column":0},"end":{"line":55,"column":138}},"55":{"start":{"line":56,"column":0},"end":{"line":56,"column":73}},"56":{"start":{"line":57,"column":0},"end":{"line":57,"column":19}},"57":{"start":{"line":58,"column":0},"end":{"line":58,"column":83}},"58":{"start":{"line":59,"column":0},"end":{"line":59,"column":39}},"60":{"start":{"line":61,"column":0},"end":{"line":61,"column":79}},"61":{"start":{"line":62,"column":0},"end":{"line":62,"column":42}},"64":{"start":{"line":65,"column":0},"end":{"line":65,"column":21}},"65":{"start":{"line":66,"column":0},"end":{"line":66,"column":29}},"66":{"start":{"line":67,"column":0},"end":{"line":67,"column":48}},"67":{"start":{"line":68,"column":0},"end":{"line":68,"column":46}},"68":{"start":{"line":69,"column":0},"end":{"line":69,"column":121}},"70":{"start":{"line":71,"column":0},"end":{"line":71,"column":41}},"74":{"start":{"line":75,"column":0},"end":{"line":75,"column":44}},"75":{"start":{"line":76,"column":0},"end":{"line":76,"column":40}},"76":{"start":{"line":77,"column":0},"end":{"line":77,"column":59}},"77":{"start":{"line":78,"column":0},"end":{"line":78,"column":24}},"78":{"start":{"line":79,"column":0},"end":{"line":79,"column":25}},"79":{"start":{"line":80,"column":0},"end":{"line":80,"column":35}},"80":{"start":{"line":81,"column":0},"end":{"line":81,"column":33}},"81":{"start":{"line":82,"column":0},"end":{"line":82,"column":67}},"82":{"start":{"line":83,"column":0},"end":{"line":83,"column":32}},"85":{"start":{"line":86,"column":0},"end":{"line":86,"column":24}},"86":{"start":{"line":87,"column":0},"end":{"line":87,"column":30}},"87":{"start":{"line":88,"column":0},"end":{"line":88,"column":136}},"88":{"start":{"line":89,"column":0},"end":{"line":89,"column":143}},"90":{"start":{"line":91,"column":0},"end":{"line":91,"column":22}},"92":{"start":{"line":93,"column":0},"end":{"line":93,"column":61}},"93":{"start":{"line":94,"column":0},"end":{"line":94,"column":66}},"94":{"start":{"line":95,"column":0},"end":{"line":95,"column":80}},"96":{"start":{"line":97,"column":0},"end":{"line":97,"column":80}},"99":{"start":{"line":100,"column":0},"end":{"line":100,"column":17}},"102":{"start":{"line":103,"column":0},"end":{"line":103,"column":95}},"103":{"start":{"line":104,"column":0},"end":{"line":104,"column":36}},"110":{"start":{"line":111,"column":0},"end":{"line":111,"column":1}}},"s":{"0":1,"4":1,"5":1,"6":1,"7":1,"8":1,"9":1,"10":1,"12":1,"13":19,"14":19,"16":19,"17":11,"18":0,"19":0,"20":0,"21":0,"22":11,"23":11,"24":19,"26":19,"27":1,"28":1,"29":1,"30":1,"32":19,"33":19,"34":19,"35":19,"36":19,"37":19,"38":19,"40":19,"43":19,"44":19,"45":19,"46":19,"47":19,"49":19,"50":19,"51":19,"52":19,"54":19,"55":19,"56":19,"57":19,"58":19,"60":19,"61":19,"64":19,"65":19,"66":19,"67":19,"68":19,"70":19,"74":19,"75":19,"76":5,"77":5,"78":5,"79":5,"80":5,"81":5,"82":5,"85":5,"86":5,"87":1,"88":4,"90":5,"92":5,"93":5,"94":5,"96":5,"99":5,"102":19,"103":19,"110":19},"branchMap":{"0":{"type":"branch","line":13,"loc":{"start":{"line":13,"column":7},"end":{"line":111,"column":1}},"locations":[{"start":{"line":13,"column":7},"end":{"line":111,"column":1}}]},"1":{"type":"branch","line":17,"loc":{"start":{"line":17,"column":12},"end":{"line":25,"column":5}},"locations":[{"start":{"line":17,"column":12},"end":{"line":25,"column":5}}]},"2":{"type":"branch","line":24,"loc":{"start":{"line":24,"column":11},"end":{"line":24,"column":66}},"locations":[{"start":{"line":24,"column":11},"end":{"line":24,"column":66}}]},"3":{"type":"branch","line":27,"loc":{"start":{"line":27,"column":31},"end":{"line":31,"column":4}},"locations":[{"start":{"line":27,"column":31},"end":{"line":31,"column":4}}]},"4":{"type":"branch","line":39,"loc":{"start":{"line":39,"column":17},"end":{"line":39,"column":37}},"locations":[{"start":{"line":39,"column":17},"end":{"line":39,"column":37}}]},"5":{"type":"branch","line":76,"loc":{"start":{"line":76,"column":29},"end":{"line":100,"column":17}},"locations":[{"start":{"line":76,"column":29},"end":{"line":100,"column":17}}]},"6":{"type":"branch","line":87,"loc":{"start":{"line":87,"column":24},"end":{"line":88,"column":136}},"locations":[{"start":{"line":87,"column":24},"end":{"line":88,"column":136}}]},"7":{"type":"branch","line":88,"loc":{"start":{"line":88,"column":28},"end":{"line":89,"column":143}},"locations":[{"start":{"line":88,"column":28},"end":{"line":89,"column":143}}]},"8":{"type":"branch","line":82,"loc":{"start":{"line":82,"column":29},"end":{"line":82,"column":67}},"locations":[{"start":{"line":82,"column":29},"end":{"line":82,"column":67}}]}},"b":{"0":[19],"1":[11],"2":[11],"3":[1],"4":[1],"5":[5],"6":[1],"7":[4],"8":[1]},"fnMap":{"0":{"name":"LanguageSelector","decl":{"start":{"line":13,"column":7},"end":{"line":111,"column":1}},"loc":{"start":{"line":13,"column":7},"end":{"line":111,"column":1}},"line":13},"1":{"name":"handleEsc","decl":{"start":{"line":18,"column":22},"end":{"line":22,"column":6}},"loc":{"start":{"line":18,"column":22},"end":{"line":22,"column":6}},"line":18},"2":{"name":"handleLanguageChange","decl":{"start":{"line":27,"column":31},"end":{"line":31,"column":4}},"loc":{"start":{"line":27,"column":31},"end":{"line":31,"column":4}},"line":27},"3":{"name":"onClick","decl":{"start":{"line":39,"column":17},"end":{"line":39,"column":37}},"loc":{"start":{"line":39,"column":17},"end":{"line":39,"column":37}},"line":39},"4":{"name":"onClick","decl":{"start":{"line":53,"column":21},"end":{"line":53,"column":42}},"loc":{"start":{"line":53,"column":21},"end":{"line":53,"column":42}},"line":53},"5":{"name":"onClick","decl":{"start":{"line":68,"column":25},"end":{"line":68,"column":46}},"loc":{"start":{"line":68,"column":25},"end":{"line":68,"column":46}},"line":68},"6":{"name":"onClick","decl":{"start":{"line":82,"column":29},"end":{"line":82,"column":67}},"loc":{"start":{"line":82,"column":29},"end":{"line":82,"column":67}},"line":82}},"f":{"0":19,"1":0,"2":1,"3":1,"4":0,"5":0,"6":1}}
,"/home/alegzandr/dev/pitch-songs/src/components/PlaybackControls.tsx": {"path":"/home/alegzandr/dev/pitch-songs/src/components/PlaybackControls.tsx","all":false,"statementMap":{"0":{"start":{"line":1,"column":0},"end":{"line":1,"column":47}},"18":{"start":{"line":19,"column":0},"end":{"line":19,"column":34}},"19":{"start":{"line":20,"column":0},"end":{"line":20,"column":12}},"20":{"start":{"line":21,"column":0},"end":{"line":21,"column":9}},"21":{"start":{"line":22,"column":0},"end":{"line":22,"column":9}},"22":{"start":{"line":23,"column":0},"end":{"line":23,"column":10}},"23":{"start":{"line":24,"column":0},"end":{"line":24,"column":11}},"24":{"start":{"line":25,"column":0},"end":{"line":25,"column":9}},"25":{"start":{"line":26,"column":0},"end":{"line":26,"column":17}},"26":{"start":{"line":27,"column":0},"end":{"line":27,"column":11}},"27":{"start":{"line":28,"column":0},"end":{"line":28,"column":15}},"28":{"start":{"line":29,"column":0},"end":{"line":29,"column":12}},"29":{"start":{"line":30,"column":0},"end":{"line":30,"column":15}},"30":{"start":{"line":31,"column":0},"end":{"line":31,"column":11}},"31":{"start":{"line":32,"column":0},"end":{"line":32,"column":27}},"32":{"start":{"line":33,"column":0},"end":{"line":33,"column":33}},"34":{"start":{"line":35,"column":0},"end":{"line":35,"column":10}},"35":{"start":{"line":36,"column":0},"end":{"line":36,"column":31}},"36":{"start":{"line":37,"column":0},"end":{"line":37,"column":45}},"37":{"start":{"line":38,"column":0},"end":{"line":38,"column":74}},"39":{"start":{"line":40,"column":0},"end":{"line":40,"column":17}},"40":{"start":{"line":41,"column":0},"end":{"line":41,"column":49}},"41":{"start":{"line":42,"column":0},"end":{"line":42,"column":44}},"42":{"start":{"line":43,"column":0},"end":{"line":43,"column":77}},"43":{"start":{"line":44,"column":0},"end":{"line":44,"column":24}},"46":{"start":{"line":47,"column":0},"end":{"line":47,"column":16}},"47":{"start":{"line":48,"column":0},"end":{"line":48,"column":37}},"48":{"start":{"line":49,"column":0},"end":{"line":49,"column":195}},"49":{"start":{"line":50,"column":0},"end":{"line":50,"column":125}},"51":{"start":{"line":52,"column":0},"end":{"line":52,"column":14}},"53":{"start":{"line":54,"column":0},"end":{"line":54,"column":26}},"54":{"start":{"line":55,"column":0},"end":{"line":55,"column":16}},"55":{"start":{"line":56,"column":0},"end":{"line":56,"column":64}},"56":{"start":{"line":57,"column":0},"end":{"line":57,"column":37}},"59":{"start":{"line":60,"column":0},"end":{"line":60,"column":16}},"60":{"start":{"line":61,"column":0},"end":{"line":61,"column":63}},"61":{"start":{"line":62,"column":0},"end":{"line":62,"column":36}},"67":{"start":{"line":68,"column":0},"end":{"line":68,"column":17}},"68":{"start":{"line":69,"column":0},"end":{"line":69,"column":30}},"69":{"start":{"line":70,"column":0},"end":{"line":70,"column":61}},"70":{"start":{"line":71,"column":0},"end":{"line":71,"column":86}},"71":{"start":{"line":72,"column":0},"end":{"line":72,"column":24}},"74":{"start":{"line":75,"column":0},"end":{"line":75,"column":16}},"75":{"start":{"line":76,"column":0},"end":{"line":76,"column":55}},"76":{"start":{"line":77,"column":0},"end":{"line":77,"column":195}},"77":{"start":{"line":78,"column":0},"end":{"line":78,"column":125}},"79":{"start":{"line":80,"column":0},"end":{"line":80,"column":14}},"81":{"start":{"line":82,"column":0},"end":{"line":82,"column":63}},"82":{"start":{"line":83,"column":0},"end":{"line":83,"column":75}},"86":{"start":{"line":87,"column":0},"end":{"line":87,"column":17}},"87":{"start":{"line":88,"column":0},"end":{"line":88,"column":29}},"88":{"start":{"line":89,"column":0},"end":{"line":89,"column":31}},"89":{"start":{"line":90,"column":0},"end":{"line":90,"column":52}},"90":{"start":{"line":91,"column":0},"end":{"line":91,"column":24}},"93":{"start":{"line":94,"column":0},"end":{"line":94,"column":16}},"94":{"start":{"line":95,"column":0},"end":{"line":95,"column":25}},"95":{"start":{"line":96,"column":0},"end":{"line":96,"column":182}},"96":{"start":{"line":97,"column":0},"end":{"line":97,"column":106}},"98":{"start":{"line":99,"column":0},"end":{"line":99,"column":14}},"100":{"start":{"line":101,"column":0},"end":{"line":101,"column":64}},"105":{"start":{"line":106,"column":0},"end":{"line":106,"column":22}},"106":{"start":{"line":107,"column":0},"end":{"line":107,"column":80}},"107":{"start":{"line":108,"column":0},"end":{"line":108,"column":53}},"108":{"start":{"line":109,"column":0},"end":{"line":109,"column":118}},"109":{"start":{"line":110,"column":0},"end":{"line":110,"column":95}},"110":{"start":{"line":111,"column":0},"end":{"line":111,"column":20}},"111":{"start":{"line":112,"column":0},"end":{"line":112,"column":34}},"112":{"start":{"line":113,"column":0},"end":{"line":113,"column":28}},"113":{"start":{"line":114,"column":0},"end":{"line":114,"column":23}},"114":{"start":{"line":115,"column":0},"end":{"line":115,"column":23}},"115":{"start":{"line":116,"column":0},"end":{"line":116,"column":27}},"116":{"start":{"line":117,"column":0},"end":{"line":117,"column":30}},"117":{"start":{"line":118,"column":0},"end":{"line":118,"column":76}},"118":{"start":{"line":119,"column":0},"end":{"line":119,"column":84}},"119":{"start":{"line":120,"column":0},"end":{"line":120,"column":152}},"121":{"start":{"line":122,"column":0},"end":{"line":122,"column":117}},"122":{"start":{"line":123,"column":0},"end":{"line":123,"column":43}},"130":{"start":{"line":131,"column":0},"end":{"line":131,"column":1}}},"s":{"0":1,"18":1,"19":17,"20":17,"21":17,"22":17,"23":17,"24":17,"25":17,"26":17,"27":17,"28":17,"29":17,"30":17,"31":17,"32":17,"34":17,"35":17,"36":17,"37":17,"39":17,"40":17,"41":17,"42":17,"43":17,"46":17,"47":17,"48":11,"49":6,"51":17,"53":17,"54":1,"55":1,"56":1,"59":1,"60":17,"61":17,"67":17,"68":17,"69":17,"70":17,"71":17,"74":17,"75":17,"76":9,"77":8,"79":17,"81":17,"82":17,"86":17,"87":17,"88":17,"89":17,"90":17,"93":17,"94":17,"95":14,"96":3,"98":17,"100":17,"105":17,"106":17,"107":17,"108":17,"109":17,"110":17,"111":17,"112":17,"113":17,"114":17,"115":17,"116":17,"117":17,"118":17,"119":17,"121":17,"122":17,"130":17},"branchMap":{"0":{"type":"branch","line":19,"loc":{"start":{"line":19,"column":7},"end":{"line":131,"column":1}},"locations":[{"start":{"line":19,"column":7},"end":{"line":131,"column":1}}]},"1":{"type":"branch","line":41,"loc":{"start":{"line":41,"column":21},"end":{"line":41,"column":42}},"locations":[{"start":{"line":41,"column":21},"end":{"line":41,"column":42}}]},"2":{"type":"branch","line":41,"loc":{"start":{"line":41,"column":33},"end":{"line":41,"column":49}},"locations":[{"start":{"line":41,"column":33},"end":{"line":41,"column":49}}]},"3":{"type":"branch","line":42,"loc":{"start":{"line":42,"column":22},"end":{"line":42,"column":44}},"locations":[{"start":{"line":42,"column":22},"end":{"line":42,"column":44}}]},"4":{"type":"branch","line":43,"loc":{"start":{"line":43,"column":24},"end":{"line":43,"column":58}},"locations":[{"start":{"line":43,"column":24},"end":{"line":43,"column":58}}]},"5":{"type":"branch","line":43,"loc":{"start":{"line":43,"column":38},"end":{"line":43,"column":77}},"locations":[{"start":{"line":43,"column":38},"end":{"line":43,"column":77}}]},"6":{"type":"branch","line":48,"loc":{"start":{"line":48,"column":16},"end":{"line":48,"column":37}},"locations":[{"start":{"line":48,"column":16},"end":{"line":48,"column":37}}]},"7":{"type":"branch","line":48,"loc":{"start":{"line":48,"column":29},"end":{"line":49,"column":195}},"locations":[{"start":{"line":48,"column":29},"end":{"line":49,"column":195}}]},"8":{"type":"branch","line":49,"loc":{"start":{"line":49,"column":20},"end":{"line":50,"column":125}},"locations":[{"start":{"line":49,"column":20},"end":{"line":50,"column":125}}]},"9":{"type":"branch","line":54,"loc":{"start":{"line":54,"column":13},"end":{"line":60,"column":16}},"locations":[{"start":{"line":54,"column":13},"end":{"line":60,"column":16}}]},"10":{"type":"branch","line":70,"loc":{"start":{"line":70,"column":22},"end":{"line":70,"column":48}},"locations":[{"start":{"line":70,"column":22},"end":{"line":70,"column":48}}]},"11":{"type":"branch","line":70,"loc":{"start":{"line":70,"column":35},"end":{"line":70,"column":61}},"locations":[{"start":{"line":70,"column":35},"end":{"line":70,"column":61}}]},"12":{"type":"branch","line":71,"loc":{"start":{"line":71,"column":24},"end":{"line":71,"column":65}},"locations":[{"start":{"line":71,"column":24},"end":{"line":71,"column":65}}]},"13":{"type":"branch","line":71,"loc":{"start":{"line":71,"column":41},"end":{"line":71,"column":86}},"locations":[{"start":{"line":71,"column":41},"end":{"line":71,"column":86}}]},"14":{"type":"branch","line":76,"loc":{"start":{"line":76,"column":16},"end":{"line":76,"column":42}},"locations":[{"start":{"line":76,"column":16},"end":{"line":76,"column":42}}]},"15":{"type":"branch","line":76,"loc":{"start":{"line":76,"column":30},"end":{"line":76,"column":55}},"locations":[{"start":{"line":76,"column":30},"end":{"line":76,"column":55}}]},"16":{"type":"branch","line":76,"loc":{"start":{"line":76,"column":43},"end":{"line":77,"column":195}},"locations":[{"start":{"line":76,"column":43},"end":{"line":77,"column":195}}]},"17":{"type":"branch","line":77,"loc":{"start":{"line":77,"column":20},"end":{"line":78,"column":125}},"locations":[{"start":{"line":77,"column":20},"end":{"line":78,"column":125}}]},"18":{"type":"branch","line":83,"loc":{"start":{"line":83,"column":13},"end":{"line":83,"column":54}},"locations":[{"start":{"line":83,"column":13},"end":{"line":83,"column":54}}]},"19":{"type":"branch","line":83,"loc":{"start":{"line":83,"column":30},"end":{"line":83,"column":75}},"locations":[{"start":{"line":83,"column":30},"end":{"line":83,"column":75}}]},"20":{"type":"branch","line":95,"loc":{"start":{"line":95,"column":17},"end":{"line":96,"column":182}},"locations":[{"start":{"line":95,"column":17},"end":{"line":96,"column":182}}]},"21":{"type":"branch","line":96,"loc":{"start":{"line":96,"column":20},"end":{"line":97,"column":106}},"locations":[{"start":{"line":96,"column":20},"end":{"line":97,"column":106}}]},"22":{"type":"branch","line":118,"loc":{"start":{"line":118,"column":26},"end":{"line":118,"column":76}},"locations":[{"start":{"line":118,"column":26},"end":{"line":118,"column":76}}]}},"b":{"0":[17],"1":[1],"2":[16],"3":[14],"4":[1],"5":[16],"6":[12],"7":[11],"8":[6],"9":[1],"10":[14],"11":[9],"12":[2],"13":[15],"14":[10],"15":[9],"16":[9],"17":[8],"18":[2],"19":[15],"20":[14],"21":[3],"22":[1]},"fnMap":{"0":{"name":"PlaybackControls","decl":{"start":{"line":19,"column":7},"end":{"line":131,"column":1}},"loc":{"start":{"line":19,"column":7},"end":{"line":131,"column":1}},"line":19},"1":{"name":"onChange","decl":{"start":{"line":118,"column":26},"end":{"line":118,"column":76}},"loc":{"start":{"line":118,"column":26},"end":{"line":118,"column":76}},"line":118}},"f":{"0":17,"1":1}}
[...]
":{"line":109,"column":33}},"109":{"start":{"line":110,"column":0},"end":{"line":110,"column":18}},"110":{"start":{"line":111,"column":0},"end":{"line":111,"column":27}},"111":{"start":{"line":112,"column":0},"end":{"line":112,"column":42}},"112":{"start":{"line":113,"column":0},"end":{"line":113,"column":78}},"113":{"start":{"line":114,"column":0},"end":{"line":114,"column":64}},"115":{"start":{"line":116,"column":0},"end":{"line":116,"column":51}},"116":{"start":{"line":117,"column":0},"end":{"line":117,"column":58}},"117":{"start":{"line":118,"column":0},"end":{"line":118,"column":40}},"118":{"start":{"line":119,"column":0},"end":{"line":119,"column":46}},"119":{"start":{"line":120,"column":0},"end":{"line":120,"column":59}},"120":{"start":{"line":121,"column":0},"end":{"line":121,"column":57}},"121":{"start":{"line":122,"column":0},"end":{"line":122,"column":7}},"122":{"start":{"line":123,"column":0},"end":{"line":123,"column":5}},"124":{"start":{"line":125,"column":0},"end":{"line":125,"column":19}},"125":{"start":{"line":126,"column":0},"end":{"line":126,"column":3}},"127":{"start":{"line":128,"column":0},"end":{"line":128,"column":67}},"128":{"start":{"line":129,"column":0},"end":{"line":129,"column":58}},"129":{"start":{"line":130,"column":0},"end":{"line":130,"column":61}},"130":{"start":{"line":131,"column":0},"end":{"line":131,"column":48}},"131":{"start":{"line":132,"column":0},"end":{"line":132,"column":38}},"132":{"start":{"line":133,"column":0},"end":{"line":133,"column":40}},"133":{"start":{"line":134,"column":0},"end":{"line":134,"column":19}},"134":{"start":{"line":135,"column":0},"end":{"line":135,"column":16}},"136":{"start":{"line":137,"column":0},"end":{"line":137,"column":23}},"137":{"start":{"line":138,"column":0},"end":{"line":138,"column":41}},"138":{"start":{"line":139,"column":0},"end":{"line":139,"column":38}},"139":{"start":{"line":140,"column":0},"end":{"line":140,"column":15}},"140":{"start":{"line":141,"column":0},"end":{"line":141,"column":6}},"142":{"start":{"line":143,"column":0},"end":{"line":143,"column":41}},"143":{"start":{"line":144,"column":0},"end":{"line":144,"column":38}},"144":{"start":{"line":145,"column":0},"end":{"line":145,"column":15}},"145":{"start":{"line":146,"column":0},"end":{"line":146,"column":6}},"147":{"start":{"line":148,"column":0},"end":{"line":148,"column":30}},"148":{"start":{"line":149,"column":0},"end":{"line":149,"column":26}},"149":{"start":{"line":150,"column":0},"end":{"line":150,"column":27}},"150":{"start":{"line":151,"column":0},"end":{"line":151,"column":26}},"152":{"start":{"line":153,"column":0},"end":{"line":153,"column":23}},"153":{"start":{"line":154,"column":0},"end":{"line":154,"column":26}},"154":{"start":{"line":155,"column":0},"end":{"line":155,"column":18}},"155":{"start":{"line":156,"column":0},"end":{"line":156,"column":17}},"156":{"start":{"line":157,"column":0},"end":{"line":157,"column":32}},"157":{"start":{"line":158,"column":0},"end":{"line":158,"column":38}},"158":{"start":{"line":159,"column":0},"end":{"line":159,"column":61}},"159":{"start":{"line":160,"column":0},"end":{"line":160,"column":36}},"160":{"start":{"line":161,"column":0},"end":{"line":161,"column":18}},"162":{"start":{"line":163,"column":0},"end":{"line":163,"column":23}},"163":{"start":{"line":164,"column":0},"end":{"line":164,"column":26}},"164":{"start":{"line":165,"column":0},"end":{"line":165,"column":22}},"166":{"start":{"line":167,"column":0},"end":{"line":167,"column":29}},"167":{"start":{"line":168,"column":0},"end":{"line":168,"column":48}},"168":{"start":{"line":169,"column":0},"end":{"line":169,"column":51}},"169":{"start":{"line":170,"column":0},"end":{"line":170,"column":5}},"171":{"start":{"line":172,"column":0},"end":{"line":172,"column":37}},"172":{"start":{"line":173,"column":0},"end":{"line":173,"column":50}},"173":{"start":{"line":174,"column":0},"end":{"line":174,"column":68}},"174":{"start":{"line":175,"column":0},"end":{"line":175,"column":64}},"175":{"start":{"line":176,"column":0},"end":{"line":176,"column":41}},"176":{"start":{"line":177,"column":0},"end":{"line":177,"column":17}},"177":{"start":{"line":178,"column":0},"end":{"line":178,"column":7}},"178":{"start":{"line":179,"column":0},"end":{"line":179,"column":15}},"179":{"start":{"line":180,"column":0},"end":{"line":180,"column":5}},"181":{"start":{"line":182,"column":0},"end":{"line":182,"column":53}},"182":{"start":{"line":183,"column":0},"end":{"line":183,"column":3}},"184":{"start":{"line":185,"column":0},"end":{"line":185,"column":35}},"185":{"start":{"line":186,"column":0},"end":{"line":186,"column":29}},"186":{"start":{"line":187,"column":0},"end":{"line":187,"column":3}},"188":{"start":{"line":189,"column":0},"end":{"line":189,"column":40}},"189":{"start":{"line":190,"column":0},"end":{"line":190,"column":28}},"190":{"start":{"line":191,"column":0},"end":{"line":191,"column":3}},"191":{"start":{"line":192,"column":0},"end":{"line":192,"column":1}},"193":{"start":{"line":194,"column":0},"end":{"line":194,"column":51}}},"s":{"0":1,"8":1,"9":1,"10":1,"12":1,"13":9,"14":9,"16":1,"17":1,"18":1,"19":1,"20":1,"22":1,"23":5,"24":1,"25":1,"27":4,"29":4,"30":4,"31":4,"32":4,"33":4,"36":4,"37":4,"38":4,"39":4,"41":4,"43":4,"44":5,"45":1,"46":1,"47":1,"48":1,"51":1,"52":1,"54":1,"55":1,"57":1,"58":1,"59":1,"61":1,"62":1,"63":1,"65":1,"66":1,"68":4,"69":5,"70":3,"71":3,"72":3,"73":3,"74":3,"75":3,"77":3,"78":3,"79":3,"81":3,"82":6,"83":6,"85":6,"86":24,"87":12,"88":12,"89":12,"90":24,"91":24,"92":24,"93":6,"94":3,"96":3,"97":3,"98":5,"99":1,"100":1,"102":4,"104":4,"105":4,"107":1,"108":2,"109":2,"110":2,"111":2,"112":2,"113":2,"115":2,"116":4,"117":4,"118":350760,"119":350760,"120":350760,"121":350760,"122":4,"124":2,"125":2,"127":1,"128":1,"129":1,"130":1,"131":1,"132":1,"133":1,"134":1,"136":1,"137":1,"138":4,"139":4,"140":4,"142":1,"143":9,"144":9,"145":9,"147":1,"148":1,"149":1,"150":1,"152":1,"153":1,"154":1,"155":1,"156":1,"157":1,"158":1,"159":1,"160":1,"162":1,"163":1,"164":1,"166":1,"167":1,"168":1,"169":1,"171":1,"172":2,"173":2,"174":2,"175":2,"176":2,"177":2,"178":2,"179":2,"181":1,"182":1,"184":1,"185":1,"186":1,"188":1,"189":1,"190":1,"191":1,"193":1},"branchMap":{"0":{"type":"branch","line":17,"loc":{"start":{"line":17,"column":2},"end":{"line":21,"column":3}},"locations":[{"start":{"line":17,"column":2},"end":{"line":21,"column":3}}]},"1":{"type":"branch","line":23,"loc":{"start":{"line":23,"column":2},"end":{"line":106,"column":3}},"locations":[{"start":{"line":23,"column":2},"end":{"line":106,"column":3}}]},"2":{"type":"branch","line":24,"loc":{"start":{"line":24,"column":27},"end":{"line":26,"column":5}},"locations":[{"start":{"line":24,"column":27},"end":{"line":26,"column":5}}]},"3":{"type":"branch","line":26,"loc":{"start":{"line":26,"column":4},"end":{"line":45,"column":26}},"locations":[{"start":{"line":26,"column":4},"end":{"line":45,"column":26}}]},"4":{"type":"branch","line":45,"loc":{"start":{"line":45,"column":26},"end":{"line":67,"column":5}},"locations":[{"start":{"line":45,"column":26},"end":{"line":67,"column":5}}]},"5":{"type":"branch","line":67,"loc":{"start":{"line":67,"column":4},"end":{"line":70,"column":20}},"locations":[{"start":{"line":67,"column":4},"end":{"line":70,"column":20}}]},"6":{"type":"branch","line":70,"loc":{"start":{"line":70,"column":8},"end":{"line":70,"column":41}},"locations":[{"start":{"line":70,"column":8},"end":{"line":70,"column":41}}]},"7":{"type":"branch","line":70,"loc":{"start":{"line":70,"column":41},"end":{"line":99,"column":11}},"locations":[{"start":{"line":70,"column":41},"end":{"line":99,"column":11}}]},"8":{"type":"branch","line":73,"loc":{"start":{"line":73,"column":20},"end":{"line":73,"column":72}},"locations":[{"start":{"line":73,"column":20},"end":{"line":73,"column":72}}]},"9":{"type":"branch","line":73,"loc":{"start":{"line":73,"column":66},"end":{"line":73,"column":91}},"locations":[{"start":{"line":73,"column":66},"end":{"line":73,"column":91}}]},"10":{"type":"branch","line":74,"loc":{"start":{"line":74,"column":40},"end":{"line":74,"column":66}},"locations":[{"start":{"line":74,"column":40},"end":{"line":74,"column":66}}]},"11":{"type":"branch","line":99,"loc":{"start":{"line":99,"column":4},"end":{"line":101,"column":5}},"locations":[{"start":{"line":99,"column":4},"end":{"line":101,"column":5}}]},"12":{"type":"branch","line":101,"loc":{"start":{"line":101,"column":4},"end":{"line":106,"column":3}},"locations":[{"start":{"line":101,"column":4},"end":{"line":106,"column":3}}]},"13":{"type":"branch","line":75,"loc":{"start":{"line":75,"column":63},"end":{"line":75,"column":72}},"locations":[{"start":{"line":75,"column":63},"end":{"line":75,"column":72}}]},"14":{"type":"branch","line":76,"loc":{"start":{"line":76,"column":58},"end":{"line":76,"column":67}},"locations":[{"start":{"line":76,"column":58},"end":{"line":76,"column":67}}]},"15":{"type":"branch","line":78,"loc":{"start":{"line":78,"column":39},"end":{"line":95,"column":8}},"locations":[{"start":{"line":78,"column":39},"end":{"line":95,"column":8}}]},"16":{"type":"branch","line":82,"loc":{"start":{"line":82,"column":82},"end":{"line":94,"column":9}},"locations":[{"start":{"line":82,"column":82},"end":{"line":94,"column":9}}]},"17":{"type":"branch","line":86,"loc":{"start":{"line":86,"column":70},"end":{"line":93,"column":11}},"locations":[{"start":{"line":86,"column":70},"end":{"line":93,"column":11}}]},"18":{"type":"branch","line":87,"loc":{"start":{"line":87,"column":55},"end":{"line":90,"column":13}},"locations":[{"start":{"line":87,"column":55},"end":{"line":90,"column":13}}]},"19":{"type":"branch","line":108,"loc":{"start":{"line":108,"column":2},"end":{"line":126,"column":3}},"locations":[{"start":{"line":108,"column":2},"end":{"line":126,"column":3}}]},"20":{"type":"branch","line":116,"loc":{"start":{"line":116,"column":50},"end":{"line":123,"column":5}},"locations":[{"start":{"line":116,"column":50},"end":{"line":123,"column":5}}]},"21":{"type":"branch","line":118,"loc":{"start":{"line":118,"column":39},"end":{"line":122,"column":7}},"locations":[{"start":{"line":118,"column":39},"end":{"line":122,"column":7}}]},"22":{"type":"branch","line":128,"loc":{"start":{"line":128,"column":2},"end":{"line":183,"column":3}},"locations":[{"start":{"line":128,"column":2},"end":{"line":183,"column":3}}]},"23":{"type":"branch","line":172,"loc":{"start":{"line":172,"column":36},"end":{"line":180,"column":5}},"locations":[{"start":{"line":172,"column":36},"end":{"line":180,"column":5}}]},"24":{"type":"branch","line":175,"loc":{"start":{"line":175,"column":26},"end":{"line":175,"column":48}},"locations":[{"start":{"line":175,"column":26},"end":{"line":175,"column":48}}]},"25":{"type":"branch","line":175,"loc":{"start":{"line":175,"column":39},"end":{"line":175,"column":64}},"locations":[{"start":{"line":175,"column":39},"end":{"line":175,"column":64}}]},"26":{"type":"branch","line":138,"loc":{"start":{"line":138,"column":22},"end":{"line":141,"column":6}},"locations":[{"start":{"line":138,"column":22},"end":{"line":141,"column":6}}]},"27":{"type":"branch","line":143,"loc":{"start":{"line":143,"column":22},"end":{"line":146,"column":6}},"locations":[{"start":{"line":143,"column":22},"end":{"line":146,"column":6}}]},"28":{"type":"branch","line":185,"loc":{"start":{"line":185,"column":2},"end":{"line":187,"column":3}},"locations":[{"start":{"line":185,"column":2},"end":{"line":187,"column":3}}]},"29":{"type":"branch","line":189,"loc":{"start":{"line":189,"column":2},"end":{"line":191,"column":3}},"locations":[{"start":{"line":189,"column":2},"end":{"line":191,"column":3}}]},"30":{"type":"branch","line":13,"loc":{"start":{"line":13,"column":2},"end":{"line":15,"column":3}},"locations":[{"start":{"line":13,"column":2},"end":{"line":15,"column":3}}]}},"b":{"0":[1],"1":[5],"2":[1],"3":[4],"4":[1],"5":[4],"6":[2],"7":[3],"8":[2],"9":[1],"10":[1],"11":[1],"12":[4],"13":[6],"14":[6],"15":[3],"16":[6],"17":[24],"18":[12],"19":[2],"20":[4],"21":[350760],"22":[1],"23":[2],"24":[1],"25":[1],"26":[4],"27":[9],"28":[1],"29":[1],"30":[9]},"fnMap":{"0":{"name":"loadAudioFile","decl":{"start":{"line":17,"column":2},"end":{"line":21,"column":3}},"loc":{"start":{"line":17,"column":2},"end":{"line":21,"column":3}},"line":17},"1":{"name":"processAudio","decl":{"start":{"line":23,"column":2},"end":{"line":106,"column":3}},"loc":{"start":{"line":23,"column":2},"end":{"line":106,"column":3}},"line":23},"2":{"name":"scriptProcessor.onaudioprocess","decl":{"start":{"line":78,"column":39},"end":{"line":95,"column":8}},"loc":{"start":{"line":78,"column":39},"end":{"line":95,"column":8}},"line":78},"3":{"name":"createReverbImpulse","decl":{"start":{"line":108,"column":2},"end":{"line":126,"column":3}},"loc":{"start":{"line":108,"column":2},"end":{"line":126,"column":3}},"line":108},"4":{"name":"audioBufferToWav","decl":{"start":{"line":128,"column":2},"end":{"line":183,"column":3}},"loc":{"start":{"line":128,"column":2},"end":{"line":183,"column":3}},"line":128},"5":{"name":"setUint16","decl":{"start":{"line":138,"column":22},"end":{"line":141,"column":6}},"loc":{"start":{"line":138,"column":22},"end":{"line":141,"column":6}},"line":138},"6":{"name":"setUint32","decl":{"start":{"line":143,"column":22},"end":{"line":146,"column":6}},"loc":{"start":{"line":143,"column":22},"end":{"line":146,"column":6}},"line":143},"7":{"name":"getAudioContext","decl":{"start":{"line":185,"column":2},"end":{"line":187,"column":3}},"loc":{"start":{"line":185,"column":2},"end":{"line":187,"column":3}},"line":185},"8":{"name":"getAudioBuffer","decl":{"start":{"line":189,"column":2},"end":{"line":191,"column":3}},"loc":{"start":{"line":189,"column":2},"end":{"line":191,"column":3}},"line":189},"9":{"name":"AudioProcessor","decl":{"start":{"line":13,"column":2},"end":{"line":15,"column":3}},"loc":{"start":{"line":13,"column":2},"end":{"line":15,"column":3}},"line":13}},"f":{"0":1,"1":5,"2":3,"3":2,"4":1,"5":4,"6":9,"7":1,"8":1,"9":9}}
,"/home/alegzandr/dev/pitch-songs/src/utils/mp3Encoder.ts": {"path":"/home/alegzandr/dev/pitch-songs/src/utils/mp3Encoder.ts","all":false,"statementMap":{"0":{"start":{"line":1,"column":0},"end":{"line":1,"column":49}},"2":{"start":{"line":3,"column":0},"end":{"line":3,"column":39}},"3":{"start":{"line":4,"column":0},"end":{"line":4,"column":27}},"4":{"start":{"line":5,"column":0},"end":{"line":5,"column":23}},"6":{"start":{"line":7,"column":0},"end":{"line":7,"column":48}},"7":{"start":{"line":8,"column":0},"end":{"line":8,"column":44}},"8":{"start":{"line":9,"column":0},"end":{"line":9,"column":37}},"10":{"start":{"line":11,"column":0},"end":{"line":11,"column":33}},"11":{"start":{"line":12,"column":0},"end":{"line":12,"column":39}},"12":{"start":{"line":13,"column":0},"end":{"line":13,"column":62}},"14":{"start":{"line":15,"column":0},"end":{"line":15,"column":49}},"15":{"start":{"line":16,"column":0},"end":{"line":16,"column":37}},"16":{"start":{"line":17,"column":0},"end":{"line":17,"column":62}},"17":{"start":{"line":18,"column":0},"end":{"line":18,"column":3}},"19":{"start":{"line":20,"column":0},"end":{"line":20,"column":30}},"20":{"start":{"line":21,"column":0},"end":{"line":21,"column":52}},"21":{"start":{"line":22,"column":0},"end":{"line":22,"column":39}},"22":{"start":{"line":23,"column":0},"end":{"line":23,"column":66}},"23":{"start":{"line":24,"column":0},"end":{"line":24,"column":5}},"24":{"start":{"line":25,"column":0},"end":{"line":25,"column":3}},"26":{"start":{"line":27,"column":0},"end":{"line":27,"column":18}},"27":{"start":{"line":28,"column":0},"end":{"line":28,"column":67}},"28":{"start":{"line":29,"column":0},"end":{"line":29,"column":35}},"30":{"start":{"line":31,"column":0},"end":{"line":31,"column":31}},"31":{"start":{"line":32,"column":0},"end":{"line":32,"column":54}},"32":{"start":{"line":33,"column":0},"end":{"line":33,"column":60}},"33":{"start":{"line":34,"column":0},"end":{"line":34,"column":82}},"34":{"start":{"line":35,"column":0},"end":{"line":35,"column":66}},"35":{"start":{"line":36,"column":0},"end":{"line":36,"column":28}},"36":{"start":{"line":37,"column":0},"end":{"line":37,"column":43}},"37":{"start":{"line":38,"column":0},"end":{"line":38,"column":5}},"38":{"start":{"line":39,"column":0},"end":{"line":39,"column":3}},"40":{"start":{"line":41,"column":0},"end":{"line":41,"column":36}},"41":{"start":{"line":42,"column":0},"end":{"line":42,"column":26}},"42":{"start":{"line":43,"column":0},"end":{"line":43,"column":41}},"43":{"start":{"line":44,"column":0},"end":{"line":44,"column":3}},"45":{"start":{"line":46,"column":0},"end":{"line":46,"column":64}},"46":{"start":{"line":47,"column":0},"end":{"line":47,"column":1}},"48":{"start":{"line":49,"column":0},"end":{"line":49,"column":66}},"49":{"start":{"line":50,"column":0},"end":{"line":50,"column":40}},"50":{"start":{"line":51,"column":0},"end":{"line":51,"column":43}},"51":{"start":{"line":52,"column":0},"end":{"line":52,"column":18}},"52":{"start":{"line":53,"column":0},"end":{"line":53,"column":27}},"53":{"start":{"line":54,"column":0},"end":{"line":54,"column":34}},"54":{"start":{"line":55,"column":0},"end":{"line":55,"column":15}},"55":{"start":{"line":56,"column":0},"end":{"line":56,"column":34}},"56":{"start":{"line":57,"column":0},"end":{"line":57,"column":27}},"57":{"start":{"line":58,"column":0},"end":{"line":58,"column":1}}},"s":{"0":1,"2":1,"3":2,"4":2,"6":2,"7":2,"8":2,"10":2,"11":2,"12":2,"14":2,"15":2,"16":6,"17":6,"19":2,"20":1,"21":1,"22":3,"23":3,"24":1,"26":2,"27":2,"28":2,"30":2,"31":2,"32":2,"33":2,"34":2,"35":2,"36":2,"37":2,"38":2,"40":2,"41":2,"42":2,"43":2,"45":2,"46":2,"48":1,"49":1,"50":1,"51":1,"52":1,"53":1,"54":1,"55":1,"56":1,"57":1},"branchMap":{"0":{"type":"branch","line":3,"loc":{"start":{"line":3,"column":7},"end":{"line":47,"column":1}},"locations":[{"start":{"line":3,"column":7},"end":{"line":47,"column":1}}]},"1":{"type":"branch","line":13,"loc":{"start":{"line":13,"column":27},"end":{"line":13,"column":57}},"locations":[{"start":{"line":13,"column":27},"end":{"line":13,"column":57}}]},"2":{"type":"branch","line":13,"loc":{"start":{"line":13,"column":46},"end":{"line":13,"column":62}},"locations":[{"start":{"line":13,"column":46},"end":{"line":13,"column":62}}]},"3":{"type":"branch","line":16,"loc":{"start":{"line":16,"column":36},"end":{"line":18,"column":3}},"locations":[{"start":{"line":16,"column":36},"end":{"line":18,"column":3}}]},"4":{"type":"branch","line":20,"loc":{"start":{"line":20,"column":6},"end":{"line":20,"column":29}},"locations":[{"start":{"line":20,"column":6},"end":{"line":20,"column":29}}]},"5":{"type":"branch","line":20,"loc":{"start":{"line":20,"column":29},"end":{"line":25,"column":3}},"locations":[{"start":{"line":20,"column":29},"end":{"line":25,"column":3}}]},"6":{"type":"branch","line":22,"loc":{"start":{"line":22,"column":38},"end":{"line":24,"column":5}},"locations":[{"start":{"line":22,"column":38},"end":{"line":24,"column":5}}]},"7":{"type":"branch","line":34,"loc":{"start":{"line":34,"column":23},"end":{"line":34,"column":72}},"locations":[{"start":{"line":34,"column":23},"end":{"line":34,"column":72}}]},"8":{"type":"branch","line":34,"loc":{"start":{"line":34,"column":53},"end":{"line":34,"column":82}},"locations":[{"start":{"line":34,"column":53},"end":{"line":34,"column":82}}]},"9":{"type":"branch","line":49,"loc":{"start":{"line":49,"column":7},"end":{"line":58,"column":1}},"locations":[{"start":{"line":49,"column":7},"end":{"line":58,"column":1}}]}},"b":{"0":[2],"1":[1],"2":[1],"3":[6],"4":[1],"5":[1],"6":[3],"7":[1],"8":[1],"9":[1]},"fnMap":{"0":{"name":"audioBufferToMp3","decl":{"start":{"line":3,"column":7},"end":{"line":47,"column":1}},"loc":{"start":{"line":3,"column":7},"end":{"line":47,"column":1}},"line":3},"1":{"name":"downloadBlob","decl":{"start":{"line":49,"column":7},"end":{"line":58,"column":1}},"loc":{"start":{"line":49,"column":7},"end":{"line":58,"column":1}},"line":49}},"f":{"0":2,"1":1}}
}
